ARM GAS  /var/folders/gv/t2w3mcd17yl2fynvjl120d0m0000gn/T//ccsT2mHN.s 			page 1


   1              		.cpu cortex-m4
   2              		.arch armv7e-m
   3              		.fpu fpv4-sp-d16
   4              		.eabi_attribute 27, 1
   5              		.eabi_attribute 28, 1
   6              		.eabi_attribute 20, 1
   7              		.eabi_attribute 21, 1
   8              		.eabi_attribute 23, 3
   9              		.eabi_attribute 24, 1
  10              		.eabi_attribute 25, 1
  11              		.eabi_attribute 26, 1
  12              		.eabi_attribute 30, 1
  13              		.eabi_attribute 34, 1
  14              		.eabi_attribute 18, 4
  15              		.file	"diskio.c"
  16              		.text
  17              	.Ltext0:
  18              		.cfi_sections	.debug_frame
  19              		.file 1 "Middlewares/Third_Party/FatFs/src/diskio.c"
  20              		.section	.text.disk_status,"ax",%progbits
  21              		.align	1
  22              		.global	disk_status
  23              		.syntax unified
  24              		.thumb
  25              		.thumb_func
  27              	disk_status:
  28              	.LVL0:
  29              	.LFB228:
   1:Middlewares/Third_Party/FatFs/src/diskio.c **** /*-----------------------------------------------------------------------*/
   2:Middlewares/Third_Party/FatFs/src/diskio.c **** /* Low level disk I/O module skeleton for FatFs     (C)ChaN, 2017        */
   3:Middlewares/Third_Party/FatFs/src/diskio.c **** /*                                                                       */
   4:Middlewares/Third_Party/FatFs/src/diskio.c **** /*   Portions COPYRIGHT 2017 STMicroelectronics                          */
   5:Middlewares/Third_Party/FatFs/src/diskio.c **** /*   Portions Copyright (C) 2017, ChaN, all right reserved               */
   6:Middlewares/Third_Party/FatFs/src/diskio.c **** /*-----------------------------------------------------------------------*/
   7:Middlewares/Third_Party/FatFs/src/diskio.c **** /* If a working storage control module is available, it should be        */
   8:Middlewares/Third_Party/FatFs/src/diskio.c **** /* attached to the FatFs via a glue function rather than modifying it.   */
   9:Middlewares/Third_Party/FatFs/src/diskio.c **** /* This is an example of glue functions to attach various existing      */
  10:Middlewares/Third_Party/FatFs/src/diskio.c **** /* storage control modules to the FatFs module with a defined API.       */
  11:Middlewares/Third_Party/FatFs/src/diskio.c **** /*-----------------------------------------------------------------------*/
  12:Middlewares/Third_Party/FatFs/src/diskio.c **** 
  13:Middlewares/Third_Party/FatFs/src/diskio.c **** /* Includes ------------------------------------------------------------------*/
  14:Middlewares/Third_Party/FatFs/src/diskio.c **** #include "diskio.h"
  15:Middlewares/Third_Party/FatFs/src/diskio.c **** #include "ff_gen_drv.h"
  16:Middlewares/Third_Party/FatFs/src/diskio.c **** 
  17:Middlewares/Third_Party/FatFs/src/diskio.c **** #if defined ( __GNUC__ )
  18:Middlewares/Third_Party/FatFs/src/diskio.c **** #ifndef __weak
  19:Middlewares/Third_Party/FatFs/src/diskio.c **** #define __weak __attribute__((weak))
  20:Middlewares/Third_Party/FatFs/src/diskio.c **** #endif
  21:Middlewares/Third_Party/FatFs/src/diskio.c **** #endif
  22:Middlewares/Third_Party/FatFs/src/diskio.c **** 
  23:Middlewares/Third_Party/FatFs/src/diskio.c **** /* Private typedef -----------------------------------------------------------*/
  24:Middlewares/Third_Party/FatFs/src/diskio.c **** /* Private define ------------------------------------------------------------*/
  25:Middlewares/Third_Party/FatFs/src/diskio.c **** /* Private variables ---------------------------------------------------------*/
  26:Middlewares/Third_Party/FatFs/src/diskio.c **** extern Disk_drvTypeDef  disk;
  27:Middlewares/Third_Party/FatFs/src/diskio.c **** 
  28:Middlewares/Third_Party/FatFs/src/diskio.c **** /* Private function prototypes -----------------------------------------------*/
  29:Middlewares/Third_Party/FatFs/src/diskio.c **** /* Private functions ---------------------------------------------------------*/
ARM GAS  /var/folders/gv/t2w3mcd17yl2fynvjl120d0m0000gn/T//ccsT2mHN.s 			page 2


  30:Middlewares/Third_Party/FatFs/src/diskio.c **** 
  31:Middlewares/Third_Party/FatFs/src/diskio.c **** /**
  32:Middlewares/Third_Party/FatFs/src/diskio.c ****   * @brief  Gets Disk Status
  33:Middlewares/Third_Party/FatFs/src/diskio.c ****   * @param  pdrv: Physical drive number (0..)
  34:Middlewares/Third_Party/FatFs/src/diskio.c ****   * @retval DSTATUS: Operation status
  35:Middlewares/Third_Party/FatFs/src/diskio.c ****   */
  36:Middlewares/Third_Party/FatFs/src/diskio.c **** DSTATUS disk_status (
  37:Middlewares/Third_Party/FatFs/src/diskio.c **** 	BYTE pdrv		/* Physical drive number to identify the drive */
  38:Middlewares/Third_Party/FatFs/src/diskio.c **** )
  39:Middlewares/Third_Party/FatFs/src/diskio.c **** {
  30              		.loc 1 39 1 view -0
  31              		.cfi_startproc
  32              		@ args = 0, pretend = 0, frame = 0
  33              		@ frame_needed = 0, uses_anonymous_args = 0
  34              		.loc 1 39 1 is_stmt 0 view .LVU1
  35 0000 08B5     		push	{r3, lr}
  36              	.LCFI0:
  37              		.cfi_def_cfa_offset 8
  38              		.cfi_offset 3, -8
  39              		.cfi_offset 14, -4
  40:Middlewares/Third_Party/FatFs/src/diskio.c ****   DSTATUS stat;
  40              		.loc 1 40 3 is_stmt 1 view .LVU2
  41:Middlewares/Third_Party/FatFs/src/diskio.c **** 
  42:Middlewares/Third_Party/FatFs/src/diskio.c ****   stat = disk.drv[pdrv]->disk_status(disk.lun[pdrv]);
  41              		.loc 1 42 3 view .LVU3
  42              		.loc 1 42 18 is_stmt 0 view .LVU4
  43 0002 044B     		ldr	r3, .L3
  44 0004 03EB8002 		add	r2, r3, r0, lsl #2
  45 0008 5268     		ldr	r2, [r2, #4]
  46              		.loc 1 42 24 view .LVU5
  47 000a 5268     		ldr	r2, [r2, #4]
  48              		.loc 1 42 46 view .LVU6
  49 000c 0344     		add	r3, r3, r0
  50              		.loc 1 42 10 view .LVU7
  51 000e 187A     		ldrb	r0, [r3, #8]	@ zero_extendqisi2
  52              	.LVL1:
  53              		.loc 1 42 10 view .LVU8
  54 0010 9047     		blx	r2
  55              	.LVL2:
  43:Middlewares/Third_Party/FatFs/src/diskio.c ****   return stat;
  56              		.loc 1 43 3 is_stmt 1 view .LVU9
  44:Middlewares/Third_Party/FatFs/src/diskio.c **** }
  57              		.loc 1 44 1 is_stmt 0 view .LVU10
  58 0012 08BD     		pop	{r3, pc}
  59              	.L4:
  60              		.align	2
  61              	.L3:
  62 0014 00000000 		.word	disk
  63              		.cfi_endproc
  64              	.LFE228:
  66              		.section	.text.disk_initialize,"ax",%progbits
  67              		.align	1
  68              		.global	disk_initialize
  69              		.syntax unified
  70              		.thumb
  71              		.thumb_func
  73              	disk_initialize:
ARM GAS  /var/folders/gv/t2w3mcd17yl2fynvjl120d0m0000gn/T//ccsT2mHN.s 			page 3


  74              	.LVL3:
  75              	.LFB229:
  45:Middlewares/Third_Party/FatFs/src/diskio.c **** 
  46:Middlewares/Third_Party/FatFs/src/diskio.c **** /**
  47:Middlewares/Third_Party/FatFs/src/diskio.c ****   * @brief  Initializes a Drive
  48:Middlewares/Third_Party/FatFs/src/diskio.c ****   * @param  pdrv: Physical drive number (0..)
  49:Middlewares/Third_Party/FatFs/src/diskio.c ****   * @retval DSTATUS: Operation status
  50:Middlewares/Third_Party/FatFs/src/diskio.c ****   */
  51:Middlewares/Third_Party/FatFs/src/diskio.c **** DSTATUS disk_initialize (
  52:Middlewares/Third_Party/FatFs/src/diskio.c **** 	BYTE pdrv				/* Physical drive nmuber to identify the drive */
  53:Middlewares/Third_Party/FatFs/src/diskio.c **** )
  54:Middlewares/Third_Party/FatFs/src/diskio.c **** {
  76              		.loc 1 54 1 is_stmt 1 view -0
  77              		.cfi_startproc
  78              		@ args = 0, pretend = 0, frame = 0
  79              		@ frame_needed = 0, uses_anonymous_args = 0
  80              		.loc 1 54 1 is_stmt 0 view .LVU12
  81 0000 08B5     		push	{r3, lr}
  82              	.LCFI1:
  83              		.cfi_def_cfa_offset 8
  84              		.cfi_offset 3, -8
  85              		.cfi_offset 14, -4
  55:Middlewares/Third_Party/FatFs/src/diskio.c ****   DSTATUS stat = RES_OK;
  86              		.loc 1 55 3 is_stmt 1 view .LVU13
  87              	.LVL4:
  56:Middlewares/Third_Party/FatFs/src/diskio.c **** 
  57:Middlewares/Third_Party/FatFs/src/diskio.c ****   if(disk.is_initialized[pdrv] == 0)
  88              		.loc 1 57 3 view .LVU14
  89              		.loc 1 57 25 is_stmt 0 view .LVU15
  90 0002 084B     		ldr	r3, .L9
  91 0004 1B5C     		ldrb	r3, [r3, r0]	@ zero_extendqisi2
  92              		.loc 1 57 5 view .LVU16
  93 0006 53B9     		cbnz	r3, .L7
  58:Middlewares/Third_Party/FatFs/src/diskio.c ****   {
  59:Middlewares/Third_Party/FatFs/src/diskio.c ****     disk.is_initialized[pdrv] = 1;
  94              		.loc 1 59 5 is_stmt 1 view .LVU17
  95              		.loc 1 59 31 is_stmt 0 view .LVU18
  96 0008 064B     		ldr	r3, .L9
  97 000a 0122     		movs	r2, #1
  98 000c 1A54     		strb	r2, [r3, r0]
  60:Middlewares/Third_Party/FatFs/src/diskio.c ****     stat = disk.drv[pdrv]->disk_initialize(disk.lun[pdrv]);
  99              		.loc 1 60 5 is_stmt 1 view .LVU19
 100              		.loc 1 60 20 is_stmt 0 view .LVU20
 101 000e 03EB8002 		add	r2, r3, r0, lsl #2
 102 0012 5268     		ldr	r2, [r2, #4]
 103              		.loc 1 60 26 view .LVU21
 104 0014 1268     		ldr	r2, [r2]
 105              		.loc 1 60 52 view .LVU22
 106 0016 0344     		add	r3, r3, r0
 107              		.loc 1 60 12 view .LVU23
 108 0018 187A     		ldrb	r0, [r3, #8]	@ zero_extendqisi2
 109              	.LVL5:
 110              		.loc 1 60 12 view .LVU24
 111 001a 9047     		blx	r2
 112              	.LVL6:
 113              	.L6:
  61:Middlewares/Third_Party/FatFs/src/diskio.c ****   }
ARM GAS  /var/folders/gv/t2w3mcd17yl2fynvjl120d0m0000gn/T//ccsT2mHN.s 			page 4


  62:Middlewares/Third_Party/FatFs/src/diskio.c ****   return stat;
 114              		.loc 1 62 3 is_stmt 1 view .LVU25
  63:Middlewares/Third_Party/FatFs/src/diskio.c **** }
 115              		.loc 1 63 1 is_stmt 0 view .LVU26
 116 001c 08BD     		pop	{r3, pc}
 117              	.LVL7:
 118              	.L7:
  55:Middlewares/Third_Party/FatFs/src/diskio.c **** 
 119              		.loc 1 55 11 view .LVU27
 120 001e 0020     		movs	r0, #0
 121              	.LVL8:
  55:Middlewares/Third_Party/FatFs/src/diskio.c **** 
 122              		.loc 1 55 11 view .LVU28
 123 0020 FCE7     		b	.L6
 124              	.L10:
 125 0022 00BF     		.align	2
 126              	.L9:
 127 0024 00000000 		.word	disk
 128              		.cfi_endproc
 129              	.LFE229:
 131              		.section	.text.disk_read,"ax",%progbits
 132              		.align	1
 133              		.global	disk_read
 134              		.syntax unified
 135              		.thumb
 136              		.thumb_func
 138              	disk_read:
 139              	.LVL9:
 140              	.LFB230:
  64:Middlewares/Third_Party/FatFs/src/diskio.c **** 
  65:Middlewares/Third_Party/FatFs/src/diskio.c **** /**
  66:Middlewares/Third_Party/FatFs/src/diskio.c ****   * @brief  Reads Sector(s)
  67:Middlewares/Third_Party/FatFs/src/diskio.c ****   * @param  pdrv: Physical drive number (0..)
  68:Middlewares/Third_Party/FatFs/src/diskio.c ****   * @param  *buff: Data buffer to store read data
  69:Middlewares/Third_Party/FatFs/src/diskio.c ****   * @param  sector: Sector address (LBA)
  70:Middlewares/Third_Party/FatFs/src/diskio.c ****   * @param  count: Number of sectors to read (1..128)
  71:Middlewares/Third_Party/FatFs/src/diskio.c ****   * @retval DRESULT: Operation result
  72:Middlewares/Third_Party/FatFs/src/diskio.c ****   */
  73:Middlewares/Third_Party/FatFs/src/diskio.c **** DRESULT disk_read (
  74:Middlewares/Third_Party/FatFs/src/diskio.c **** 	BYTE pdrv,		/* Physical drive nmuber to identify the drive */
  75:Middlewares/Third_Party/FatFs/src/diskio.c **** 	BYTE *buff,		/* Data buffer to store read data */
  76:Middlewares/Third_Party/FatFs/src/diskio.c **** 	DWORD sector,	        /* Sector address in LBA */
  77:Middlewares/Third_Party/FatFs/src/diskio.c **** 	UINT count		/* Number of sectors to read */
  78:Middlewares/Third_Party/FatFs/src/diskio.c **** )
  79:Middlewares/Third_Party/FatFs/src/diskio.c **** {
 141              		.loc 1 79 1 is_stmt 1 view -0
 142              		.cfi_startproc
 143              		@ args = 0, pretend = 0, frame = 0
 144              		@ frame_needed = 0, uses_anonymous_args = 0
 145              		.loc 1 79 1 is_stmt 0 view .LVU30
 146 0000 10B5     		push	{r4, lr}
 147              	.LCFI2:
 148              		.cfi_def_cfa_offset 8
 149              		.cfi_offset 4, -8
 150              		.cfi_offset 14, -4
 151 0002 8446     		mov	ip, r0
  80:Middlewares/Third_Party/FatFs/src/diskio.c ****   DRESULT res;
ARM GAS  /var/folders/gv/t2w3mcd17yl2fynvjl120d0m0000gn/T//ccsT2mHN.s 			page 5


 152              		.loc 1 80 3 is_stmt 1 view .LVU31
  81:Middlewares/Third_Party/FatFs/src/diskio.c **** 
  82:Middlewares/Third_Party/FatFs/src/diskio.c ****   res = disk.drv[pdrv]->disk_read(disk.lun[pdrv], buff, sector, count);
 153              		.loc 1 82 3 view .LVU32
 154              		.loc 1 82 17 is_stmt 0 view .LVU33
 155 0004 0448     		ldr	r0, .L13
 156              	.LVL10:
 157              		.loc 1 82 17 view .LVU34
 158 0006 00EB8C04 		add	r4, r0, ip, lsl #2
 159 000a 6468     		ldr	r4, [r4, #4]
 160              		.loc 1 82 23 view .LVU35
 161 000c A468     		ldr	r4, [r4, #8]
 162              		.loc 1 82 43 view .LVU36
 163 000e 6044     		add	r0, r0, ip
 164              		.loc 1 82 9 view .LVU37
 165 0010 007A     		ldrb	r0, [r0, #8]	@ zero_extendqisi2
 166 0012 A047     		blx	r4
 167              	.LVL11:
  83:Middlewares/Third_Party/FatFs/src/diskio.c ****   return res;
 168              		.loc 1 83 3 is_stmt 1 view .LVU38
  84:Middlewares/Third_Party/FatFs/src/diskio.c **** }
 169              		.loc 1 84 1 is_stmt 0 view .LVU39
 170 0014 10BD     		pop	{r4, pc}
 171              	.L14:
 172 0016 00BF     		.align	2
 173              	.L13:
 174 0018 00000000 		.word	disk
 175              		.cfi_endproc
 176              	.LFE230:
 178              		.section	.text.disk_write,"ax",%progbits
 179              		.align	1
 180              		.global	disk_write
 181              		.syntax unified
 182              		.thumb
 183              		.thumb_func
 185              	disk_write:
 186              	.LVL12:
 187              	.LFB231:
  85:Middlewares/Third_Party/FatFs/src/diskio.c **** 
  86:Middlewares/Third_Party/FatFs/src/diskio.c **** /**
  87:Middlewares/Third_Party/FatFs/src/diskio.c ****   * @brief  Writes Sector(s)
  88:Middlewares/Third_Party/FatFs/src/diskio.c ****   * @param  pdrv: Physical drive number (0..)
  89:Middlewares/Third_Party/FatFs/src/diskio.c ****   * @param  *buff: Data to be written
  90:Middlewares/Third_Party/FatFs/src/diskio.c ****   * @param  sector: Sector address (LBA)
  91:Middlewares/Third_Party/FatFs/src/diskio.c ****   * @param  count: Number of sectors to write (1..128)
  92:Middlewares/Third_Party/FatFs/src/diskio.c ****   * @retval DRESULT: Operation result
  93:Middlewares/Third_Party/FatFs/src/diskio.c ****   */
  94:Middlewares/Third_Party/FatFs/src/diskio.c **** #if _USE_WRITE == 1
  95:Middlewares/Third_Party/FatFs/src/diskio.c **** DRESULT disk_write (
  96:Middlewares/Third_Party/FatFs/src/diskio.c **** 	BYTE pdrv,		/* Physical drive nmuber to identify the drive */
  97:Middlewares/Third_Party/FatFs/src/diskio.c **** 	const BYTE *buff,	/* Data to be written */
  98:Middlewares/Third_Party/FatFs/src/diskio.c **** 	DWORD sector,		/* Sector address in LBA */
  99:Middlewares/Third_Party/FatFs/src/diskio.c **** 	UINT count        	/* Number of sectors to write */
 100:Middlewares/Third_Party/FatFs/src/diskio.c **** )
 101:Middlewares/Third_Party/FatFs/src/diskio.c **** {
 188              		.loc 1 101 1 is_stmt 1 view -0
 189              		.cfi_startproc
ARM GAS  /var/folders/gv/t2w3mcd17yl2fynvjl120d0m0000gn/T//ccsT2mHN.s 			page 6


 190              		@ args = 0, pretend = 0, frame = 0
 191              		@ frame_needed = 0, uses_anonymous_args = 0
 192              		.loc 1 101 1 is_stmt 0 view .LVU41
 193 0000 10B5     		push	{r4, lr}
 194              	.LCFI3:
 195              		.cfi_def_cfa_offset 8
 196              		.cfi_offset 4, -8
 197              		.cfi_offset 14, -4
 198 0002 8446     		mov	ip, r0
 102:Middlewares/Third_Party/FatFs/src/diskio.c ****   DRESULT res;
 199              		.loc 1 102 3 is_stmt 1 view .LVU42
 103:Middlewares/Third_Party/FatFs/src/diskio.c **** 
 104:Middlewares/Third_Party/FatFs/src/diskio.c ****   res = disk.drv[pdrv]->disk_write(disk.lun[pdrv], buff, sector, count);
 200              		.loc 1 104 3 view .LVU43
 201              		.loc 1 104 17 is_stmt 0 view .LVU44
 202 0004 0448     		ldr	r0, .L17
 203              	.LVL13:
 204              		.loc 1 104 17 view .LVU45
 205 0006 00EB8C04 		add	r4, r0, ip, lsl #2
 206 000a 6468     		ldr	r4, [r4, #4]
 207              		.loc 1 104 23 view .LVU46
 208 000c E468     		ldr	r4, [r4, #12]
 209              		.loc 1 104 44 view .LVU47
 210 000e 6044     		add	r0, r0, ip
 211              		.loc 1 104 9 view .LVU48
 212 0010 007A     		ldrb	r0, [r0, #8]	@ zero_extendqisi2
 213 0012 A047     		blx	r4
 214              	.LVL14:
 105:Middlewares/Third_Party/FatFs/src/diskio.c ****   return res;
 215              		.loc 1 105 3 is_stmt 1 view .LVU49
 106:Middlewares/Third_Party/FatFs/src/diskio.c **** }
 216              		.loc 1 106 1 is_stmt 0 view .LVU50
 217 0014 10BD     		pop	{r4, pc}
 218              	.L18:
 219 0016 00BF     		.align	2
 220              	.L17:
 221 0018 00000000 		.word	disk
 222              		.cfi_endproc
 223              	.LFE231:
 225              		.section	.text.disk_ioctl,"ax",%progbits
 226              		.align	1
 227              		.global	disk_ioctl
 228              		.syntax unified
 229              		.thumb
 230              		.thumb_func
 232              	disk_ioctl:
 233              	.LVL15:
 234              	.LFB232:
 107:Middlewares/Third_Party/FatFs/src/diskio.c **** #endif /* _USE_WRITE == 1 */
 108:Middlewares/Third_Party/FatFs/src/diskio.c **** 
 109:Middlewares/Third_Party/FatFs/src/diskio.c **** /**
 110:Middlewares/Third_Party/FatFs/src/diskio.c ****   * @brief  I/O control operation
 111:Middlewares/Third_Party/FatFs/src/diskio.c ****   * @param  pdrv: Physical drive number (0..)
 112:Middlewares/Third_Party/FatFs/src/diskio.c ****   * @param  cmd: Control code
 113:Middlewares/Third_Party/FatFs/src/diskio.c ****   * @param  *buff: Buffer to send/receive control data
 114:Middlewares/Third_Party/FatFs/src/diskio.c ****   * @retval DRESULT: Operation result
 115:Middlewares/Third_Party/FatFs/src/diskio.c ****   */
ARM GAS  /var/folders/gv/t2w3mcd17yl2fynvjl120d0m0000gn/T//ccsT2mHN.s 			page 7


 116:Middlewares/Third_Party/FatFs/src/diskio.c **** #if _USE_IOCTL == 1
 117:Middlewares/Third_Party/FatFs/src/diskio.c **** DRESULT disk_ioctl (
 118:Middlewares/Third_Party/FatFs/src/diskio.c **** 	BYTE pdrv,		/* Physical drive nmuber (0..) */
 119:Middlewares/Third_Party/FatFs/src/diskio.c **** 	BYTE cmd,		/* Control code */
 120:Middlewares/Third_Party/FatFs/src/diskio.c **** 	void *buff		/* Buffer to send/receive control data */
 121:Middlewares/Third_Party/FatFs/src/diskio.c **** )
 122:Middlewares/Third_Party/FatFs/src/diskio.c **** {
 235              		.loc 1 122 1 is_stmt 1 view -0
 236              		.cfi_startproc
 237              		@ args = 0, pretend = 0, frame = 0
 238              		@ frame_needed = 0, uses_anonymous_args = 0
 239              		.loc 1 122 1 is_stmt 0 view .LVU52
 240 0000 10B5     		push	{r4, lr}
 241              	.LCFI4:
 242              		.cfi_def_cfa_offset 8
 243              		.cfi_offset 4, -8
 244              		.cfi_offset 14, -4
 123:Middlewares/Third_Party/FatFs/src/diskio.c ****   DRESULT res;
 245              		.loc 1 123 3 is_stmt 1 view .LVU53
 124:Middlewares/Third_Party/FatFs/src/diskio.c **** 
 125:Middlewares/Third_Party/FatFs/src/diskio.c ****   res = disk.drv[pdrv]->disk_ioctl(disk.lun[pdrv], cmd, buff);
 246              		.loc 1 125 3 view .LVU54
 247              		.loc 1 125 17 is_stmt 0 view .LVU55
 248 0002 044B     		ldr	r3, .L21
 249 0004 03EB8004 		add	r4, r3, r0, lsl #2
 250 0008 6468     		ldr	r4, [r4, #4]
 251              		.loc 1 125 23 view .LVU56
 252 000a 2469     		ldr	r4, [r4, #16]
 253              		.loc 1 125 44 view .LVU57
 254 000c 0344     		add	r3, r3, r0
 255              		.loc 1 125 9 view .LVU58
 256 000e 187A     		ldrb	r0, [r3, #8]	@ zero_extendqisi2
 257              	.LVL16:
 258              		.loc 1 125 9 view .LVU59
 259 0010 A047     		blx	r4
 260              	.LVL17:
 126:Middlewares/Third_Party/FatFs/src/diskio.c ****   return res;
 261              		.loc 1 126 3 is_stmt 1 view .LVU60
 127:Middlewares/Third_Party/FatFs/src/diskio.c **** }
 262              		.loc 1 127 1 is_stmt 0 view .LVU61
 263 0012 10BD     		pop	{r4, pc}
 264              	.L22:
 265              		.align	2
 266              	.L21:
 267 0014 00000000 		.word	disk
 268              		.cfi_endproc
 269              	.LFE232:
 271              		.section	.text.get_fattime,"ax",%progbits
 272              		.align	1
 273              		.weak	get_fattime
 274              		.syntax unified
 275              		.thumb
 276              		.thumb_func
 278              	get_fattime:
 279              	.LFB233:
 128:Middlewares/Third_Party/FatFs/src/diskio.c **** #endif /* _USE_IOCTL == 1 */
 129:Middlewares/Third_Party/FatFs/src/diskio.c **** 
ARM GAS  /var/folders/gv/t2w3mcd17yl2fynvjl120d0m0000gn/T//ccsT2mHN.s 			page 8


 130:Middlewares/Third_Party/FatFs/src/diskio.c **** /**
 131:Middlewares/Third_Party/FatFs/src/diskio.c ****   * @brief  Gets Time from RTC
 132:Middlewares/Third_Party/FatFs/src/diskio.c ****   * @param  None
 133:Middlewares/Third_Party/FatFs/src/diskio.c ****   * @retval Time in DWORD
 134:Middlewares/Third_Party/FatFs/src/diskio.c ****   */
 135:Middlewares/Third_Party/FatFs/src/diskio.c **** __weak DWORD get_fattime (void)
 136:Middlewares/Third_Party/FatFs/src/diskio.c **** {
 280              		.loc 1 136 1 is_stmt 1 view -0
 281              		.cfi_startproc
 282              		@ args = 0, pretend = 0, frame = 0
 283              		@ frame_needed = 0, uses_anonymous_args = 0
 284              		@ link register save eliminated.
 137:Middlewares/Third_Party/FatFs/src/diskio.c ****   return 0;
 285              		.loc 1 137 3 view .LVU63
 138:Middlewares/Third_Party/FatFs/src/diskio.c **** }
 286              		.loc 1 138 1 is_stmt 0 view .LVU64
 287 0000 0020     		movs	r0, #0
 288 0002 7047     		bx	lr
 289              		.cfi_endproc
 290              	.LFE233:
 292              		.text
 293              	.Letext0:
 294              		.file 2 "Middlewares/Third_Party/FatFs/src/integer.h"
 295              		.file 3 "Middlewares/Third_Party/FatFs/src/diskio.h"
 296              		.file 4 "/Applications/ArmGNUToolchain/15.2.rel1/arm-none-eabi/arm-none-eabi/include/machine/_defa
 297              		.file 5 "/Applications/ArmGNUToolchain/15.2.rel1/arm-none-eabi/arm-none-eabi/include/sys/_stdint.h
 298              		.file 6 "Middlewares/Third_Party/FatFs/src/ff_gen_drv.h"
 299              		.file 7 "Drivers/STM32L4xx_HAL_Driver/Inc/stm32l4xx_ll_dma.h"
ARM GAS  /var/folders/gv/t2w3mcd17yl2fynvjl120d0m0000gn/T//ccsT2mHN.s 			page 9


DEFINED SYMBOLS
                            *ABS*:00000000 diskio.c
/var/folders/gv/t2w3mcd17yl2fynvjl120d0m0000gn/T//ccsT2mHN.s:21     .text.disk_status:00000000 $t
/var/folders/gv/t2w3mcd17yl2fynvjl120d0m0000gn/T//ccsT2mHN.s:27     .text.disk_status:00000000 disk_status
/var/folders/gv/t2w3mcd17yl2fynvjl120d0m0000gn/T//ccsT2mHN.s:62     .text.disk_status:00000014 $d
/var/folders/gv/t2w3mcd17yl2fynvjl120d0m0000gn/T//ccsT2mHN.s:67     .text.disk_initialize:00000000 $t
/var/folders/gv/t2w3mcd17yl2fynvjl120d0m0000gn/T//ccsT2mHN.s:73     .text.disk_initialize:00000000 disk_initialize
/var/folders/gv/t2w3mcd17yl2fynvjl120d0m0000gn/T//ccsT2mHN.s:127    .text.disk_initialize:00000024 $d
/var/folders/gv/t2w3mcd17yl2fynvjl120d0m0000gn/T//ccsT2mHN.s:132    .text.disk_read:00000000 $t
/var/folders/gv/t2w3mcd17yl2fynvjl120d0m0000gn/T//ccsT2mHN.s:138    .text.disk_read:00000000 disk_read
/var/folders/gv/t2w3mcd17yl2fynvjl120d0m0000gn/T//ccsT2mHN.s:174    .text.disk_read:00000018 $d
/var/folders/gv/t2w3mcd17yl2fynvjl120d0m0000gn/T//ccsT2mHN.s:179    .text.disk_write:00000000 $t
/var/folders/gv/t2w3mcd17yl2fynvjl120d0m0000gn/T//ccsT2mHN.s:185    .text.disk_write:00000000 disk_write
/var/folders/gv/t2w3mcd17yl2fynvjl120d0m0000gn/T//ccsT2mHN.s:221    .text.disk_write:00000018 $d
/var/folders/gv/t2w3mcd17yl2fynvjl120d0m0000gn/T//ccsT2mHN.s:226    .text.disk_ioctl:00000000 $t
/var/folders/gv/t2w3mcd17yl2fynvjl120d0m0000gn/T//ccsT2mHN.s:232    .text.disk_ioctl:00000000 disk_ioctl
/var/folders/gv/t2w3mcd17yl2fynvjl120d0m0000gn/T//ccsT2mHN.s:267    .text.disk_ioctl:00000014 $d
/var/folders/gv/t2w3mcd17yl2fynvjl120d0m0000gn/T//ccsT2mHN.s:272    .text.get_fattime:00000000 $t
/var/folders/gv/t2w3mcd17yl2fynvjl120d0m0000gn/T//ccsT2mHN.s:278    .text.get_fattime:00000000 get_fattime

UNDEFINED SYMBOLS
disk
