ARM GAS  /var/folders/gv/t2w3mcd17yl2fynvjl120d0m0000gn/T//ccty1Hsg.s 			page 1


   1              		.cpu cortex-m4
   2              		.arch armv7e-m
   3              		.fpu fpv4-sp-d16
   4              		.eabi_attribute 27, 1
   5              		.eabi_attribute 28, 1
   6              		.eabi_attribute 20, 1
   7              		.eabi_attribute 21, 1
   8              		.eabi_attribute 23, 3
   9              		.eabi_attribute 24, 1
  10              		.eabi_attribute 25, 1
  11              		.eabi_attribute 26, 1
  12              		.eabi_attribute 30, 1
  13              		.eabi_attribute 34, 1
  14              		.eabi_attribute 18, 4
  15              		.file	"fatfs_platform.c"
  16              		.text
  17              	.Ltext0:
  18              		.cfi_sections	.debug_frame
  19              		.file 1 "FATFS/Target/fatfs_platform.c"
  20              		.section	.text.BSP_PlatformIsDetected,"ax",%progbits
  21              		.align	1
  22              		.global	BSP_PlatformIsDetected
  23              		.syntax unified
  24              		.thumb
  25              		.thumb_func
  27              	BSP_PlatformIsDetected:
  28              	.LFB228:
   1:FATFS/Target/fatfs_platform.c **** /* USER CODE BEGIN Header */
   2:FATFS/Target/fatfs_platform.c **** /**
   3:FATFS/Target/fatfs_platform.c ****   ******************************************************************************
   4:FATFS/Target/fatfs_platform.c ****   * @file           : fatfs_platform.c
   5:FATFS/Target/fatfs_platform.c ****   * @brief          : fatfs_platform source file
   6:FATFS/Target/fatfs_platform.c ****   ******************************************************************************
   7:FATFS/Target/fatfs_platform.c ****   * @attention
   8:FATFS/Target/fatfs_platform.c ****   *
   9:FATFS/Target/fatfs_platform.c ****   * Copyright (c) 2026 STMicroelectronics.
  10:FATFS/Target/fatfs_platform.c ****   * All rights reserved.
  11:FATFS/Target/fatfs_platform.c ****   *
  12:FATFS/Target/fatfs_platform.c ****   * This software is licensed under terms that can be found in the LICENSE file
  13:FATFS/Target/fatfs_platform.c ****   * in the root directory of this software component.
  14:FATFS/Target/fatfs_platform.c ****   * If no LICENSE file comes with this software, it is provided AS-IS.
  15:FATFS/Target/fatfs_platform.c ****   *
  16:FATFS/Target/fatfs_platform.c ****   ******************************************************************************
  17:FATFS/Target/fatfs_platform.c **** */
  18:FATFS/Target/fatfs_platform.c **** /* USER CODE END Header */
  19:FATFS/Target/fatfs_platform.c **** #include "fatfs_platform.h"
  20:FATFS/Target/fatfs_platform.c **** 
  21:FATFS/Target/fatfs_platform.c **** uint8_t	BSP_PlatformIsDetected(void) {
  29              		.loc 1 21 38 view -0
  30              		.cfi_startproc
  31              		@ args = 0, pretend = 0, frame = 0
  32              		@ frame_needed = 0, uses_anonymous_args = 0
  33 0000 08B5     		push	{r3, lr}
  34              	.LCFI0:
  35              		.cfi_def_cfa_offset 8
  36              		.cfi_offset 3, -8
  37              		.cfi_offset 14, -4
ARM GAS  /var/folders/gv/t2w3mcd17yl2fynvjl120d0m0000gn/T//ccty1Hsg.s 			page 2


  22:FATFS/Target/fatfs_platform.c ****     uint8_t status = SD_PRESENT;
  38              		.loc 1 22 5 view .LVU1
  39              	.LVL0:
  23:FATFS/Target/fatfs_platform.c ****     /* Check SD card detect pin */
  24:FATFS/Target/fatfs_platform.c ****     if(HAL_GPIO_ReadPin(SD_DETECT_GPIO_PORT, SD_DETECT_PIN) != GPIO_PIN_RESET)
  40              		.loc 1 24 5 view .LVU2
  41              		.loc 1 24 8 is_stmt 0 view .LVU3
  42 0002 4FF48061 		mov	r1, #1024
  43 0006 4FF09040 		mov	r0, #1207959552
  44 000a FFF7FEFF 		bl	HAL_GPIO_ReadPin
  45              	.LVL1:
  46              		.loc 1 24 7 discriminator 1 view .LVU4
  47 000e 08B9     		cbnz	r0, .L3
  22:FATFS/Target/fatfs_platform.c ****     uint8_t status = SD_PRESENT;
  48              		.loc 1 22 13 view .LVU5
  49 0010 0120     		movs	r0, #1
  50              	.L2:
  51              	.LVL2:
  25:FATFS/Target/fatfs_platform.c ****     {
  26:FATFS/Target/fatfs_platform.c ****         status = SD_NOT_PRESENT;
  27:FATFS/Target/fatfs_platform.c ****     }
  28:FATFS/Target/fatfs_platform.c ****     /* USER CODE BEGIN 1 */
  29:FATFS/Target/fatfs_platform.c ****     /* user code can be inserted here */
  30:FATFS/Target/fatfs_platform.c ****     /* USER CODE END 1 */
  31:FATFS/Target/fatfs_platform.c ****     return status;
  52              		.loc 1 31 5 is_stmt 1 view .LVU6
  32:FATFS/Target/fatfs_platform.c **** }
  53              		.loc 1 32 1 is_stmt 0 view .LVU7
  54 0012 08BD     		pop	{r3, pc}
  55              	.LVL3:
  56              	.L3:
  26:FATFS/Target/fatfs_platform.c ****     }
  57              		.loc 1 26 16 view .LVU8
  58 0014 0020     		movs	r0, #0
  59 0016 FCE7     		b	.L2
  60              		.cfi_endproc
  61              	.LFE228:
  63              		.text
  64              	.Letext0:
  65              		.file 2 "/Applications/ArmGNUToolchain/15.2.rel1/arm-none-eabi/arm-none-eabi/include/machine/_defa
  66              		.file 3 "/Applications/ArmGNUToolchain/15.2.rel1/arm-none-eabi/arm-none-eabi/include/sys/_stdint.h
  67              		.file 4 "Drivers/CMSIS/Device/ST/STM32L4xx/Include/stm32l476xx.h"
  68              		.file 5 "Drivers/STM32L4xx_HAL_Driver/Inc/stm32l4xx_hal_gpio.h"
  69              		.file 6 "Drivers/STM32L4xx_HAL_Driver/Inc/stm32l4xx_ll_dma.h"
ARM GAS  /var/folders/gv/t2w3mcd17yl2fynvjl120d0m0000gn/T//ccty1Hsg.s 			page 3


DEFINED SYMBOLS
                            *ABS*:00000000 fatfs_platform.c
/var/folders/gv/t2w3mcd17yl2fynvjl120d0m0000gn/T//ccty1Hsg.s:21     .text.BSP_PlatformIsDetected:00000000 $t
/var/folders/gv/t2w3mcd17yl2fynvjl120d0m0000gn/T//ccty1Hsg.s:27     .text.BSP_PlatformIsDetected:00000000 BSP_PlatformIsDetected

UNDEFINED SYMBOLS
HAL_GPIO_ReadPin
