ARM GAS  /var/folders/gv/t2w3mcd17yl2fynvjl120d0m0000gn/T//ccjzQccM.s 			page 1


   1              		.cpu cortex-m4
   2              		.arch armv7e-m
   3              		.fpu fpv4-sp-d16
   4              		.eabi_attribute 27, 1
   5              		.eabi_attribute 28, 1
   6              		.eabi_attribute 20, 1
   7              		.eabi_attribute 21, 1
   8              		.eabi_attribute 23, 3
   9              		.eabi_attribute 24, 1
  10              		.eabi_attribute 25, 1
  11              		.eabi_attribute 26, 1
  12              		.eabi_attribute 30, 1
  13              		.eabi_attribute 34, 1
  14              		.eabi_attribute 18, 4
  15              		.file	"sd_intf.c"
  16              		.text
  17              	.Ltext0:
  18              		.cfi_sections	.debug_frame
  19              		.file 1 "Core/Src/sd_intf.c"
  20              		.section	.rodata.log_printf.str1.4,"aMS",%progbits,1
  21              		.align	2
  22              	.LC0:
  23 0000 257300   		.ascii	"%s\000"
  24              		.section	.text.log_printf,"ax",%progbits
  25              		.align	1
  26              		.global	log_printf
  27              		.syntax unified
  28              		.thumb
  29              		.thumb_func
  31              	log_printf:
  32              	.LVL0:
  33              	.LFB231:
   1:Core/Src/sd_intf.c **** #include "libs.h"
   2:Core/Src/sd_intf.c **** 
   3:Core/Src/sd_intf.c **** 
   4:Core/Src/sd_intf.c **** FIL sdData;
   5:Core/Src/sd_intf.c **** FIL sdLog;
   6:Core/Src/sd_intf.c **** 
   7:Core/Src/sd_intf.c **** char data_path[256];
   8:Core/Src/sd_intf.c **** char log_path[256];
   9:Core/Src/sd_intf.c **** 
  10:Core/Src/sd_intf.c **** void log_printf(const char* fmt, ...) {
  34              		.loc 1 10 39 view -0
  35              		.cfi_startproc
  36              		@ args = 4, pretend = 16, frame = 1032
  37              		@ frame_needed = 0, uses_anonymous_args = 1
  38              		.loc 1 10 39 is_stmt 0 view .LVU1
  39 0000 0FB4     		push	{r0, r1, r2, r3}
  40              	.LCFI0:
  41              		.cfi_def_cfa_offset 16
  42              		.cfi_offset 0, -16
  43              		.cfi_offset 1, -12
  44              		.cfi_offset 2, -8
  45              		.cfi_offset 3, -4
  46 0002 30B5     		push	{r4, r5, lr}
  47              	.LCFI1:
  48              		.cfi_def_cfa_offset 28
ARM GAS  /var/folders/gv/t2w3mcd17yl2fynvjl120d0m0000gn/T//ccjzQccM.s 			page 2


  49              		.cfi_offset 4, -28
  50              		.cfi_offset 5, -24
  51              		.cfi_offset 14, -20
  52 0004 ADF20C4D 		subw	sp, sp, #1036
  53              	.LCFI2:
  54              		.cfi_def_cfa_offset 1064
  55 0008 0DF58362 		add	r2, sp, #1048
  56 000c 52F8041B 		ldr	r1, [r2], #4
  11:Core/Src/sd_intf.c **** 	char buf[1024];
  57              		.loc 1 11 2 is_stmt 1 view .LVU2
  12:Core/Src/sd_intf.c **** 
  13:Core/Src/sd_intf.c **** 	va_list args;
  58              		.loc 1 13 2 view .LVU3
  14:Core/Src/sd_intf.c **** 
  15:Core/Src/sd_intf.c **** 	va_start(args,fmt);
  59              		.loc 1 15 2 view .LVU4
  60 0010 0192     		str	r2, [sp, #4]
  16:Core/Src/sd_intf.c **** 	vsprintf(buf,fmt,args);
  61              		.loc 1 16 2 view .LVU5
  62 0012 02AC     		add	r4, sp, #8
  63 0014 2046     		mov	r0, r4
  64 0016 FFF7FEFF 		bl	vsprintf
  65              	.LVL1:
  17:Core/Src/sd_intf.c **** 	va_end(args);
  66              		.loc 1 17 2 view .LVU6
  18:Core/Src/sd_intf.c **** 
  19:Core/Src/sd_intf.c **** 	FRESULT open_success = f_open(&sdLog, log_path, FA_OPEN_APPEND|FA_WRITE);
  67              		.loc 1 19 2 view .LVU7
  68              		.loc 1 19 25 is_stmt 0 view .LVU8
  69 001a 0E4D     		ldr	r5, .L3
  70 001c 3222     		movs	r2, #50
  71 001e 0E49     		ldr	r1, .L3+4
  72 0020 2846     		mov	r0, r5
  73 0022 FFF7FEFF 		bl	f_open
  74              	.LVL2:
  20:Core/Src/sd_intf.c **** 	f_write(&sdLog, buf, strlen(buf), NULL);
  75              		.loc 1 20 2 is_stmt 1 view .LVU9
  76              		.loc 1 20 23 is_stmt 0 view .LVU10
  77 0026 2046     		mov	r0, r4
  78 0028 FFF7FEFF 		bl	strlen
  79              	.LVL3:
  80 002c 0246     		mov	r2, r0
  81              		.loc 1 20 2 discriminator 1 view .LVU11
  82 002e 0023     		movs	r3, #0
  83 0030 2146     		mov	r1, r4
  84 0032 2846     		mov	r0, r5
  85 0034 FFF7FEFF 		bl	f_write
  86              	.LVL4:
  21:Core/Src/sd_intf.c **** 	f_close(&sdLog);
  87              		.loc 1 21 2 is_stmt 1 view .LVU12
  88 0038 2846     		mov	r0, r5
  89 003a FFF7FEFF 		bl	f_close
  90              	.LVL5:
  22:Core/Src/sd_intf.c **** 
  23:Core/Src/sd_intf.c **** 	printf("%s",buf);
  91              		.loc 1 23 2 view .LVU13
  92 003e 2146     		mov	r1, r4
ARM GAS  /var/folders/gv/t2w3mcd17yl2fynvjl120d0m0000gn/T//ccjzQccM.s 			page 3


  93 0040 0648     		ldr	r0, .L3+8
  94 0042 FFF7FEFF 		bl	printf
  95              	.LVL6:
  24:Core/Src/sd_intf.c **** }
  96              		.loc 1 24 1 is_stmt 0 view .LVU14
  97 0046 0DF20C4D 		addw	sp, sp, #1036
  98              	.LCFI3:
  99              		.cfi_def_cfa_offset 28
 100              		@ sp needed
 101 004a BDE83040 		pop	{r4, r5, lr}
 102              	.LCFI4:
 103              		.cfi_restore 14
 104              		.cfi_restore 5
 105              		.cfi_restore 4
 106              		.cfi_def_cfa_offset 16
 107 004e 04B0     		add	sp, sp, #16
 108              	.LCFI5:
 109              		.cfi_restore 3
 110              		.cfi_restore 2
 111              		.cfi_restore 1
 112              		.cfi_restore 0
 113              		.cfi_def_cfa_offset 0
 114 0050 7047     		bx	lr
 115              	.L4:
 116 0052 00BF     		.align	2
 117              	.L3:
 118 0054 00000000 		.word	sdLog
 119 0058 00000000 		.word	log_path
 120 005c 00000000 		.word	.LC0
 121              		.cfi_endproc
 122              	.LFE231:
 124              		.section	.rodata.initSD.str1.4,"aMS",%progbits,1
 125              		.align	2
 126              	.LC1:
 127 0000 4661696C 		.ascii	"Failed to initialize SD Card: err %i\012\000"
 127      65642074 
 127      6F20696E 
 127      69746961 
 127      6C697A65 
 128              		.section	.text.initSD,"ax",%progbits
 129              		.align	1
 130              		.global	initSD
 131              		.syntax unified
 132              		.thumb
 133              		.thumb_func
 135              	initSD:
 136              	.LFB232:
  25:Core/Src/sd_intf.c **** 
  26:Core/Src/sd_intf.c **** void initSD() {
 137              		.loc 1 26 15 is_stmt 1 view -0
 138              		.cfi_startproc
 139              		@ args = 0, pretend = 0, frame = 0
 140              		@ frame_needed = 0, uses_anonymous_args = 0
 141 0000 08B5     		push	{r3, lr}
 142              	.LCFI6:
 143              		.cfi_def_cfa_offset 8
 144              		.cfi_offset 3, -8
ARM GAS  /var/folders/gv/t2w3mcd17yl2fynvjl120d0m0000gn/T//ccjzQccM.s 			page 4


 145              		.cfi_offset 14, -4
  27:Core/Src/sd_intf.c ****     FRESULT mount_success = f_mount(&SDFatFS, (TCHAR const*)SDPath, 1);
 146              		.loc 1 27 5 view .LVU16
 147              		.loc 1 27 29 is_stmt 0 view .LVU17
 148 0002 0122     		movs	r2, #1
 149 0004 0649     		ldr	r1, .L9
 150 0006 0748     		ldr	r0, .L9+4
 151 0008 FFF7FEFF 		bl	f_mount
 152              	.LVL7:
  28:Core/Src/sd_intf.c ****     if (mount_success != FR_OK) {
 153              		.loc 1 28 5 is_stmt 1 view .LVU18
 154              		.loc 1 28 8 is_stmt 0 view .LVU19
 155 000c 00B9     		cbnz	r0, .L8
 156              	.LVL8:
 157              	.L5:
  29:Core/Src/sd_intf.c ****       printf("Failed to initialize SD Card: err %i\n",mount_success);
  30:Core/Src/sd_intf.c ****       Error_Handler();
  31:Core/Src/sd_intf.c ****     }
  32:Core/Src/sd_intf.c **** }
 158              		.loc 1 32 1 view .LVU20
 159 000e 08BD     		pop	{r3, pc}
 160              	.LVL9:
 161              	.L8:
 162              		.loc 1 32 1 view .LVU21
 163 0010 0146     		mov	r1, r0
  29:Core/Src/sd_intf.c ****       printf("Failed to initialize SD Card: err %i\n",mount_success);
 164              		.loc 1 29 7 is_stmt 1 view .LVU22
 165 0012 0548     		ldr	r0, .L9+8
 166              	.LVL10:
  29:Core/Src/sd_intf.c ****       printf("Failed to initialize SD Card: err %i\n",mount_success);
 167              		.loc 1 29 7 is_stmt 0 view .LVU23
 168 0014 FFF7FEFF 		bl	printf
 169              	.LVL11:
  30:Core/Src/sd_intf.c ****     }
 170              		.loc 1 30 7 is_stmt 1 view .LVU24
 171 0018 FFF7FEFF 		bl	Error_Handler
 172              	.LVL12:
 173              		.loc 1 32 1 is_stmt 0 view .LVU25
 174 001c F7E7     		b	.L5
 175              	.L10:
 176 001e 00BF     		.align	2
 177              	.L9:
 178 0020 00000000 		.word	SDPath
 179 0024 00000000 		.word	SDFatFS
 180 0028 00000000 		.word	.LC1
 181              		.cfi_endproc
 182              	.LFE232:
 184              		.section	.rodata.initSDFiles.str1.4,"aMS",%progbits,1
 185              		.align	2
 186              	.LC3:
 187 0000 4552523A 		.ascii	"ERR: Failed to create data file - error code: %i\015"
 187      20466169 
 187      6C656420 
 187      746F2063 
 187      72656174 
 188 0031 0A00     		.ascii	"\012\000"
 189 0033 00       		.align	2
ARM GAS  /var/folders/gv/t2w3mcd17yl2fynvjl120d0m0000gn/T//ccjzQccM.s 			page 5


 190              	.LC5:
 191 0034 4552523A 		.ascii	"ERR: Failed to create log - error code: %i\015\012\000"
 191      20466169 
 191      6C656420 
 191      746F2063 
 191      72656174 
 192 0061 000000   		.align	2
 193              	.LC6:
 194 0064 57726974 		.ascii	"Writing to %s and %s\012\000"
 194      696E6720 
 194      746F2025 
 194      7320616E 
 194      64202573 
 195              		.section	.text.initSDFiles,"ax",%progbits
 196              		.align	1
 197              		.global	initSDFiles
 198              		.syntax unified
 199              		.thumb
 200              		.thumb_func
 202              	initSDFiles:
 203              	.LFB233:
  33:Core/Src/sd_intf.c **** 
  34:Core/Src/sd_intf.c **** void initSDFiles() {
 204              		.loc 1 34 20 is_stmt 1 view -0
 205              		.cfi_startproc
 206              		@ args = 0, pretend = 0, frame = 0
 207              		@ frame_needed = 0, uses_anonymous_args = 0
 208 0000 38B5     		push	{r3, r4, r5, lr}
 209              	.LCFI7:
 210              		.cfi_def_cfa_offset 16
 211              		.cfi_offset 3, -16
 212              		.cfi_offset 4, -12
 213              		.cfi_offset 5, -8
 214              		.cfi_offset 14, -4
  35:Core/Src/sd_intf.c ****   FRESULT data_res;
 215              		.loc 1 35 3 view .LVU27
  36:Core/Src/sd_intf.c **** 	int data_num = 0;
 216              		.loc 1 36 2 view .LVU28
 217              	.LVL13:
 218              		.loc 1 36 6 is_stmt 0 view .LVU29
 219 0002 0024     		movs	r4, #0
 220              	.LVL14:
 221              	.L12:
  37:Core/Src/sd_intf.c **** 	do {
 222              		.loc 1 37 2 is_stmt 1 view .LVU30
  38:Core/Src/sd_intf.c **** 		sprintf(data_path,"test_data%i.bin\0",data_num);
 223              		.loc 1 38 3 view .LVU31
 224 0004 1C4D     		ldr	r5, .L19
 225 0006 2246     		mov	r2, r4
 226 0008 1C49     		ldr	r1, .L19+4
 227 000a 2846     		mov	r0, r5
 228 000c FFF7FEFF 		bl	sprintf
 229              	.LVL15:
  39:Core/Src/sd_intf.c **** 		//printf("Trying %s\r\n",log_path);
  40:Core/Src/sd_intf.c **** 		data_res = f_open(&sdData, data_path, FA_CREATE_NEW | FA_WRITE);
 230              		.loc 1 40 3 view .LVU32
 231              		.loc 1 40 14 is_stmt 0 view .LVU33
ARM GAS  /var/folders/gv/t2w3mcd17yl2fynvjl120d0m0000gn/T//ccjzQccM.s 			page 6


 232 0010 0622     		movs	r2, #6
 233 0012 2946     		mov	r1, r5
 234 0014 1A48     		ldr	r0, .L19+8
 235 0016 FFF7FEFF 		bl	f_open
 236              	.LVL16:
  41:Core/Src/sd_intf.c **** 		data_num++;
 237              		.loc 1 41 3 is_stmt 1 view .LVU34
 238              		.loc 1 41 11 is_stmt 0 view .LVU35
 239 001a 0134     		adds	r4, r4, #1
 240              	.LVL17:
  42:Core/Src/sd_intf.c **** 
  43:Core/Src/sd_intf.c **** 	} while (data_res == FR_EXIST); // continue until file doesnt exist
 241              		.loc 1 43 20 is_stmt 1 discriminator 1 view .LVU36
 242 001c 0828     		cmp	r0, #8
 243 001e F1D0     		beq	.L12
  44:Core/Src/sd_intf.c **** 	if (data_res != FR_OK) {
 244              		.loc 1 44 2 view .LVU37
 245              		.loc 1 44 5 is_stmt 0 view .LVU38
 246 0020 D8B9     		cbnz	r0, .L17
 247              	.LVL18:
 248              	.L13:
  45:Core/Src/sd_intf.c **** 		log_printf("ERR: Failed to create data file - error code: %i\r\n",data_res);
  46:Core/Src/sd_intf.c **** 		Error_Handler();
  47:Core/Src/sd_intf.c **** 	}
  48:Core/Src/sd_intf.c ****   f_close(&sdData);
 249              		.loc 1 48 3 is_stmt 1 view .LVU39
 250 0022 1748     		ldr	r0, .L19+8
 251 0024 FFF7FEFF 		bl	f_close
 252              	.LVL19:
  49:Core/Src/sd_intf.c **** 
  50:Core/Src/sd_intf.c ****   FRESULT log_res;
 253              		.loc 1 50 3 view .LVU40
  51:Core/Src/sd_intf.c **** 	int log_num = 0;
 254              		.loc 1 51 2 view .LVU41
 255              		.loc 1 51 6 is_stmt 0 view .LVU42
 256 0028 0024     		movs	r4, #0
 257              	.LVL20:
 258              	.L14:
  52:Core/Src/sd_intf.c **** 	do {
 259              		.loc 1 52 2 is_stmt 1 view .LVU43
  53:Core/Src/sd_intf.c **** 		sprintf(log_path,"test_log%i.txt\0",log_num);
 260              		.loc 1 53 3 view .LVU44
 261 002a 164D     		ldr	r5, .L19+12
 262 002c 2246     		mov	r2, r4
 263 002e 1649     		ldr	r1, .L19+16
 264 0030 2846     		mov	r0, r5
 265 0032 FFF7FEFF 		bl	sprintf
 266              	.LVL21:
  54:Core/Src/sd_intf.c **** 		//printf("Trying %s\r\n",log_path);
  55:Core/Src/sd_intf.c **** 		log_res = f_open(&sdLog, log_path, FA_CREATE_NEW | FA_WRITE);
 267              		.loc 1 55 3 view .LVU45
 268              		.loc 1 55 13 is_stmt 0 view .LVU46
 269 0036 0622     		movs	r2, #6
 270 0038 2946     		mov	r1, r5
 271 003a 1448     		ldr	r0, .L19+20
 272 003c FFF7FEFF 		bl	f_open
 273              	.LVL22:
ARM GAS  /var/folders/gv/t2w3mcd17yl2fynvjl120d0m0000gn/T//ccjzQccM.s 			page 7


  56:Core/Src/sd_intf.c **** 		log_num++;
 274              		.loc 1 56 3 is_stmt 1 view .LVU47
 275              		.loc 1 56 10 is_stmt 0 view .LVU48
 276 0040 0134     		adds	r4, r4, #1
 277              	.LVL23:
  57:Core/Src/sd_intf.c **** 
  58:Core/Src/sd_intf.c **** 	} while (log_res == FR_EXIST); // continue until file doesnt exist
 278              		.loc 1 58 19 is_stmt 1 discriminator 1 view .LVU49
 279 0042 0828     		cmp	r0, #8
 280 0044 F1D0     		beq	.L14
  59:Core/Src/sd_intf.c **** 	if (log_res != FR_OK) {
 281              		.loc 1 59 2 view .LVU50
 282              		.loc 1 59 5 is_stmt 0 view .LVU51
 283 0046 78B9     		cbnz	r0, .L18
 284              	.LVL24:
 285              	.L15:
  60:Core/Src/sd_intf.c **** 		printf("ERR: Failed to create log - error code: %i\r\n",log_res);
  61:Core/Src/sd_intf.c **** 		Error_Handler();
  62:Core/Src/sd_intf.c **** 	}
  63:Core/Src/sd_intf.c **** 	f_close(&sdLog);
 286              		.loc 1 63 2 is_stmt 1 view .LVU52
 287 0048 1048     		ldr	r0, .L19+20
 288 004a FFF7FEFF 		bl	f_close
 289              	.LVL25:
  64:Core/Src/sd_intf.c ****   printf("Writing to %s and %s\n", data_path, log_path);
 290              		.loc 1 64 3 view .LVU53
 291 004e 0D4A     		ldr	r2, .L19+12
 292 0050 0949     		ldr	r1, .L19
 293 0052 0F48     		ldr	r0, .L19+24
 294 0054 FFF7FEFF 		bl	printf
 295              	.LVL26:
  65:Core/Src/sd_intf.c **** }
 296              		.loc 1 65 1 is_stmt 0 view .LVU54
 297 0058 38BD     		pop	{r3, r4, r5, pc}
 298              	.LVL27:
 299              	.L17:
  45:Core/Src/sd_intf.c **** 		Error_Handler();
 300              		.loc 1 45 3 is_stmt 1 view .LVU55
 301 005a 0146     		mov	r1, r0
 302 005c 0D48     		ldr	r0, .L19+28
 303              	.LVL28:
  45:Core/Src/sd_intf.c **** 		Error_Handler();
 304              		.loc 1 45 3 is_stmt 0 view .LVU56
 305 005e FFF7FEFF 		bl	log_printf
 306              	.LVL29:
  46:Core/Src/sd_intf.c **** 	}
 307              		.loc 1 46 3 is_stmt 1 view .LVU57
 308 0062 FFF7FEFF 		bl	Error_Handler
 309              	.LVL30:
 310 0066 DCE7     		b	.L13
 311              	.LVL31:
 312              	.L18:
  60:Core/Src/sd_intf.c **** 		Error_Handler();
 313              		.loc 1 60 3 view .LVU58
 314 0068 0146     		mov	r1, r0
 315 006a 0B48     		ldr	r0, .L19+32
 316              	.LVL32:
ARM GAS  /var/folders/gv/t2w3mcd17yl2fynvjl120d0m0000gn/T//ccjzQccM.s 			page 8


  60:Core/Src/sd_intf.c **** 		Error_Handler();
 317              		.loc 1 60 3 is_stmt 0 view .LVU59
 318 006c FFF7FEFF 		bl	printf
 319              	.LVL33:
  61:Core/Src/sd_intf.c **** 	}
 320              		.loc 1 61 3 is_stmt 1 view .LVU60
 321 0070 FFF7FEFF 		bl	Error_Handler
 322              	.LVL34:
 323 0074 E8E7     		b	.L15
 324              	.L20:
 325 0076 00BF     		.align	2
 326              	.L19:
 327 0078 00000000 		.word	data_path
 328 007c 00000000 		.word	.LANCHOR0
 329 0080 00000000 		.word	sdData
 330 0084 00000000 		.word	log_path
 331 0088 14000000 		.word	.LANCHOR0+20
 332 008c 00000000 		.word	sdLog
 333 0090 64000000 		.word	.LC6
 334 0094 00000000 		.word	.LC3
 335 0098 34000000 		.word	.LC5
 336              		.cfi_endproc
 337              	.LFE233:
 339              		.section	.text.writePacket,"ax",%progbits
 340              		.align	1
 341              		.global	writePacket
 342              		.syntax unified
 343              		.thumb
 344              		.thumb_func
 346              	writePacket:
 347              	.LFB234:
  66:Core/Src/sd_intf.c **** 
  67:Core/Src/sd_intf.c **** int writePacket(packet p) {
 348              		.loc 1 67 27 view -0
 349              		.cfi_startproc
 350              		@ args = 0, pretend = 0, frame = 16
 351              		@ frame_needed = 0, uses_anonymous_args = 0
 352 0000 00B5     		push	{lr}
 353              	.LCFI8:
 354              		.cfi_def_cfa_offset 4
 355              		.cfi_offset 14, -4
 356 0002 85B0     		sub	sp, sp, #20
 357              	.LCFI9:
 358              		.cfi_def_cfa_offset 24
 359 0004 0DF1100C 		add	ip, sp, #16
 360 0008 0CE90F00 		stmdb	ip, {r0, r1, r2, r3}
  68:Core/Src/sd_intf.c ****   int res = FR_OK;
 361              		.loc 1 68 3 view .LVU62
 362              	.LVL35:
  69:Core/Src/sd_intf.c ****   res = f_open(&sdData, data_path, FA_WRITE | FA_OPEN_APPEND);
 363              		.loc 1 69 3 view .LVU63
 364              		.loc 1 69 9 is_stmt 0 view .LVU64
 365 000c 3222     		movs	r2, #50
 366 000e 1649     		ldr	r1, .L25
 367 0010 1648     		ldr	r0, .L25+4
 368 0012 FFF7FEFF 		bl	f_open
 369              	.LVL36:
ARM GAS  /var/folders/gv/t2w3mcd17yl2fynvjl120d0m0000gn/T//ccjzQccM.s 			page 9


  70:Core/Src/sd_intf.c ****   if (res != FR_OK) {
 370              		.loc 1 70 3 is_stmt 1 view .LVU65
 371              		.loc 1 70 6 is_stmt 0 view .LVU66
 372 0016 08B1     		cbz	r0, .L24
 373              	.LVL37:
 374              	.L21:
  71:Core/Src/sd_intf.c ****     return res;
  72:Core/Src/sd_intf.c ****   }
  73:Core/Src/sd_intf.c ****   res = f_write(&sdData, &p.type, sizeof(packet_type), nullptr);
  74:Core/Src/sd_intf.c ****   if (res != FR_OK) {
  75:Core/Src/sd_intf.c ****     return res;
  76:Core/Src/sd_intf.c ****   }
  77:Core/Src/sd_intf.c ****   res = f_write(&sdData, &p.timestamp, sizeof(uint32_t), nullptr);
  78:Core/Src/sd_intf.c ****   if (res != FR_OK) {
  79:Core/Src/sd_intf.c ****     return res;
  80:Core/Src/sd_intf.c ****   }
  81:Core/Src/sd_intf.c ****   res = f_write(&sdData, &p.len, sizeof(uint32_t), nullptr);
  82:Core/Src/sd_intf.c ****   if (res != FR_OK) {
  83:Core/Src/sd_intf.c ****     return res;
  84:Core/Src/sd_intf.c ****   }
  85:Core/Src/sd_intf.c ****   res = f_write(&sdData, p.payload, p.len * sizeof(uint8_t), nullptr);
  86:Core/Src/sd_intf.c ****   if (res != FR_OK) {
  87:Core/Src/sd_intf.c ****     return res;
  88:Core/Src/sd_intf.c ****   }
  89:Core/Src/sd_intf.c ****   res = f_close(&sdData);
  90:Core/Src/sd_intf.c ****   return res;
  91:Core/Src/sd_intf.c **** }
 375              		.loc 1 91 1 view .LVU67
 376 0018 05B0     		add	sp, sp, #20
 377              	.LCFI10:
 378              		.cfi_remember_state
 379              		.cfi_def_cfa_offset 4
 380              		@ sp needed
 381 001a 00BD     		pop	{pc}
 382              	.LVL38:
 383              	.L24:
 384              	.LCFI11:
 385              		.cfi_restore_state
 386              		.loc 1 91 1 view .LVU68
 387 001c 0346     		mov	r3, r0
  73:Core/Src/sd_intf.c ****   if (res != FR_OK) {
 388              		.loc 1 73 3 is_stmt 1 view .LVU69
  73:Core/Src/sd_intf.c ****   if (res != FR_OK) {
 389              		.loc 1 73 9 is_stmt 0 view .LVU70
 390 001e 0122     		movs	r2, #1
 391 0020 6946     		mov	r1, sp
 392 0022 1248     		ldr	r0, .L25+4
 393              	.LVL39:
  73:Core/Src/sd_intf.c ****   if (res != FR_OK) {
 394              		.loc 1 73 9 view .LVU71
 395 0024 FFF7FEFF 		bl	f_write
 396              	.LVL40:
  73:Core/Src/sd_intf.c ****   if (res != FR_OK) {
 397              		.loc 1 73 9 view .LVU72
 398 0028 0346     		mov	r3, r0
 399              	.LVL41:
  74:Core/Src/sd_intf.c ****     return res;
ARM GAS  /var/folders/gv/t2w3mcd17yl2fynvjl120d0m0000gn/T//ccjzQccM.s 			page 10


 400              		.loc 1 74 3 is_stmt 1 view .LVU73
  74:Core/Src/sd_intf.c ****     return res;
 401              		.loc 1 74 6 is_stmt 0 view .LVU74
 402 002a 0028     		cmp	r0, #0
 403 002c F4D1     		bne	.L21
  77:Core/Src/sd_intf.c ****   if (res != FR_OK) {
 404              		.loc 1 77 3 is_stmt 1 view .LVU75
  77:Core/Src/sd_intf.c ****   if (res != FR_OK) {
 405              		.loc 1 77 9 is_stmt 0 view .LVU76
 406 002e 0422     		movs	r2, #4
 407 0030 0DEB0201 		add	r1, sp, r2
 408 0034 0D48     		ldr	r0, .L25+4
 409              	.LVL42:
  77:Core/Src/sd_intf.c ****   if (res != FR_OK) {
 410              		.loc 1 77 9 view .LVU77
 411 0036 FFF7FEFF 		bl	f_write
 412              	.LVL43:
  77:Core/Src/sd_intf.c ****   if (res != FR_OK) {
 413              		.loc 1 77 9 view .LVU78
 414 003a 0346     		mov	r3, r0
 415              	.LVL44:
  78:Core/Src/sd_intf.c ****     return res;
 416              		.loc 1 78 3 is_stmt 1 view .LVU79
  78:Core/Src/sd_intf.c ****     return res;
 417              		.loc 1 78 6 is_stmt 0 view .LVU80
 418 003c 0028     		cmp	r0, #0
 419 003e EBD1     		bne	.L21
  81:Core/Src/sd_intf.c ****   if (res != FR_OK) {
 420              		.loc 1 81 3 is_stmt 1 view .LVU81
  81:Core/Src/sd_intf.c ****   if (res != FR_OK) {
 421              		.loc 1 81 9 is_stmt 0 view .LVU82
 422 0040 0422     		movs	r2, #4
 423 0042 02A9     		add	r1, sp, #8
 424 0044 0948     		ldr	r0, .L25+4
 425              	.LVL45:
  81:Core/Src/sd_intf.c ****   if (res != FR_OK) {
 426              		.loc 1 81 9 view .LVU83
 427 0046 FFF7FEFF 		bl	f_write
 428              	.LVL46:
  81:Core/Src/sd_intf.c ****   if (res != FR_OK) {
 429              		.loc 1 81 9 view .LVU84
 430 004a 0346     		mov	r3, r0
 431              	.LVL47:
  82:Core/Src/sd_intf.c ****     return res;
 432              		.loc 1 82 3 is_stmt 1 view .LVU85
  82:Core/Src/sd_intf.c ****     return res;
 433              		.loc 1 82 6 is_stmt 0 view .LVU86
 434 004c 0028     		cmp	r0, #0
 435 004e E3D1     		bne	.L21
  85:Core/Src/sd_intf.c ****   if (res != FR_OK) {
 436              		.loc 1 85 3 is_stmt 1 view .LVU87
  85:Core/Src/sd_intf.c ****   if (res != FR_OK) {
 437              		.loc 1 85 9 is_stmt 0 view .LVU88
 438 0050 029A     		ldr	r2, [sp, #8]
 439 0052 0399     		ldr	r1, [sp, #12]
 440 0054 0548     		ldr	r0, .L25+4
 441              	.LVL48:
ARM GAS  /var/folders/gv/t2w3mcd17yl2fynvjl120d0m0000gn/T//ccjzQccM.s 			page 11


  85:Core/Src/sd_intf.c ****   if (res != FR_OK) {
 442              		.loc 1 85 9 view .LVU89
 443 0056 FFF7FEFF 		bl	f_write
 444              	.LVL49:
  86:Core/Src/sd_intf.c ****     return res;
 445              		.loc 1 86 3 is_stmt 1 view .LVU90
  86:Core/Src/sd_intf.c ****     return res;
 446              		.loc 1 86 6 is_stmt 0 view .LVU91
 447 005a 0028     		cmp	r0, #0
 448 005c DCD1     		bne	.L21
  89:Core/Src/sd_intf.c ****   return res;
 449              		.loc 1 89 3 is_stmt 1 view .LVU92
  89:Core/Src/sd_intf.c ****   return res;
 450              		.loc 1 89 9 is_stmt 0 view .LVU93
 451 005e 0348     		ldr	r0, .L25+4
 452              	.LVL50:
  89:Core/Src/sd_intf.c ****   return res;
 453              		.loc 1 89 9 view .LVU94
 454 0060 FFF7FEFF 		bl	f_close
 455              	.LVL51:
  90:Core/Src/sd_intf.c **** }
 456              		.loc 1 90 3 is_stmt 1 view .LVU95
  90:Core/Src/sd_intf.c **** }
 457              		.loc 1 90 10 is_stmt 0 view .LVU96
 458 0064 D8E7     		b	.L21
 459              	.L26:
 460 0066 00BF     		.align	2
 461              	.L25:
 462 0068 00000000 		.word	data_path
 463 006c 00000000 		.word	sdData
 464              		.cfi_endproc
 465              	.LFE234:
 467              		.section	.text.BSP_SD_IsDetected,"ax",%progbits
 468              		.align	1
 469              		.global	BSP_SD_IsDetected
 470              		.syntax unified
 471              		.thumb
 472              		.thumb_func
 474              	BSP_SD_IsDetected:
 475              	.LFB235:
  92:Core/Src/sd_intf.c **** 
  93:Core/Src/sd_intf.c **** uint8_t BSP_SD_IsDetected(void)
  94:Core/Src/sd_intf.c **** {
 476              		.loc 1 94 1 is_stmt 1 view -0
 477              		.cfi_startproc
 478              		@ args = 0, pretend = 0, frame = 8
 479              		@ frame_needed = 0, uses_anonymous_args = 0
 480 0000 00B5     		push	{lr}
 481              	.LCFI12:
 482              		.cfi_def_cfa_offset 4
 483              		.cfi_offset 14, -4
 484 0002 83B0     		sub	sp, sp, #12
 485              	.LCFI13:
 486              		.cfi_def_cfa_offset 16
  95:Core/Src/sd_intf.c ****   __IO uint8_t status = SD_PRESENT;
 487              		.loc 1 95 3 view .LVU98
 488              		.loc 1 95 16 is_stmt 0 view .LVU99
ARM GAS  /var/folders/gv/t2w3mcd17yl2fynvjl120d0m0000gn/T//ccjzQccM.s 			page 12


 489 0004 0123     		movs	r3, #1
 490 0006 8DF80730 		strb	r3, [sp, #7]
  96:Core/Src/sd_intf.c **** 
  97:Core/Src/sd_intf.c ****   if (HAL_GPIO_ReadPin(SD_DETECT_GPIO_PORT, SD_DETECT_PIN)== 0x1) //SD switch is inverted
 491              		.loc 1 97 3 is_stmt 1 view .LVU100
 492              		.loc 1 97 7 is_stmt 0 view .LVU101
 493 000a 4FF48061 		mov	r1, #1024
 494 000e 4FF09040 		mov	r0, #1207959552
 495 0012 FFF7FEFF 		bl	HAL_GPIO_ReadPin
 496              	.LVL52:
 497              		.loc 1 97 6 discriminator 1 view .LVU102
 498 0016 0128     		cmp	r0, #1
 499 0018 03D0     		beq	.L30
 500              	.L28:
  98:Core/Src/sd_intf.c ****   {
  99:Core/Src/sd_intf.c ****     status = SD_NOT_PRESENT;
 100:Core/Src/sd_intf.c ****   }
 101:Core/Src/sd_intf.c **** 
 102:Core/Src/sd_intf.c ****   return status;
 501              		.loc 1 102 3 is_stmt 1 view .LVU103
 502              		.loc 1 102 10 is_stmt 0 view .LVU104
 503 001a 9DF80700 		ldrb	r0, [sp, #7]	@ zero_extendqisi2
 103:Core/Src/sd_intf.c **** }...
 504              		.loc 1 103 1 view .LVU105
 505 001e 03B0     		add	sp, sp, #12
 506              	.LCFI14:
 507              		.cfi_remember_state
 508              		.cfi_def_cfa_offset 4
 509              		@ sp needed
 510 0020 00BD     		pop	{pc}
 511              	.L30:
 512              	.LCFI15:
 513              		.cfi_restore_state
  99:Core/Src/sd_intf.c ****     status = SD_NOT_PRESENT;
 514              		.loc 1 99 5 is_stmt 1 view .LVU106
  99:Core/Src/sd_intf.c ****     status = SD_NOT_PRESENT;
 515              		.loc 1 99 12 is_stmt 0 view .LVU107
 516 0022 0023     		movs	r3, #0
 517 0024 8DF80730 		strb	r3, [sp, #7]
 518 0028 F7E7     		b	.L28
 519              		.cfi_endproc
 520              	.LFE235:
 522              		.global	log_path
 523              		.section	.bss.log_path,"aw",%nobits
 524              		.align	2
 527              	log_path:
 528 0000 00000000 		.space	256
 528      00000000 
 528      00000000 
 528      00000000 
 528      00000000 
 529              		.global	data_path
 530              		.section	.bss.data_path,"aw",%nobits
 531              		.align	2
 534              	data_path:
 535 0000 00000000 		.space	256
 535      00000000 
ARM GAS  /var/folders/gv/t2w3mcd17yl2fynvjl120d0m0000gn/T//ccjzQccM.s 			page 13


 535      00000000 
 535      00000000 
 535      00000000 
 536              		.global	sdLog
 537              		.section	.bss.sdLog,"aw",%nobits
 538              		.align	3
 541              	sdLog:
 542 0000 00000000 		.space	600
 542      00000000 
 542      00000000 
 542      00000000 
 542      00000000 
 543              		.global	sdData
 544              		.section	.bss.sdData,"aw",%nobits
 545              		.align	3
 548              	sdData:
 549 0000 00000000 		.space	600
 549      00000000 
 549      00000000 
 549      00000000 
 549      00000000 
 550              		.section	.rodata
 551              		.align	2
 552              		.set	.LANCHOR0,. + 0
 553              	.LC2:
 554 0000 74657374 		.ascii	"test_data%i.bin\000\000"
 554      5F646174 
 554      6125692E 
 554      62696E00 
 554      00
 555 0011 000000   		.space	3
 556              	.LC4:
 557 0014 74657374 		.ascii	"test_log%i.txt\000\000"
 557      5F6C6F67 
 557      25692E74 
 557      78740000 
 558              		.text
 559              	.Letext0:
 560              		.file 2 "/Applications/ArmGNUToolchain/15.2.rel1/arm-none-eabi/arm-none-eabi/include/machine/_defa
 561              		.file 3 "/Applications/ArmGNUToolchain/15.2.rel1/arm-none-eabi/lib/gcc/arm-none-eabi/15.2.1/includ
 562              		.file 4 "/Applications/ArmGNUToolchain/15.2.rel1/arm-none-eabi/lib/gcc/arm-none-eabi/15.2.1/includ
 563              		.file 5 "/Applications/ArmGNUToolchain/15.2.rel1/arm-none-eabi/arm-none-eabi/include/stdio.h"
 564              		.file 6 "/Applications/ArmGNUToolchain/15.2.rel1/arm-none-eabi/arm-none-eabi/include/sys/_stdint.h
 565              		.file 7 "Middlewares/Third_Party/FatFs/src/integer.h"
 566              		.file 8 "Drivers/CMSIS/Device/ST/STM32L4xx/Include/stm32l476xx.h"
 567              		.file 9 "Drivers/STM32L4xx_HAL_Driver/Inc/stm32l4xx_hal_gpio.h"
 568              		.file 10 "Middlewares/Third_Party/FatFs/src/ff.h"
 569              		.file 11 "FATFS/App/fatfs.h"
 570              		.file 12 "Core/Inc/sd_intf.h"
 571              		.file 13 "/Applications/ArmGNUToolchain/15.2.rel1/arm-none-eabi/arm-none-eabi/include/string.h"
 572              		.file 14 "Drivers/STM32L4xx_HAL_Driver/Inc/stm32l4xx_ll_dma.h"
 573              		.file 15 "<built-in>"
 574              		.file 16 "Core/Inc/main.h"
ARM GAS  /var/folders/gv/t2w3mcd17yl2fynvjl120d0m0000gn/T//ccjzQccM.s 			page 14


DEFINED SYMBOLS
                            *ABS*:00000000 sd_intf.c
/var/folders/gv/t2w3mcd17yl2fynvjl120d0m0000gn/T//ccjzQccM.s:21     .rodata.log_printf.str1.4:00000000 $d
/var/folders/gv/t2w3mcd17yl2fynvjl120d0m0000gn/T//ccjzQccM.s:25     .text.log_printf:00000000 $t
/var/folders/gv/t2w3mcd17yl2fynvjl120d0m0000gn/T//ccjzQccM.s:31     .text.log_printf:00000000 log_printf
/var/folders/gv/t2w3mcd17yl2fynvjl120d0m0000gn/T//ccjzQccM.s:118    .text.log_printf:00000054 $d
/var/folders/gv/t2w3mcd17yl2fynvjl120d0m0000gn/T//ccjzQccM.s:541    .bss.sdLog:00000000 sdLog
/var/folders/gv/t2w3mcd17yl2fynvjl120d0m0000gn/T//ccjzQccM.s:527    .bss.log_path:00000000 log_path
/var/folders/gv/t2w3mcd17yl2fynvjl120d0m0000gn/T//ccjzQccM.s:125    .rodata.initSD.str1.4:00000000 $d
/var/folders/gv/t2w3mcd17yl2fynvjl120d0m0000gn/T//ccjzQccM.s:129    .text.initSD:00000000 $t
/var/folders/gv/t2w3mcd17yl2fynvjl120d0m0000gn/T//ccjzQccM.s:135    .text.initSD:00000000 initSD
/var/folders/gv/t2w3mcd17yl2fynvjl120d0m0000gn/T//ccjzQccM.s:178    .text.initSD:00000020 $d
/var/folders/gv/t2w3mcd17yl2fynvjl120d0m0000gn/T//ccjzQccM.s:185    .rodata.initSDFiles.str1.4:00000000 $d
/var/folders/gv/t2w3mcd17yl2fynvjl120d0m0000gn/T//ccjzQccM.s:196    .text.initSDFiles:00000000 $t
/var/folders/gv/t2w3mcd17yl2fynvjl120d0m0000gn/T//ccjzQccM.s:202    .text.initSDFiles:00000000 initSDFiles
/var/folders/gv/t2w3mcd17yl2fynvjl120d0m0000gn/T//ccjzQccM.s:327    .text.initSDFiles:00000078 $d
/var/folders/gv/t2w3mcd17yl2fynvjl120d0m0000gn/T//ccjzQccM.s:534    .bss.data_path:00000000 data_path
/var/folders/gv/t2w3mcd17yl2fynvjl120d0m0000gn/T//ccjzQccM.s:548    .bss.sdData:00000000 sdData
/var/folders/gv/t2w3mcd17yl2fynvjl120d0m0000gn/T//ccjzQccM.s:340    .text.writePacket:00000000 $t
/var/folders/gv/t2w3mcd17yl2fynvjl120d0m0000gn/T//ccjzQccM.s:346    .text.writePacket:00000000 writePacket
/var/folders/gv/t2w3mcd17yl2fynvjl120d0m0000gn/T//ccjzQccM.s:462    .text.writePacket:00000068 $d
/var/folders/gv/t2w3mcd17yl2fynvjl120d0m0000gn/T//ccjzQccM.s:468    .text.BSP_SD_IsDetected:00000000 $t
/var/folders/gv/t2w3mcd17yl2fynvjl120d0m0000gn/T//ccjzQccM.s:474    .text.BSP_SD_IsDetected:00000000 BSP_SD_IsDetected
/var/folders/gv/t2w3mcd17yl2fynvjl120d0m0000gn/T//ccjzQccM.s:524    .bss.log_path:00000000 $d
/var/folders/gv/t2w3mcd17yl2fynvjl120d0m0000gn/T//ccjzQccM.s:531    .bss.data_path:00000000 $d
/var/folders/gv/t2w3mcd17yl2fynvjl120d0m0000gn/T//ccjzQccM.s:538    .bss.sdLog:00000000 $d
/var/folders/gv/t2w3mcd17yl2fynvjl120d0m0000gn/T//ccjzQccM.s:545    .bss.sdData:00000000 $d
/var/folders/gv/t2w3mcd17yl2fynvjl120d0m0000gn/T//ccjzQccM.s:551    .rodata:00000000 $d

UNDEFINED SYMBOLS
vsprintf
f_open
strlen
f_write
f_close
printf
f_mount
Error_Handler
SDPath
SDFatFS
sprintf
HAL_GPIO_ReadPin
