ARM GAS  /var/folders/gv/t2w3mcd17yl2fynvjl120d0m0000gn/T//ccIRA26x.s 			page 1


   1              		.cpu cortex-m4
   2              		.arch armv7e-m
   3              		.fpu fpv4-sp-d16
   4              		.eabi_attribute 27, 1
   5              		.eabi_attribute 28, 1
   6              		.eabi_attribute 20, 1
   7              		.eabi_attribute 21, 1
   8              		.eabi_attribute 23, 3
   9              		.eabi_attribute 24, 1
  10              		.eabi_attribute 25, 1
  11              		.eabi_attribute 26, 1
  12              		.eabi_attribute 30, 1
  13              		.eabi_attribute 34, 1
  14              		.eabi_attribute 18, 4
  15              		.file	"sdmmc.c"
  16              		.text
  17              	.Ltext0:
  18              		.cfi_sections	.debug_frame
  19              		.file 1 "Core/Src/sdmmc.c"
  20              		.section	.text.MX_SDMMC1_SD_Init,"ax",%progbits
  21              		.align	1
  22              		.global	MX_SDMMC1_SD_Init
  23              		.syntax unified
  24              		.thumb
  25              		.thumb_func
  27              	MX_SDMMC1_SD_Init:
  28              	.LFB228:
   1:Core/Src/sdmmc.c **** /* USER CODE BEGIN Header */
   2:Core/Src/sdmmc.c **** /**
   3:Core/Src/sdmmc.c ****   ******************************************************************************
   4:Core/Src/sdmmc.c ****   * @file    sdmmc.c
   5:Core/Src/sdmmc.c ****   * @brief   This file provides code for the configuration
   6:Core/Src/sdmmc.c ****   *          of the SDMMC instances.
   7:Core/Src/sdmmc.c ****   ******************************************************************************
   8:Core/Src/sdmmc.c ****   * @attention
   9:Core/Src/sdmmc.c ****   *
  10:Core/Src/sdmmc.c ****   * Copyright (c) 2026 STMicroelectronics.
  11:Core/Src/sdmmc.c ****   * All rights reserved.
  12:Core/Src/sdmmc.c ****   *
  13:Core/Src/sdmmc.c ****   * This software is licensed under terms that can be found in the LICENSE file
  14:Core/Src/sdmmc.c ****   * in the root directory of this software component.
  15:Core/Src/sdmmc.c ****   * If no LICENSE file comes with this software, it is provided AS-IS.
  16:Core/Src/sdmmc.c ****   *
  17:Core/Src/sdmmc.c ****   ******************************************************************************
  18:Core/Src/sdmmc.c ****   */
  19:Core/Src/sdmmc.c **** /* USER CODE END Header */
  20:Core/Src/sdmmc.c **** /* Includes ------------------------------------------------------------------*/
  21:Core/Src/sdmmc.c **** #include "sdmmc.h"
  22:Core/Src/sdmmc.c **** 
  23:Core/Src/sdmmc.c **** /* USER CODE BEGIN 0 */
  24:Core/Src/sdmmc.c **** extern DMA_HandleTypeDef hdma_sdmmc1;
  25:Core/Src/sdmmc.c **** /* USER CODE END 0 */
  26:Core/Src/sdmmc.c **** 
  27:Core/Src/sdmmc.c **** SD_HandleTypeDef hsd1;
  28:Core/Src/sdmmc.c **** DMA_HandleTypeDef hdma_sdmmc1_rx;
  29:Core/Src/sdmmc.c **** DMA_HandleTypeDef hdma_sdmmc1_tx;
  30:Core/Src/sdmmc.c **** 
ARM GAS  /var/folders/gv/t2w3mcd17yl2fynvjl120d0m0000gn/T//ccIRA26x.s 			page 2


  31:Core/Src/sdmmc.c **** /* SDMMC1 init function */
  32:Core/Src/sdmmc.c **** 
  33:Core/Src/sdmmc.c **** void MX_SDMMC1_SD_Init(void)
  34:Core/Src/sdmmc.c **** {
  29              		.loc 1 34 1 view -0
  30              		.cfi_startproc
  31              		@ args = 0, pretend = 0, frame = 0
  32              		@ frame_needed = 0, uses_anonymous_args = 0
  33              		@ link register save eliminated.
  35:Core/Src/sdmmc.c **** 
  36:Core/Src/sdmmc.c ****   /* USER CODE BEGIN SDMMC1_Init 0 */
  37:Core/Src/sdmmc.c **** 
  38:Core/Src/sdmmc.c ****   /* USER CODE END SDMMC1_Init 0 */
  39:Core/Src/sdmmc.c **** 
  40:Core/Src/sdmmc.c ****   /* USER CODE BEGIN SDMMC1_Init 1 */
  41:Core/Src/sdmmc.c **** 
  42:Core/Src/sdmmc.c ****   /* USER CODE END SDMMC1_Init 1 */
  43:Core/Src/sdmmc.c ****   hsd1.Instance = SDMMC1;
  34              		.loc 1 43 3 view .LVU1
  35              		.loc 1 43 17 is_stmt 0 view .LVU2
  36 0000 064B     		ldr	r3, .L2
  37 0002 074A     		ldr	r2, .L2+4
  38 0004 1A60     		str	r2, [r3]
  44:Core/Src/sdmmc.c ****   hsd1.Init.ClockEdge = SDMMC_CLOCK_EDGE_RISING;
  39              		.loc 1 44 3 is_stmt 1 view .LVU3
  40              		.loc 1 44 23 is_stmt 0 view .LVU4
  41 0006 0022     		movs	r2, #0
  42 0008 5A60     		str	r2, [r3, #4]
  45:Core/Src/sdmmc.c ****   hsd1.Init.ClockBypass = SDMMC_CLOCK_BYPASS_DISABLE;
  43              		.loc 1 45 3 is_stmt 1 view .LVU5
  44              		.loc 1 45 25 is_stmt 0 view .LVU6
  45 000a 9A60     		str	r2, [r3, #8]
  46:Core/Src/sdmmc.c ****   hsd1.Init.ClockPowerSave = SDMMC_CLOCK_POWER_SAVE_DISABLE;
  46              		.loc 1 46 3 is_stmt 1 view .LVU7
  47              		.loc 1 46 28 is_stmt 0 view .LVU8
  48 000c DA60     		str	r2, [r3, #12]
  47:Core/Src/sdmmc.c ****   hsd1.Init.BusWide = SDMMC_BUS_WIDE_4B;
  49              		.loc 1 47 3 is_stmt 1 view .LVU9
  50              		.loc 1 47 21 is_stmt 0 view .LVU10
  51 000e 4FF40061 		mov	r1, #2048
  52 0012 1961     		str	r1, [r3, #16]
  48:Core/Src/sdmmc.c ****   hsd1.Init.HardwareFlowControl = SDMMC_HARDWARE_FLOW_CONTROL_DISABLE;
  53              		.loc 1 48 3 is_stmt 1 view .LVU11
  54              		.loc 1 48 33 is_stmt 0 view .LVU12
  55 0014 5A61     		str	r2, [r3, #20]
  49:Core/Src/sdmmc.c ****   hsd1.Init.ClockDiv = 0;
  56              		.loc 1 49 3 is_stmt 1 view .LVU13
  57              		.loc 1 49 22 is_stmt 0 view .LVU14
  58 0016 9A61     		str	r2, [r3, #24]
  50:Core/Src/sdmmc.c ****   /* USER CODE BEGIN SDMMC1_Init 2 */
  51:Core/Src/sdmmc.c **** 
  52:Core/Src/sdmmc.c ****   /* USER CODE END SDMMC1_Init 2 */
  53:Core/Src/sdmmc.c **** 
  54:Core/Src/sdmmc.c **** }
  59              		.loc 1 54 1 view .LVU15
  60 0018 7047     		bx	lr
  61              	.L3:
ARM GAS  /var/folders/gv/t2w3mcd17yl2fynvjl120d0m0000gn/T//ccIRA26x.s 			page 3


  62 001a 00BF     		.align	2
  63              	.L2:
  64 001c 00000000 		.word	hsd1
  65 0020 00280140 		.word	1073817600
  66              		.cfi_endproc
  67              	.LFE228:
  69              		.section	.text.HAL_SD_MspInit,"ax",%progbits
  70              		.align	1
  71              		.global	HAL_SD_MspInit
  72              		.syntax unified
  73              		.thumb
  74              		.thumb_func
  76              	HAL_SD_MspInit:
  77              	.LVL0:
  78              	.LFB229:
  55:Core/Src/sdmmc.c **** 
  56:Core/Src/sdmmc.c **** void HAL_SD_MspInit(SD_HandleTypeDef* sdHandle)
  57:Core/Src/sdmmc.c **** {
  79              		.loc 1 57 1 is_stmt 1 view -0
  80              		.cfi_startproc
  81              		@ args = 0, pretend = 0, frame = 168
  82              		@ frame_needed = 0, uses_anonymous_args = 0
  83              		.loc 1 57 1 is_stmt 0 view .LVU17
  84 0000 F0B5     		push	{r4, r5, r6, r7, lr}
  85              	.LCFI0:
  86              		.cfi_def_cfa_offset 20
  87              		.cfi_offset 4, -20
  88              		.cfi_offset 5, -16
  89              		.cfi_offset 6, -12
  90              		.cfi_offset 7, -8
  91              		.cfi_offset 14, -4
  92 0002 ABB0     		sub	sp, sp, #172
  93              	.LCFI1:
  94              		.cfi_def_cfa_offset 192
  95 0004 0446     		mov	r4, r0
  58:Core/Src/sdmmc.c **** 
  59:Core/Src/sdmmc.c ****   GPIO_InitTypeDef GPIO_InitStruct = {0};
  96              		.loc 1 59 3 is_stmt 1 view .LVU18
  97              		.loc 1 59 20 is_stmt 0 view .LVU19
  98 0006 0021     		movs	r1, #0
  99 0008 2591     		str	r1, [sp, #148]
 100 000a 2691     		str	r1, [sp, #152]
 101 000c 2791     		str	r1, [sp, #156]
 102 000e 2891     		str	r1, [sp, #160]
 103 0010 2991     		str	r1, [sp, #164]
  60:Core/Src/sdmmc.c ****   RCC_PeriphCLKInitTypeDef PeriphClkInit = {0};
 104              		.loc 1 60 3 is_stmt 1 view .LVU20
 105              		.loc 1 60 28 is_stmt 0 view .LVU21
 106 0012 8822     		movs	r2, #136
 107 0014 03A8     		add	r0, sp, #12
 108              	.LVL1:
 109              		.loc 1 60 28 view .LVU22
 110 0016 FFF7FEFF 		bl	memset
 111              	.LVL2:
  61:Core/Src/sdmmc.c ****   if(sdHandle->Instance==SDMMC1)
 112              		.loc 1 61 3 is_stmt 1 view .LVU23
 113              		.loc 1 61 14 is_stmt 0 view .LVU24
ARM GAS  /var/folders/gv/t2w3mcd17yl2fynvjl120d0m0000gn/T//ccIRA26x.s 			page 4


 114 001a 2268     		ldr	r2, [r4]
 115              		.loc 1 61 5 view .LVU25
 116 001c 3D4B     		ldr	r3, .L13
 117 001e 9A42     		cmp	r2, r3
 118 0020 01D0     		beq	.L10
 119              	.L4:
  62:Core/Src/sdmmc.c ****   {
  63:Core/Src/sdmmc.c ****   /* USER CODE BEGIN SDMMC1_MspInit 0 */
  64:Core/Src/sdmmc.c ****   PeriphClkInit.PeriphClockSelection = RCC_PERIPHCLK_SDMMC1;
  65:Core/Src/sdmmc.c ****   PeriphClkInit.Sdmmc1ClockSelection = RCC_SDMMC1CLKSOURCE_PLLSAI1;
  66:Core/Src/sdmmc.c ****   PeriphClkInit.PLLSAI1.PLLSAI1Source = RCC_PLLSOURCE_HSI;
  67:Core/Src/sdmmc.c ****   PeriphClkInit.PLLSAI1.PLLSAI1M = 1;
  68:Core/Src/sdmmc.c ****   PeriphClkInit.PLLSAI1.PLLSAI1N = 20;
  69:Core/Src/sdmmc.c ****   PeriphClkInit.PLLSAI1.PLLSAI1P = RCC_PLLP_DIV7;
  70:Core/Src/sdmmc.c ****   PeriphClkInit.PLLSAI1.PLLSAI1Q = RCC_PLLQ_DIV8;
  71:Core/Src/sdmmc.c ****   PeriphClkInit.PLLSAI1.PLLSAI1R = RCC_PLLR_DIV2;
  72:Core/Src/sdmmc.c ****   PeriphClkInit.PLLSAI1.PLLSAI1ClockOut = RCC_PLLSAI1_48M2CLK;
  73:Core/Src/sdmmc.c ****   if (HAL_RCCEx_PeriphCLKConfig(&PeriphClkInit) != HAL_OK)
  74:Core/Src/sdmmc.c ****   {
  75:Core/Src/sdmmc.c ****     Error_Handler();
  76:Core/Src/sdmmc.c ****   }
  77:Core/Src/sdmmc.c **** 
  78:Core/Src/sdmmc.c ****   __HAL_RCC_SDMMC1_CLK_ENABLE();
  79:Core/Src/sdmmc.c **** 
  80:Core/Src/sdmmc.c **** 	__HAL_RCC_GPIOC_CLK_ENABLE();
  81:Core/Src/sdmmc.c **** 	__HAL_RCC_GPIOD_CLK_ENABLE();
  82:Core/Src/sdmmc.c **** 	GPIO_InitStruct.Pin = GPIO_PIN_8|GPIO_PIN_9|GPIO_PIN_10|GPIO_PIN_11
  83:Core/Src/sdmmc.c **** 	                            |GPIO_PIN_12;
  84:Core/Src/sdmmc.c **** 	GPIO_InitStruct.Mode = GPIO_MODE_AF_PP;
  85:Core/Src/sdmmc.c **** 	GPIO_InitStruct.Pull = GPIO_NOPULL;
  86:Core/Src/sdmmc.c **** 	GPIO_InitStruct.Speed = GPIO_SPEED_FREQ_VERY_HIGH;
  87:Core/Src/sdmmc.c **** 	GPIO_InitStruct.Alternate = GPIO_AF12_SDMMC1;
  88:Core/Src/sdmmc.c **** 	HAL_GPIO_Init(GPIOC, &GPIO_InitStruct);
  89:Core/Src/sdmmc.c **** 
  90:Core/Src/sdmmc.c **** 	GPIO_InitStruct.Pin = GPIO_PIN_2;
  91:Core/Src/sdmmc.c **** 	GPIO_InitStruct.Mode = GPIO_MODE_AF_PP;
  92:Core/Src/sdmmc.c **** 	GPIO_InitStruct.Pull = GPIO_NOPULL;
  93:Core/Src/sdmmc.c **** 	GPIO_InitStruct.Speed = GPIO_SPEED_FREQ_VERY_HIGH;
  94:Core/Src/sdmmc.c **** 	GPIO_InitStruct.Alternate = GPIO_AF12_SDMMC1;
  95:Core/Src/sdmmc.c **** 	HAL_GPIO_Init(GPIOD, &GPIO_InitStruct);
  96:Core/Src/sdmmc.c **** 
  97:Core/Src/sdmmc.c **** 	hdma_sdmmc1.Instance = DMA2_Channel4;
  98:Core/Src/sdmmc.c **** 	hdma_sdmmc1.Init.Request = DMA_REQUEST_7;
  99:Core/Src/sdmmc.c **** 	hdma_sdmmc1.Init.Direction = DMA_MEMORY_TO_PERIPH;
 100:Core/Src/sdmmc.c **** 	hdma_sdmmc1.Init.PeriphInc = DMA_PINC_DISABLE;
 101:Core/Src/sdmmc.c **** 	hdma_sdmmc1.Init.MemInc = DMA_MINC_ENABLE;
 102:Core/Src/sdmmc.c **** 	hdma_sdmmc1.Init.PeriphDataAlignment = DMA_PDATAALIGN_WORD;
 103:Core/Src/sdmmc.c **** 	hdma_sdmmc1.Init.MemDataAlignment = DMA_MDATAALIGN_WORD;
 104:Core/Src/sdmmc.c **** 	hdma_sdmmc1.Init.Mode = DMA_NORMAL;
 105:Core/Src/sdmmc.c **** 	hdma_sdmmc1.Init.Priority = DMA_PRIORITY_LOW;
 106:Core/Src/sdmmc.c **** 	if (HAL_DMA_Init(&hdma_sdmmc1) != HAL_OK)
 107:Core/Src/sdmmc.c **** 	{
 108:Core/Src/sdmmc.c **** 	  Error_Handler();
 109:Core/Src/sdmmc.c **** 	}
 110:Core/Src/sdmmc.c **** 
 111:Core/Src/sdmmc.c **** 	__HAL_LINKDMA(sdHandle,hdmarx,hdma_sdmmc1);
 112:Core/Src/sdmmc.c **** 	__HAL_LINKDMA(sdHandle,hdmatx,hdma_sdmmc1);
ARM GAS  /var/folders/gv/t2w3mcd17yl2fynvjl120d0m0000gn/T//ccIRA26x.s 			page 5


 113:Core/Src/sdmmc.c **** 
 114:Core/Src/sdmmc.c **** 	HAL_NVIC_SetPriority(SDMMC1_IRQn, 0, 0);
 115:Core/Src/sdmmc.c **** 	HAL_NVIC_EnableIRQ(SDMMC1_IRQn);
 116:Core/Src/sdmmc.c **** 
 117:Core/Src/sdmmc.c **** 	return;
 118:Core/Src/sdmmc.c ****   /* USER CODE END SDMMC1_MspInit 0 */
 119:Core/Src/sdmmc.c **** 
 120:Core/Src/sdmmc.c ****   /** Initializes the peripherals clock
 121:Core/Src/sdmmc.c ****   */
 122:Core/Src/sdmmc.c ****     PeriphClkInit.PeriphClockSelection = RCC_PERIPHCLK_SDMMC1;
 123:Core/Src/sdmmc.c ****     PeriphClkInit.Sdmmc1ClockSelection = RCC_SDMMC1CLKSOURCE_PLLSAI1;
 124:Core/Src/sdmmc.c ****     PeriphClkInit.PLLSAI1.PLLSAI1Source = RCC_PLLSOURCE_HSI;
 125:Core/Src/sdmmc.c ****     PeriphClkInit.PLLSAI1.PLLSAI1M = 1;
 126:Core/Src/sdmmc.c ****     PeriphClkInit.PLLSAI1.PLLSAI1N = 8;
 127:Core/Src/sdmmc.c ****     PeriphClkInit.PLLSAI1.PLLSAI1P = RCC_PLLP_DIV7;
 128:Core/Src/sdmmc.c ****     PeriphClkInit.PLLSAI1.PLLSAI1Q = RCC_PLLQ_DIV4;
 129:Core/Src/sdmmc.c ****     PeriphClkInit.PLLSAI1.PLLSAI1R = RCC_PLLR_DIV2;
 130:Core/Src/sdmmc.c ****     PeriphClkInit.PLLSAI1.PLLSAI1ClockOut = RCC_PLLSAI1_48M2CLK;
 131:Core/Src/sdmmc.c ****     if (HAL_RCCEx_PeriphCLKConfig(&PeriphClkInit) != HAL_OK)
 132:Core/Src/sdmmc.c ****     {
 133:Core/Src/sdmmc.c ****       Error_Handler();
 134:Core/Src/sdmmc.c ****     }
 135:Core/Src/sdmmc.c **** 
 136:Core/Src/sdmmc.c ****     /* SDMMC1 clock enable */
 137:Core/Src/sdmmc.c ****     __HAL_RCC_SDMMC1_CLK_ENABLE();
 138:Core/Src/sdmmc.c **** 
 139:Core/Src/sdmmc.c ****     __HAL_RCC_GPIOC_CLK_ENABLE();
 140:Core/Src/sdmmc.c ****     __HAL_RCC_GPIOD_CLK_ENABLE();
 141:Core/Src/sdmmc.c ****     /**SDMMC1 GPIO Configuration
 142:Core/Src/sdmmc.c ****     PC8     ------> SDMMC1_D0
 143:Core/Src/sdmmc.c ****     PC9     ------> SDMMC1_D1
 144:Core/Src/sdmmc.c ****     PC10     ------> SDMMC1_D2
 145:Core/Src/sdmmc.c ****     PC11     ------> SDMMC1_D3
 146:Core/Src/sdmmc.c ****     PC12     ------> SDMMC1_CK
 147:Core/Src/sdmmc.c ****     PD2     ------> SDMMC1_CMD
 148:Core/Src/sdmmc.c ****     */
 149:Core/Src/sdmmc.c ****     GPIO_InitStruct.Pin = GPIO_PIN_8|GPIO_PIN_9|GPIO_PIN_10|GPIO_PIN_11
 150:Core/Src/sdmmc.c ****                           |GPIO_PIN_12;
 151:Core/Src/sdmmc.c ****     GPIO_InitStruct.Mode = GPIO_MODE_AF_PP;
 152:Core/Src/sdmmc.c ****     GPIO_InitStruct.Pull = GPIO_NOPULL;
 153:Core/Src/sdmmc.c ****     GPIO_InitStruct.Speed = GPIO_SPEED_FREQ_VERY_HIGH;
 154:Core/Src/sdmmc.c ****     GPIO_InitStruct.Alternate = GPIO_AF12_SDMMC1;
 155:Core/Src/sdmmc.c ****     HAL_GPIO_Init(GPIOC, &GPIO_InitStruct);
 156:Core/Src/sdmmc.c **** 
 157:Core/Src/sdmmc.c ****     GPIO_InitStruct.Pin = GPIO_PIN_2;
 158:Core/Src/sdmmc.c ****     GPIO_InitStruct.Mode = GPIO_MODE_AF_PP;
 159:Core/Src/sdmmc.c ****     GPIO_InitStruct.Pull = GPIO_NOPULL;
 160:Core/Src/sdmmc.c ****     GPIO_InitStruct.Speed = GPIO_SPEED_FREQ_VERY_HIGH;
 161:Core/Src/sdmmc.c ****     GPIO_InitStruct.Alternate = GPIO_AF12_SDMMC1;
 162:Core/Src/sdmmc.c ****     HAL_GPIO_Init(GPIOD, &GPIO_InitStruct);
 163:Core/Src/sdmmc.c **** 
 164:Core/Src/sdmmc.c ****     /* SDMMC1 DMA Init */
 165:Core/Src/sdmmc.c ****     /* SDMMC1_RX Init */
 166:Core/Src/sdmmc.c ****     hdma_sdmmc1_rx.Instance = DMA2_Channel5;
 167:Core/Src/sdmmc.c ****     hdma_sdmmc1_rx.Init.Request = DMA_REQUEST_7;
 168:Core/Src/sdmmc.c ****     hdma_sdmmc1_rx.Init.Direction = DMA_PERIPH_TO_MEMORY;
 169:Core/Src/sdmmc.c ****     hdma_sdmmc1_rx.Init.PeriphInc = DMA_PINC_DISABLE;
ARM GAS  /var/folders/gv/t2w3mcd17yl2fynvjl120d0m0000gn/T//ccIRA26x.s 			page 6


 170:Core/Src/sdmmc.c ****     hdma_sdmmc1_rx.Init.MemInc = DMA_MINC_ENABLE;
 171:Core/Src/sdmmc.c ****     hdma_sdmmc1_rx.Init.PeriphDataAlignment = DMA_PDATAALIGN_WORD;
 172:Core/Src/sdmmc.c ****     hdma_sdmmc1_rx.Init.MemDataAlignment = DMA_MDATAALIGN_WORD;
 173:Core/Src/sdmmc.c ****     hdma_sdmmc1_rx.Init.Mode = DMA_NORMAL;
 174:Core/Src/sdmmc.c ****     hdma_sdmmc1_rx.Init.Priority = DMA_PRIORITY_LOW;
 175:Core/Src/sdmmc.c ****     if (HAL_DMA_Init(&hdma_sdmmc1_rx) != HAL_OK)
 176:Core/Src/sdmmc.c ****     {
 177:Core/Src/sdmmc.c ****       Error_Handler();
 178:Core/Src/sdmmc.c ****     }
 179:Core/Src/sdmmc.c **** 
 180:Core/Src/sdmmc.c ****     __HAL_LINKDMA(sdHandle,hdmarx,hdma_sdmmc1_rx);
 181:Core/Src/sdmmc.c **** 
 182:Core/Src/sdmmc.c ****     /* SDMMC1_TX Init */
 183:Core/Src/sdmmc.c ****     hdma_sdmmc1_tx.Instance = DMA2_Channel4;
 184:Core/Src/sdmmc.c ****     hdma_sdmmc1_tx.Init.Request = DMA_REQUEST_7;
 185:Core/Src/sdmmc.c ****     hdma_sdmmc1_tx.Init.Direction = DMA_MEMORY_TO_PERIPH;
 186:Core/Src/sdmmc.c ****     hdma_sdmmc1_tx.Init.PeriphInc = DMA_PINC_DISABLE;
 187:Core/Src/sdmmc.c ****     hdma_sdmmc1_tx.Init.MemInc = DMA_MINC_ENABLE;
 188:Core/Src/sdmmc.c ****     hdma_sdmmc1_tx.Init.PeriphDataAlignment = DMA_PDATAALIGN_WORD;
 189:Core/Src/sdmmc.c ****     hdma_sdmmc1_tx.Init.MemDataAlignment = DMA_MDATAALIGN_WORD;
 190:Core/Src/sdmmc.c ****     hdma_sdmmc1_tx.Init.Mode = DMA_NORMAL;
 191:Core/Src/sdmmc.c ****     hdma_sdmmc1_tx.Init.Priority = DMA_PRIORITY_LOW;
 192:Core/Src/sdmmc.c ****     if (HAL_DMA_Init(&hdma_sdmmc1_tx) != HAL_OK)
 193:Core/Src/sdmmc.c ****     {
 194:Core/Src/sdmmc.c ****       Error_Handler();
 195:Core/Src/sdmmc.c ****     }
 196:Core/Src/sdmmc.c **** 
 197:Core/Src/sdmmc.c ****     __HAL_LINKDMA(sdHandle,hdmatx,hdma_sdmmc1_tx);
 198:Core/Src/sdmmc.c **** 
 199:Core/Src/sdmmc.c ****     /* SDMMC1 interrupt Init */
 200:Core/Src/sdmmc.c ****     HAL_NVIC_SetPriority(SDMMC1_IRQn, 0, 0);
 201:Core/Src/sdmmc.c ****     HAL_NVIC_EnableIRQ(SDMMC1_IRQn);
 202:Core/Src/sdmmc.c ****   /* USER CODE BEGIN SDMMC1_MspInit 1 */
 203:Core/Src/sdmmc.c **** 
 204:Core/Src/sdmmc.c ****   /* USER CODE END SDMMC1_MspInit 1 */
 205:Core/Src/sdmmc.c ****   }
 206:Core/Src/sdmmc.c **** }
 120              		.loc 1 206 1 view .LVU26
 121 0022 2BB0     		add	sp, sp, #172
 122              	.LCFI2:
 123              		.cfi_remember_state
 124              		.cfi_def_cfa_offset 20
 125              		@ sp needed
 126 0024 F0BD     		pop	{r4, r5, r6, r7, pc}
 127              	.LVL3:
 128              	.L10:
 129              	.LCFI3:
 130              		.cfi_restore_state
  64:Core/Src/sdmmc.c ****   PeriphClkInit.Sdmmc1ClockSelection = RCC_SDMMC1CLKSOURCE_PLLSAI1;
 131              		.loc 1 64 3 is_stmt 1 view .LVU27
  64:Core/Src/sdmmc.c ****   PeriphClkInit.Sdmmc1ClockSelection = RCC_SDMMC1CLKSOURCE_PLLSAI1;
 132              		.loc 1 64 38 is_stmt 0 view .LVU28
 133 0026 4FF40023 		mov	r3, #524288
 134 002a 0393     		str	r3, [sp, #12]
  65:Core/Src/sdmmc.c ****   PeriphClkInit.PLLSAI1.PLLSAI1Source = RCC_PLLSOURCE_HSI;
 135              		.loc 1 65 3 is_stmt 1 view .LVU29
  65:Core/Src/sdmmc.c ****   PeriphClkInit.PLLSAI1.PLLSAI1Source = RCC_PLLSOURCE_HSI;
ARM GAS  /var/folders/gv/t2w3mcd17yl2fynvjl120d0m0000gn/T//ccIRA26x.s 			page 7


 136              		.loc 1 65 38 is_stmt 0 view .LVU30
 137 002c 4FF08063 		mov	r3, #67108864
 138 0030 1F93     		str	r3, [sp, #124]
  66:Core/Src/sdmmc.c ****   PeriphClkInit.PLLSAI1.PLLSAI1M = 1;
 139              		.loc 1 66 3 is_stmt 1 view .LVU31
  66:Core/Src/sdmmc.c ****   PeriphClkInit.PLLSAI1.PLLSAI1M = 1;
 140              		.loc 1 66 39 is_stmt 0 view .LVU32
 141 0032 0223     		movs	r3, #2
 142 0034 0493     		str	r3, [sp, #16]
  67:Core/Src/sdmmc.c ****   PeriphClkInit.PLLSAI1.PLLSAI1N = 20;
 143              		.loc 1 67 3 is_stmt 1 view .LVU33
  67:Core/Src/sdmmc.c ****   PeriphClkInit.PLLSAI1.PLLSAI1N = 20;
 144              		.loc 1 67 34 is_stmt 0 view .LVU34
 145 0036 0122     		movs	r2, #1
 146 0038 0592     		str	r2, [sp, #20]
  68:Core/Src/sdmmc.c ****   PeriphClkInit.PLLSAI1.PLLSAI1P = RCC_PLLP_DIV7;
 147              		.loc 1 68 3 is_stmt 1 view .LVU35
  68:Core/Src/sdmmc.c ****   PeriphClkInit.PLLSAI1.PLLSAI1P = RCC_PLLP_DIV7;
 148              		.loc 1 68 34 is_stmt 0 view .LVU36
 149 003a 1422     		movs	r2, #20
 150 003c 0692     		str	r2, [sp, #24]
  69:Core/Src/sdmmc.c ****   PeriphClkInit.PLLSAI1.PLLSAI1Q = RCC_PLLQ_DIV8;
 151              		.loc 1 69 3 is_stmt 1 view .LVU37
  69:Core/Src/sdmmc.c ****   PeriphClkInit.PLLSAI1.PLLSAI1Q = RCC_PLLQ_DIV8;
 152              		.loc 1 69 34 is_stmt 0 view .LVU38
 153 003e 0722     		movs	r2, #7
 154 0040 0792     		str	r2, [sp, #28]
  70:Core/Src/sdmmc.c ****   PeriphClkInit.PLLSAI1.PLLSAI1R = RCC_PLLR_DIV2;
 155              		.loc 1 70 3 is_stmt 1 view .LVU39
  70:Core/Src/sdmmc.c ****   PeriphClkInit.PLLSAI1.PLLSAI1R = RCC_PLLR_DIV2;
 156              		.loc 1 70 34 is_stmt 0 view .LVU40
 157 0042 0822     		movs	r2, #8
 158 0044 0892     		str	r2, [sp, #32]
  71:Core/Src/sdmmc.c ****   PeriphClkInit.PLLSAI1.PLLSAI1ClockOut = RCC_PLLSAI1_48M2CLK;
 159              		.loc 1 71 3 is_stmt 1 view .LVU41
  71:Core/Src/sdmmc.c ****   PeriphClkInit.PLLSAI1.PLLSAI1ClockOut = RCC_PLLSAI1_48M2CLK;
 160              		.loc 1 71 34 is_stmt 0 view .LVU42
 161 0046 0993     		str	r3, [sp, #36]
  72:Core/Src/sdmmc.c ****   if (HAL_RCCEx_PeriphCLKConfig(&PeriphClkInit) != HAL_OK)
 162              		.loc 1 72 3 is_stmt 1 view .LVU43
  72:Core/Src/sdmmc.c ****   if (HAL_RCCEx_PeriphCLKConfig(&PeriphClkInit) != HAL_OK)
 163              		.loc 1 72 41 is_stmt 0 view .LVU44
 164 0048 4FF48013 		mov	r3, #1048576
 165 004c 0A93     		str	r3, [sp, #40]
  73:Core/Src/sdmmc.c ****   {
 166              		.loc 1 73 3 is_stmt 1 view .LVU45
  73:Core/Src/sdmmc.c ****   {
 167              		.loc 1 73 7 is_stmt 0 view .LVU46
 168 004e 03A8     		add	r0, sp, #12
 169 0050 FFF7FEFF 		bl	HAL_RCCEx_PeriphCLKConfig
 170              	.LVL4:
  73:Core/Src/sdmmc.c ****   {
 171              		.loc 1 73 6 discriminator 1 view .LVU47
 172 0054 0028     		cmp	r0, #0
 173 0056 57D1     		bne	.L11
 174              	.L6:
  78:Core/Src/sdmmc.c **** 
ARM GAS  /var/folders/gv/t2w3mcd17yl2fynvjl120d0m0000gn/T//ccIRA26x.s 			page 8


 175              		.loc 1 78 3 is_stmt 1 view .LVU48
 176              	.LBB2:
  78:Core/Src/sdmmc.c **** 
 177              		.loc 1 78 3 view .LVU49
  78:Core/Src/sdmmc.c **** 
 178              		.loc 1 78 3 view .LVU50
 179 0058 2F4B     		ldr	r3, .L13+4
 180 005a 1A6E     		ldr	r2, [r3, #96]
 181 005c 42F48062 		orr	r2, r2, #1024
 182 0060 1A66     		str	r2, [r3, #96]
  78:Core/Src/sdmmc.c **** 
 183              		.loc 1 78 3 view .LVU51
 184 0062 1A6E     		ldr	r2, [r3, #96]
 185 0064 02F48062 		and	r2, r2, #1024
 186 0068 0092     		str	r2, [sp]
  78:Core/Src/sdmmc.c **** 
 187              		.loc 1 78 3 view .LVU52
 188 006a 009A     		ldr	r2, [sp]
 189              	.LBE2:
  78:Core/Src/sdmmc.c **** 
 190              		.loc 1 78 3 view .LVU53
  80:Core/Src/sdmmc.c **** 	__HAL_RCC_GPIOD_CLK_ENABLE();
 191              		.loc 1 80 2 view .LVU54
 192              	.LBB3:
  80:Core/Src/sdmmc.c **** 	__HAL_RCC_GPIOD_CLK_ENABLE();
 193              		.loc 1 80 2 view .LVU55
  80:Core/Src/sdmmc.c **** 	__HAL_RCC_GPIOD_CLK_ENABLE();
 194              		.loc 1 80 2 view .LVU56
 195 006c DA6C     		ldr	r2, [r3, #76]
 196 006e 42F00402 		orr	r2, r2, #4
 197 0072 DA64     		str	r2, [r3, #76]
  80:Core/Src/sdmmc.c **** 	__HAL_RCC_GPIOD_CLK_ENABLE();
 198              		.loc 1 80 2 view .LVU57
 199 0074 DA6C     		ldr	r2, [r3, #76]
 200 0076 02F00402 		and	r2, r2, #4
 201 007a 0192     		str	r2, [sp, #4]
  80:Core/Src/sdmmc.c **** 	__HAL_RCC_GPIOD_CLK_ENABLE();
 202              		.loc 1 80 2 view .LVU58
 203 007c 019A     		ldr	r2, [sp, #4]
 204              	.LBE3:
  80:Core/Src/sdmmc.c **** 	__HAL_RCC_GPIOD_CLK_ENABLE();
 205              		.loc 1 80 2 view .LVU59
  81:Core/Src/sdmmc.c **** 	GPIO_InitStruct.Pin = GPIO_PIN_8|GPIO_PIN_9|GPIO_PIN_10|GPIO_PIN_11
 206              		.loc 1 81 2 view .LVU60
 207              	.LBB4:
  81:Core/Src/sdmmc.c **** 	GPIO_InitStruct.Pin = GPIO_PIN_8|GPIO_PIN_9|GPIO_PIN_10|GPIO_PIN_11
 208              		.loc 1 81 2 view .LVU61
  81:Core/Src/sdmmc.c **** 	GPIO_InitStruct.Pin = GPIO_PIN_8|GPIO_PIN_9|GPIO_PIN_10|GPIO_PIN_11
 209              		.loc 1 81 2 view .LVU62
 210 007e DA6C     		ldr	r2, [r3, #76]
 211 0080 42F00802 		orr	r2, r2, #8
 212 0084 DA64     		str	r2, [r3, #76]
  81:Core/Src/sdmmc.c **** 	GPIO_InitStruct.Pin = GPIO_PIN_8|GPIO_PIN_9|GPIO_PIN_10|GPIO_PIN_11
 213              		.loc 1 81 2 view .LVU63
 214 0086 DB6C     		ldr	r3, [r3, #76]
 215 0088 03F00803 		and	r3, r3, #8
 216 008c 0293     		str	r3, [sp, #8]
ARM GAS  /var/folders/gv/t2w3mcd17yl2fynvjl120d0m0000gn/T//ccIRA26x.s 			page 9


  81:Core/Src/sdmmc.c **** 	GPIO_InitStruct.Pin = GPIO_PIN_8|GPIO_PIN_9|GPIO_PIN_10|GPIO_PIN_11
 217              		.loc 1 81 2 view .LVU64
 218 008e 029B     		ldr	r3, [sp, #8]
 219              	.LBE4:
  81:Core/Src/sdmmc.c **** 	GPIO_InitStruct.Pin = GPIO_PIN_8|GPIO_PIN_9|GPIO_PIN_10|GPIO_PIN_11
 220              		.loc 1 81 2 view .LVU65
  82:Core/Src/sdmmc.c **** 	                            |GPIO_PIN_12;
 221              		.loc 1 82 2 view .LVU66
  82:Core/Src/sdmmc.c **** 	                            |GPIO_PIN_12;
 222              		.loc 1 82 22 is_stmt 0 view .LVU67
 223 0090 4FF4F853 		mov	r3, #7936
 224 0094 2593     		str	r3, [sp, #148]
  84:Core/Src/sdmmc.c **** 	GPIO_InitStruct.Pull = GPIO_NOPULL;
 225              		.loc 1 84 2 is_stmt 1 view .LVU68
  84:Core/Src/sdmmc.c **** 	GPIO_InitStruct.Pull = GPIO_NOPULL;
 226              		.loc 1 84 23 is_stmt 0 view .LVU69
 227 0096 0226     		movs	r6, #2
 228 0098 2696     		str	r6, [sp, #152]
  85:Core/Src/sdmmc.c **** 	GPIO_InitStruct.Speed = GPIO_SPEED_FREQ_VERY_HIGH;
 229              		.loc 1 85 2 is_stmt 1 view .LVU70
  85:Core/Src/sdmmc.c **** 	GPIO_InitStruct.Speed = GPIO_SPEED_FREQ_VERY_HIGH;
 230              		.loc 1 85 23 is_stmt 0 view .LVU71
 231 009a 0025     		movs	r5, #0
 232 009c 2795     		str	r5, [sp, #156]
  86:Core/Src/sdmmc.c **** 	GPIO_InitStruct.Alternate = GPIO_AF12_SDMMC1;
 233              		.loc 1 86 2 is_stmt 1 view .LVU72
  86:Core/Src/sdmmc.c **** 	GPIO_InitStruct.Alternate = GPIO_AF12_SDMMC1;
 234              		.loc 1 86 24 is_stmt 0 view .LVU73
 235 009e 0327     		movs	r7, #3
 236 00a0 2897     		str	r7, [sp, #160]
  87:Core/Src/sdmmc.c **** 	HAL_GPIO_Init(GPIOC, &GPIO_InitStruct);
 237              		.loc 1 87 2 is_stmt 1 view .LVU74
  87:Core/Src/sdmmc.c **** 	HAL_GPIO_Init(GPIOC, &GPIO_InitStruct);
 238              		.loc 1 87 28 is_stmt 0 view .LVU75
 239 00a2 0C23     		movs	r3, #12
 240 00a4 2993     		str	r3, [sp, #164]
  88:Core/Src/sdmmc.c **** 
 241              		.loc 1 88 2 is_stmt 1 view .LVU76
 242 00a6 25A9     		add	r1, sp, #148
 243 00a8 1C48     		ldr	r0, .L13+8
 244 00aa FFF7FEFF 		bl	HAL_GPIO_Init
 245              	.LVL5:
  90:Core/Src/sdmmc.c **** 	GPIO_InitStruct.Mode = GPIO_MODE_AF_PP;
 246              		.loc 1 90 2 view .LVU77
  90:Core/Src/sdmmc.c **** 	GPIO_InitStruct.Mode = GPIO_MODE_AF_PP;
 247              		.loc 1 90 22 is_stmt 0 view .LVU78
 248 00ae 0423     		movs	r3, #4
 249 00b0 2593     		str	r3, [sp, #148]
  91:Core/Src/sdmmc.c **** 	GPIO_InitStruct.Pull = GPIO_NOPULL;
 250              		.loc 1 91 2 is_stmt 1 view .LVU79
  91:Core/Src/sdmmc.c **** 	GPIO_InitStruct.Pull = GPIO_NOPULL;
 251              		.loc 1 91 23 is_stmt 0 view .LVU80
 252 00b2 2696     		str	r6, [sp, #152]
  92:Core/Src/sdmmc.c **** 	GPIO_InitStruct.Speed = GPIO_SPEED_FREQ_VERY_HIGH;
 253              		.loc 1 92 2 is_stmt 1 view .LVU81
  92:Core/Src/sdmmc.c **** 	GPIO_InitStruct.Speed = GPIO_SPEED_FREQ_VERY_HIGH;
 254              		.loc 1 92 23 is_stmt 0 view .LVU82
ARM GAS  /var/folders/gv/t2w3mcd17yl2fynvjl120d0m0000gn/T//ccIRA26x.s 			page 10


 255 00b4 2795     		str	r5, [sp, #156]
  93:Core/Src/sdmmc.c **** 	GPIO_InitStruct.Alternate = GPIO_AF12_SDMMC1;
 256              		.loc 1 93 2 is_stmt 1 view .LVU83
  93:Core/Src/sdmmc.c **** 	GPIO_InitStruct.Alternate = GPIO_AF12_SDMMC1;
 257              		.loc 1 93 24 is_stmt 0 view .LVU84
 258 00b6 2897     		str	r7, [sp, #160]
  94:Core/Src/sdmmc.c **** 	HAL_GPIO_Init(GPIOD, &GPIO_InitStruct);
 259              		.loc 1 94 2 is_stmt 1 view .LVU85
  94:Core/Src/sdmmc.c **** 	HAL_GPIO_Init(GPIOD, &GPIO_InitStruct);
 260              		.loc 1 94 28 is_stmt 0 view .LVU86
 261 00b8 0C23     		movs	r3, #12
 262 00ba 2993     		str	r3, [sp, #164]
  95:Core/Src/sdmmc.c **** 
 263              		.loc 1 95 2 is_stmt 1 view .LVU87
 264 00bc 25A9     		add	r1, sp, #148
 265 00be 1848     		ldr	r0, .L13+12
 266 00c0 FFF7FEFF 		bl	HAL_GPIO_Init
 267              	.LVL6:
  97:Core/Src/sdmmc.c **** 	hdma_sdmmc1.Init.Request = DMA_REQUEST_7;
 268              		.loc 1 97 2 view .LVU88
  97:Core/Src/sdmmc.c **** 	hdma_sdmmc1.Init.Request = DMA_REQUEST_7;
 269              		.loc 1 97 23 is_stmt 0 view .LVU89
 270 00c4 1748     		ldr	r0, .L13+16
 271 00c6 184B     		ldr	r3, .L13+20
 272 00c8 0360     		str	r3, [r0]
  98:Core/Src/sdmmc.c **** 	hdma_sdmmc1.Init.Direction = DMA_MEMORY_TO_PERIPH;
 273              		.loc 1 98 2 is_stmt 1 view .LVU90
  98:Core/Src/sdmmc.c **** 	hdma_sdmmc1.Init.Direction = DMA_MEMORY_TO_PERIPH;
 274              		.loc 1 98 27 is_stmt 0 view .LVU91
 275 00ca 0723     		movs	r3, #7
 276 00cc 4360     		str	r3, [r0, #4]
  99:Core/Src/sdmmc.c **** 	hdma_sdmmc1.Init.PeriphInc = DMA_PINC_DISABLE;
 277              		.loc 1 99 2 is_stmt 1 view .LVU92
  99:Core/Src/sdmmc.c **** 	hdma_sdmmc1.Init.PeriphInc = DMA_PINC_DISABLE;
 278              		.loc 1 99 29 is_stmt 0 view .LVU93
 279 00ce 1023     		movs	r3, #16
 280 00d0 8360     		str	r3, [r0, #8]
 100:Core/Src/sdmmc.c **** 	hdma_sdmmc1.Init.MemInc = DMA_MINC_ENABLE;
 281              		.loc 1 100 2 is_stmt 1 view .LVU94
 100:Core/Src/sdmmc.c **** 	hdma_sdmmc1.Init.MemInc = DMA_MINC_ENABLE;
 282              		.loc 1 100 29 is_stmt 0 view .LVU95
 283 00d2 C560     		str	r5, [r0, #12]
 101:Core/Src/sdmmc.c **** 	hdma_sdmmc1.Init.PeriphDataAlignment = DMA_PDATAALIGN_WORD;
 284              		.loc 1 101 2 is_stmt 1 view .LVU96
 101:Core/Src/sdmmc.c **** 	hdma_sdmmc1.Init.PeriphDataAlignment = DMA_PDATAALIGN_WORD;
 285              		.loc 1 101 26 is_stmt 0 view .LVU97
 286 00d4 8023     		movs	r3, #128
 287 00d6 0361     		str	r3, [r0, #16]
 102:Core/Src/sdmmc.c **** 	hdma_sdmmc1.Init.MemDataAlignment = DMA_MDATAALIGN_WORD;
 288              		.loc 1 102 2 is_stmt 1 view .LVU98
 102:Core/Src/sdmmc.c **** 	hdma_sdmmc1.Init.MemDataAlignment = DMA_MDATAALIGN_WORD;
 289              		.loc 1 102 39 is_stmt 0 view .LVU99
 290 00d8 4FF40073 		mov	r3, #512
 291 00dc 4361     		str	r3, [r0, #20]
 103:Core/Src/sdmmc.c **** 	hdma_sdmmc1.Init.Mode = DMA_NORMAL;
 292              		.loc 1 103 2 is_stmt 1 view .LVU100
 103:Core/Src/sdmmc.c **** 	hdma_sdmmc1.Init.Mode = DMA_NORMAL;
ARM GAS  /var/folders/gv/t2w3mcd17yl2fynvjl120d0m0000gn/T//ccIRA26x.s 			page 11


 293              		.loc 1 103 36 is_stmt 0 view .LVU101
 294 00de 4FF40063 		mov	r3, #2048
 295 00e2 8361     		str	r3, [r0, #24]
 104:Core/Src/sdmmc.c **** 	hdma_sdmmc1.Init.Priority = DMA_PRIORITY_LOW;
 296              		.loc 1 104 2 is_stmt 1 view .LVU102
 104:Core/Src/sdmmc.c **** 	hdma_sdmmc1.Init.Priority = DMA_PRIORITY_LOW;
 297              		.loc 1 104 24 is_stmt 0 view .LVU103
 298 00e4 C561     		str	r5, [r0, #28]
 105:Core/Src/sdmmc.c **** 	if (HAL_DMA_Init(&hdma_sdmmc1) != HAL_OK)
 299              		.loc 1 105 2 is_stmt 1 view .LVU104
 105:Core/Src/sdmmc.c **** 	if (HAL_DMA_Init(&hdma_sdmmc1) != HAL_OK)
 300              		.loc 1 105 28 is_stmt 0 view .LVU105
 301 00e6 0562     		str	r5, [r0, #32]
 106:Core/Src/sdmmc.c **** 	{
 302              		.loc 1 106 2 is_stmt 1 view .LVU106
 106:Core/Src/sdmmc.c **** 	{
 303              		.loc 1 106 6 is_stmt 0 view .LVU107
 304 00e8 FFF7FEFF 		bl	HAL_DMA_Init
 305              	.LVL7:
 106:Core/Src/sdmmc.c **** 	{
 306              		.loc 1 106 5 discriminator 1 view .LVU108
 307 00ec 78B9     		cbnz	r0, .L12
 308              	.L7:
 111:Core/Src/sdmmc.c **** 	__HAL_LINKDMA(sdHandle,hdmatx,hdma_sdmmc1);
 309              		.loc 1 111 2 is_stmt 1 view .LVU109
 111:Core/Src/sdmmc.c **** 	__HAL_LINKDMA(sdHandle,hdmatx,hdma_sdmmc1);
 310              		.loc 1 111 2 view .LVU110
 311 00ee 0D4B     		ldr	r3, .L13+16
 312 00f0 2364     		str	r3, [r4, #64]
 111:Core/Src/sdmmc.c **** 	__HAL_LINKDMA(sdHandle,hdmatx,hdma_sdmmc1);
 313              		.loc 1 111 2 view .LVU111
 314 00f2 9C62     		str	r4, [r3, #40]
 111:Core/Src/sdmmc.c **** 	__HAL_LINKDMA(sdHandle,hdmatx,hdma_sdmmc1);
 315              		.loc 1 111 2 view .LVU112
 112:Core/Src/sdmmc.c **** 
 316              		.loc 1 112 2 view .LVU113
 112:Core/Src/sdmmc.c **** 
 317              		.loc 1 112 2 view .LVU114
 318 00f4 E363     		str	r3, [r4, #60]
 112:Core/Src/sdmmc.c **** 
 319              		.loc 1 112 2 view .LVU115
 112:Core/Src/sdmmc.c **** 
 320              		.loc 1 112 2 view .LVU116
 114:Core/Src/sdmmc.c **** 	HAL_NVIC_EnableIRQ(SDMMC1_IRQn);
 321              		.loc 1 114 2 view .LVU117
 322 00f6 0022     		movs	r2, #0
 323 00f8 1146     		mov	r1, r2
 324 00fa 3120     		movs	r0, #49
 325 00fc FFF7FEFF 		bl	HAL_NVIC_SetPriority
 326              	.LVL8:
 115:Core/Src/sdmmc.c **** 
 327              		.loc 1 115 2 view .LVU118
 328 0100 3120     		movs	r0, #49
 329 0102 FFF7FEFF 		bl	HAL_NVIC_EnableIRQ
 330              	.LVL9:
 117:Core/Src/sdmmc.c ****   /* USER CODE END SDMMC1_MspInit 0 */
 331              		.loc 1 117 2 view .LVU119
ARM GAS  /var/folders/gv/t2w3mcd17yl2fynvjl120d0m0000gn/T//ccIRA26x.s 			page 12


 332 0106 8CE7     		b	.L4
 333              	.L11:
  75:Core/Src/sdmmc.c ****   }
 334              		.loc 1 75 5 view .LVU120
 335 0108 FFF7FEFF 		bl	Error_Handler
 336              	.LVL10:
 337 010c A4E7     		b	.L6
 338              	.L12:
 108:Core/Src/sdmmc.c **** 	}
 339              		.loc 1 108 4 view .LVU121
 340 010e FFF7FEFF 		bl	Error_Handler
 341              	.LVL11:
 342 0112 ECE7     		b	.L7
 343              	.L14:
 344              		.align	2
 345              	.L13:
 346 0114 00280140 		.word	1073817600
 347 0118 00100240 		.word	1073876992
 348 011c 00080048 		.word	1207961600
 349 0120 000C0048 		.word	1207962624
 350 0124 00000000 		.word	hdma_sdmmc1
 351 0128 44040240 		.word	1073873988
 352              		.cfi_endproc
 353              	.LFE229:
 355              		.section	.text.HAL_SD_MspDeInit,"ax",%progbits
 356              		.align	1
 357              		.global	HAL_SD_MspDeInit
 358              		.syntax unified
 359              		.thumb
 360              		.thumb_func
 362              	HAL_SD_MspDeInit:
 363              	.LVL12:
 364              	.LFB230:
 207:Core/Src/sdmmc.c **** 
 208:Core/Src/sdmmc.c **** void HAL_SD_MspDeInit(SD_HandleTypeDef* sdHandle)
 209:Core/Src/sdmmc.c **** {
 365              		.loc 1 209 1 view -0
 366              		.cfi_startproc
 367              		@ args = 0, pretend = 0, frame = 0
 368              		@ frame_needed = 0, uses_anonymous_args = 0
 210:Core/Src/sdmmc.c **** 
 211:Core/Src/sdmmc.c ****   if(sdHandle->Instance==SDMMC1)
 369              		.loc 1 211 3 view .LVU123
 370              		.loc 1 211 14 is_stmt 0 view .LVU124
 371 0000 0268     		ldr	r2, [r0]
 372              		.loc 1 211 5 view .LVU125
 373 0002 0F4B     		ldr	r3, .L22
 374 0004 9A42     		cmp	r2, r3
 375 0006 00D0     		beq	.L21
 376 0008 7047     		bx	lr
 377              	.L21:
 209:Core/Src/sdmmc.c **** 
 378              		.loc 1 209 1 view .LVU126
 379 000a 10B5     		push	{r4, lr}
 380              	.LCFI4:
 381              		.cfi_def_cfa_offset 8
 382              		.cfi_offset 4, -8
ARM GAS  /var/folders/gv/t2w3mcd17yl2fynvjl120d0m0000gn/T//ccIRA26x.s 			page 13


 383              		.cfi_offset 14, -4
 384 000c 0446     		mov	r4, r0
 212:Core/Src/sdmmc.c ****   {
 213:Core/Src/sdmmc.c ****   /* USER CODE BEGIN SDMMC1_MspDeInit 0 */
 214:Core/Src/sdmmc.c **** 
 215:Core/Src/sdmmc.c ****   /* USER CODE END SDMMC1_MspDeInit 0 */
 216:Core/Src/sdmmc.c ****     /* Peripheral clock disable */
 217:Core/Src/sdmmc.c ****     __HAL_RCC_SDMMC1_CLK_DISABLE();
 385              		.loc 1 217 5 is_stmt 1 view .LVU127
 386 000e 0D4A     		ldr	r2, .L22+4
 387 0010 136E     		ldr	r3, [r2, #96]
 388 0012 23F48063 		bic	r3, r3, #1024
 389 0016 1366     		str	r3, [r2, #96]
 218:Core/Src/sdmmc.c **** 
 219:Core/Src/sdmmc.c ****     /**SDMMC1 GPIO Configuration
 220:Core/Src/sdmmc.c ****     PC8     ------> SDMMC1_D0
 221:Core/Src/sdmmc.c ****     PC9     ------> SDMMC1_D1
 222:Core/Src/sdmmc.c ****     PC10     ------> SDMMC1_D2
 223:Core/Src/sdmmc.c ****     PC11     ------> SDMMC1_D3
 224:Core/Src/sdmmc.c ****     PC12     ------> SDMMC1_CK
 225:Core/Src/sdmmc.c ****     PD2     ------> SDMMC1_CMD
 226:Core/Src/sdmmc.c ****     */
 227:Core/Src/sdmmc.c ****     HAL_GPIO_DeInit(GPIOC, GPIO_PIN_8|GPIO_PIN_9|GPIO_PIN_10|GPIO_PIN_11
 390              		.loc 1 227 5 view .LVU128
 391 0018 4FF4F851 		mov	r1, #7936
 392 001c 0A48     		ldr	r0, .L22+8
 393              	.LVL13:
 394              		.loc 1 227 5 is_stmt 0 view .LVU129
 395 001e FFF7FEFF 		bl	HAL_GPIO_DeInit
 396              	.LVL14:
 228:Core/Src/sdmmc.c ****                           |GPIO_PIN_12);
 229:Core/Src/sdmmc.c **** 
 230:Core/Src/sdmmc.c ****     HAL_GPIO_DeInit(GPIOD, GPIO_PIN_2);
 397              		.loc 1 230 5 is_stmt 1 view .LVU130
 398 0022 0421     		movs	r1, #4
 399 0024 0948     		ldr	r0, .L22+12
 400 0026 FFF7FEFF 		bl	HAL_GPIO_DeInit
 401              	.LVL15:
 231:Core/Src/sdmmc.c **** 
 232:Core/Src/sdmmc.c ****     /* SDMMC1 DMA DeInit */
 233:Core/Src/sdmmc.c ****     HAL_DMA_DeInit(sdHandle->hdmarx);
 402              		.loc 1 233 5 view .LVU131
 403 002a 206C     		ldr	r0, [r4, #64]
 404 002c FFF7FEFF 		bl	HAL_DMA_DeInit
 405              	.LVL16:
 234:Core/Src/sdmmc.c ****     HAL_DMA_DeInit(sdHandle->hdmatx);
 406              		.loc 1 234 5 view .LVU132
 407 0030 E06B     		ldr	r0, [r4, #60]
 408 0032 FFF7FEFF 		bl	HAL_DMA_DeInit
 409              	.LVL17:
 235:Core/Src/sdmmc.c **** 
 236:Core/Src/sdmmc.c ****     /* SDMMC1 interrupt Deinit */
 237:Core/Src/sdmmc.c ****     HAL_NVIC_DisableIRQ(SDMMC1_IRQn);
 410              		.loc 1 237 5 view .LVU133
 411 0036 3120     		movs	r0, #49
 412 0038 FFF7FEFF 		bl	HAL_NVIC_DisableIRQ
 413              	.LVL18:
ARM GAS  /var/folders/gv/t2w3mcd17yl2fynvjl120d0m0000gn/T//ccIRA26x.s 			page 14


 238:Core/Src/sdmmc.c ****   /* USER CODE BEGIN SDMMC1_MspDeInit 1 */
 239:Core/Src/sdmmc.c **** 
 240:Core/Src/sdmmc.c ****   /* USER CODE END SDMMC1_MspDeInit 1 */
 241:Core/Src/sdmmc.c ****   }
 242:Core/Src/sdmmc.c **** }
 414              		.loc 1 242 1 is_stmt 0 view .LVU134
 415 003c 10BD     		pop	{r4, pc}
 416              	.LVL19:
 417              	.L23:
 418              		.loc 1 242 1 view .LVU135
 419 003e 00BF     		.align	2
 420              	.L22:
 421 0040 00280140 		.word	1073817600
 422 0044 00100240 		.word	1073876992
 423 0048 00080048 		.word	1207961600
 424 004c 000C0048 		.word	1207962624
 425              		.cfi_endproc
 426              	.LFE230:
 428              		.global	hdma_sdmmc1_tx
 429              		.section	.bss.hdma_sdmmc1_tx,"aw",%nobits
 430              		.align	2
 433              	hdma_sdmmc1_tx:
 434 0000 00000000 		.space	72
 434      00000000 
 434      00000000 
 434      00000000 
 434      00000000 
 435              		.global	hdma_sdmmc1_rx
 436              		.section	.bss.hdma_sdmmc1_rx,"aw",%nobits
 437              		.align	2
 440              	hdma_sdmmc1_rx:
 441 0000 00000000 		.space	72
 441      00000000 
 441      00000000 
 441      00000000 
 441      00000000 
 442              		.global	hsd1
 443              		.section	.bss.hsd1,"aw",%nobits
 444              		.align	2
 447              	hsd1:
 448 0000 00000000 		.space	132
 448      00000000 
 448      00000000 
 448      00000000 
 448      00000000 
 449              		.text
 450              	.Letext0:
 451              		.file 2 "Drivers/CMSIS/Device/ST/STM32L4xx/Include/stm32l476xx.h"
 452              		.file 3 "/Applications/ArmGNUToolchain/15.2.rel1/arm-none-eabi/arm-none-eabi/include/machine/_defa
 453              		.file 4 "/Applications/ArmGNUToolchain/15.2.rel1/arm-none-eabi/arm-none-eabi/include/sys/_stdint.h
 454              		.file 5 "Drivers/STM32L4xx_HAL_Driver/Inc/stm32l4xx_hal_def.h"
 455              		.file 6 "Drivers/STM32L4xx_HAL_Driver/Inc/stm32l4xx_hal_rcc_ex.h"
 456              		.file 7 "Drivers/STM32L4xx_HAL_Driver/Inc/stm32l4xx_hal_gpio.h"
 457              		.file 8 "Drivers/STM32L4xx_HAL_Driver/Inc/stm32l4xx_hal_dma.h"
 458              		.file 9 "Drivers/STM32L4xx_HAL_Driver/Inc/stm32l4xx_ll_sdmmc.h"
 459              		.file 10 "Drivers/STM32L4xx_HAL_Driver/Inc/stm32l4xx_hal_sd.h"
 460              		.file 11 "Core/Inc/sdmmc.h"
ARM GAS  /var/folders/gv/t2w3mcd17yl2fynvjl120d0m0000gn/T//ccIRA26x.s 			page 15


 461              		.file 12 "Drivers/STM32L4xx_HAL_Driver/Inc/stm32l4xx_hal_cortex.h"
 462              		.file 13 "Drivers/STM32L4xx_HAL_Driver/Inc/stm32l4xx_ll_dma.h"
 463              		.file 14 "Core/Inc/main.h"
 464              		.file 15 "<built-in>"
ARM GAS  /var/folders/gv/t2w3mcd17yl2fynvjl120d0m0000gn/T//ccIRA26x.s 			page 16


DEFINED SYMBOLS
                            *ABS*:00000000 sdmmc.c
/var/folders/gv/t2w3mcd17yl2fynvjl120d0m0000gn/T//ccIRA26x.s:21     .text.MX_SDMMC1_SD_Init:00000000 $t
/var/folders/gv/t2w3mcd17yl2fynvjl120d0m0000gn/T//ccIRA26x.s:27     .text.MX_SDMMC1_SD_Init:00000000 MX_SDMMC1_SD_Init
/var/folders/gv/t2w3mcd17yl2fynvjl120d0m0000gn/T//ccIRA26x.s:64     .text.MX_SDMMC1_SD_Init:0000001c $d
/var/folders/gv/t2w3mcd17yl2fynvjl120d0m0000gn/T//ccIRA26x.s:447    .bss.hsd1:00000000 hsd1
/var/folders/gv/t2w3mcd17yl2fynvjl120d0m0000gn/T//ccIRA26x.s:70     .text.HAL_SD_MspInit:00000000 $t
/var/folders/gv/t2w3mcd17yl2fynvjl120d0m0000gn/T//ccIRA26x.s:76     .text.HAL_SD_MspInit:00000000 HAL_SD_MspInit
/var/folders/gv/t2w3mcd17yl2fynvjl120d0m0000gn/T//ccIRA26x.s:346    .text.HAL_SD_MspInit:00000114 $d
/var/folders/gv/t2w3mcd17yl2fynvjl120d0m0000gn/T//ccIRA26x.s:356    .text.HAL_SD_MspDeInit:00000000 $t
/var/folders/gv/t2w3mcd17yl2fynvjl120d0m0000gn/T//ccIRA26x.s:362    .text.HAL_SD_MspDeInit:00000000 HAL_SD_MspDeInit
/var/folders/gv/t2w3mcd17yl2fynvjl120d0m0000gn/T//ccIRA26x.s:421    .text.HAL_SD_MspDeInit:00000040 $d
/var/folders/gv/t2w3mcd17yl2fynvjl120d0m0000gn/T//ccIRA26x.s:433    .bss.hdma_sdmmc1_tx:00000000 hdma_sdmmc1_tx
/var/folders/gv/t2w3mcd17yl2fynvjl120d0m0000gn/T//ccIRA26x.s:430    .bss.hdma_sdmmc1_tx:00000000 $d
/var/folders/gv/t2w3mcd17yl2fynvjl120d0m0000gn/T//ccIRA26x.s:440    .bss.hdma_sdmmc1_rx:00000000 hdma_sdmmc1_rx
/var/folders/gv/t2w3mcd17yl2fynvjl120d0m0000gn/T//ccIRA26x.s:437    .bss.hdma_sdmmc1_rx:00000000 $d
/var/folders/gv/t2w3mcd17yl2fynvjl120d0m0000gn/T//ccIRA26x.s:444    .bss.hsd1:00000000 $d

UNDEFINED SYMBOLS
memset
HAL_RCCEx_PeriphCLKConfig
HAL_GPIO_Init
HAL_DMA_Init
HAL_NVIC_SetPriority
HAL_NVIC_EnableIRQ
Error_Handler
hdma_sdmmc1
HAL_GPIO_DeInit
HAL_DMA_DeInit
HAL_NVIC_DisableIRQ
