ARM GAS  /var/folders/gv/t2w3mcd17yl2fynvjl120d0m0000gn/T//cctOt6HF.s 			page 1


   1              		.cpu cortex-m4
   2              		.arch armv7e-m
   3              		.fpu fpv4-sp-d16
   4              		.eabi_attribute 27, 1
   5              		.eabi_attribute 28, 1
   6              		.eabi_attribute 20, 1
   7              		.eabi_attribute 21, 1
   8              		.eabi_attribute 23, 3
   9              		.eabi_attribute 24, 1
  10              		.eabi_attribute 25, 1
  11              		.eabi_attribute 26, 1
  12              		.eabi_attribute 30, 1
  13              		.eabi_attribute 34, 1
  14              		.eabi_attribute 18, 4
  15              		.file	"system_stm32l4xx.c"
  16              		.text
  17              	.Ltext0:
  18              		.cfi_sections	.debug_frame
  19              		.file 1 "Core/Src/system_stm32l4xx.c"
  20              		.section	.text.SystemInit,"ax",%progbits
  21              		.align	1
  22              		.global	SystemInit
  23              		.syntax unified
  24              		.thumb
  25              		.thumb_func
  27              	SystemInit:
  28              	.LFB228:
   1:Core/Src/system_stm32l4xx.c **** /**
   2:Core/Src/system_stm32l4xx.c ****   ******************************************************************************
   3:Core/Src/system_stm32l4xx.c ****   * @file    system_stm32l4xx.c
   4:Core/Src/system_stm32l4xx.c ****   * @author  MCD Application Team
   5:Core/Src/system_stm32l4xx.c ****   * @brief   CMSIS Cortex-M4 Device Peripheral Access Layer System Source File
   6:Core/Src/system_stm32l4xx.c ****   *
   7:Core/Src/system_stm32l4xx.c ****   *   This file provides two functions and one global variable to be called from
   8:Core/Src/system_stm32l4xx.c ****   *   user application:
   9:Core/Src/system_stm32l4xx.c ****   *      - SystemInit(): This function is called at startup just after reset and
  10:Core/Src/system_stm32l4xx.c ****   *                      before branch to main program. This call is made inside
  11:Core/Src/system_stm32l4xx.c ****   *                      the "startup_stm32l4xx.s" file.
  12:Core/Src/system_stm32l4xx.c ****   *
  13:Core/Src/system_stm32l4xx.c ****   *      - SystemCoreClock variable: Contains the core clock (HCLK), it can be used
  14:Core/Src/system_stm32l4xx.c ****   *                                  by the user application to setup the SysTick
  15:Core/Src/system_stm32l4xx.c ****   *                                  timer or configure other parameters.
  16:Core/Src/system_stm32l4xx.c ****   *
  17:Core/Src/system_stm32l4xx.c ****   *      - SystemCoreClockUpdate(): Updates the variable SystemCoreClock and must
  18:Core/Src/system_stm32l4xx.c ****   *                                 be called whenever the core clock is changed
  19:Core/Src/system_stm32l4xx.c ****   *                                 during program execution.
  20:Core/Src/system_stm32l4xx.c ****   *
  21:Core/Src/system_stm32l4xx.c ****   *   After each device reset the MSI (4 MHz) is used as system clock source.
  22:Core/Src/system_stm32l4xx.c ****   *   Then SystemInit() function is called, in "startup_stm32l4xx.s" file, to
  23:Core/Src/system_stm32l4xx.c ****   *   configure the system clock before to branch to main program.
  24:Core/Src/system_stm32l4xx.c ****   *
  25:Core/Src/system_stm32l4xx.c ****   *   This file configures the system clock as follows:
  26:Core/Src/system_stm32l4xx.c ****   *=============================================================================
  27:Core/Src/system_stm32l4xx.c ****   *-----------------------------------------------------------------------------
  28:Core/Src/system_stm32l4xx.c ****   *        System Clock source                    | MSI
  29:Core/Src/system_stm32l4xx.c ****   *-----------------------------------------------------------------------------
  30:Core/Src/system_stm32l4xx.c ****   *        SYSCLK(Hz)                             | 4000000
ARM GAS  /var/folders/gv/t2w3mcd17yl2fynvjl120d0m0000gn/T//cctOt6HF.s 			page 2


  31:Core/Src/system_stm32l4xx.c ****   *-----------------------------------------------------------------------------
  32:Core/Src/system_stm32l4xx.c ****   *        HCLK(Hz)                               | 4000000
  33:Core/Src/system_stm32l4xx.c ****   *-----------------------------------------------------------------------------
  34:Core/Src/system_stm32l4xx.c ****   *        AHB Prescaler                          | 1
  35:Core/Src/system_stm32l4xx.c ****   *-----------------------------------------------------------------------------
  36:Core/Src/system_stm32l4xx.c ****   *        APB1 Prescaler                         | 1
  37:Core/Src/system_stm32l4xx.c ****   *-----------------------------------------------------------------------------
  38:Core/Src/system_stm32l4xx.c ****   *        APB2 Prescaler                         | 1
  39:Core/Src/system_stm32l4xx.c ****   *-----------------------------------------------------------------------------
  40:Core/Src/system_stm32l4xx.c ****   *        PLL_M                                  | 1
  41:Core/Src/system_stm32l4xx.c ****   *-----------------------------------------------------------------------------
  42:Core/Src/system_stm32l4xx.c ****   *        PLL_N                                  | 8
  43:Core/Src/system_stm32l4xx.c ****   *-----------------------------------------------------------------------------
  44:Core/Src/system_stm32l4xx.c ****   *        PLL_P                                  | 7
  45:Core/Src/system_stm32l4xx.c ****   *-----------------------------------------------------------------------------
  46:Core/Src/system_stm32l4xx.c ****   *        PLL_Q                                  | 2
  47:Core/Src/system_stm32l4xx.c ****   *-----------------------------------------------------------------------------
  48:Core/Src/system_stm32l4xx.c ****   *        PLL_R                                  | 2
  49:Core/Src/system_stm32l4xx.c ****   *-----------------------------------------------------------------------------
  50:Core/Src/system_stm32l4xx.c ****   *        PLLSAI1_P                              | NA
  51:Core/Src/system_stm32l4xx.c ****   *-----------------------------------------------------------------------------
  52:Core/Src/system_stm32l4xx.c ****   *        PLLSAI1_Q                              | NA
  53:Core/Src/system_stm32l4xx.c ****   *-----------------------------------------------------------------------------
  54:Core/Src/system_stm32l4xx.c ****   *        PLLSAI1_R                              | NA
  55:Core/Src/system_stm32l4xx.c ****   *-----------------------------------------------------------------------------
  56:Core/Src/system_stm32l4xx.c ****   *        PLLSAI2_P                              | NA
  57:Core/Src/system_stm32l4xx.c ****   *-----------------------------------------------------------------------------
  58:Core/Src/system_stm32l4xx.c ****   *        PLLSAI2_Q                              | NA
  59:Core/Src/system_stm32l4xx.c ****   *-----------------------------------------------------------------------------
  60:Core/Src/system_stm32l4xx.c ****   *        PLLSAI2_R                              | NA
  61:Core/Src/system_stm32l4xx.c ****   *-----------------------------------------------------------------------------
  62:Core/Src/system_stm32l4xx.c ****   *        Require 48MHz for USB OTG FS,          | Disabled
  63:Core/Src/system_stm32l4xx.c ****   *        SDIO and RNG clock                     |
  64:Core/Src/system_stm32l4xx.c ****   *-----------------------------------------------------------------------------
  65:Core/Src/system_stm32l4xx.c ****   *=============================================================================
  66:Core/Src/system_stm32l4xx.c ****   ******************************************************************************
  67:Core/Src/system_stm32l4xx.c ****   * @attention
  68:Core/Src/system_stm32l4xx.c ****   *
  69:Core/Src/system_stm32l4xx.c ****   * Copyright (c) 2017 STMicroelectronics.
  70:Core/Src/system_stm32l4xx.c ****   * All rights reserved.
  71:Core/Src/system_stm32l4xx.c ****   *
  72:Core/Src/system_stm32l4xx.c ****   * This software is licensed under terms that can be found in the LICENSE file
  73:Core/Src/system_stm32l4xx.c ****   * in the root directory of this software component.
  74:Core/Src/system_stm32l4xx.c ****   * If no LICENSE file comes with this software, it is provided AS-IS.
  75:Core/Src/system_stm32l4xx.c ****   *
  76:Core/Src/system_stm32l4xx.c ****   ******************************************************************************
  77:Core/Src/system_stm32l4xx.c ****   */
  78:Core/Src/system_stm32l4xx.c **** 
  79:Core/Src/system_stm32l4xx.c **** /** @addtogroup CMSIS
  80:Core/Src/system_stm32l4xx.c ****   * @{
  81:Core/Src/system_stm32l4xx.c ****   */
  82:Core/Src/system_stm32l4xx.c **** 
  83:Core/Src/system_stm32l4xx.c **** /** @addtogroup stm32l4xx_system
  84:Core/Src/system_stm32l4xx.c ****   * @{
  85:Core/Src/system_stm32l4xx.c ****   */
  86:Core/Src/system_stm32l4xx.c **** 
  87:Core/Src/system_stm32l4xx.c **** /** @addtogroup STM32L4xx_System_Private_Includes
ARM GAS  /var/folders/gv/t2w3mcd17yl2fynvjl120d0m0000gn/T//cctOt6HF.s 			page 3


  88:Core/Src/system_stm32l4xx.c ****   * @{
  89:Core/Src/system_stm32l4xx.c ****   */
  90:Core/Src/system_stm32l4xx.c **** 
  91:Core/Src/system_stm32l4xx.c **** #include "stm32l4xx.h"
  92:Core/Src/system_stm32l4xx.c **** 
  93:Core/Src/system_stm32l4xx.c **** /**
  94:Core/Src/system_stm32l4xx.c ****   * @}
  95:Core/Src/system_stm32l4xx.c ****   */
  96:Core/Src/system_stm32l4xx.c **** 
  97:Core/Src/system_stm32l4xx.c **** /** @addtogroup STM32L4xx_System_Private_TypesDefinitions
  98:Core/Src/system_stm32l4xx.c ****   * @{
  99:Core/Src/system_stm32l4xx.c ****   */
 100:Core/Src/system_stm32l4xx.c **** 
 101:Core/Src/system_stm32l4xx.c **** /**
 102:Core/Src/system_stm32l4xx.c ****   * @}
 103:Core/Src/system_stm32l4xx.c ****   */
 104:Core/Src/system_stm32l4xx.c **** 
 105:Core/Src/system_stm32l4xx.c **** /** @addtogroup STM32L4xx_System_Private_Defines
 106:Core/Src/system_stm32l4xx.c ****   * @{
 107:Core/Src/system_stm32l4xx.c ****   */
 108:Core/Src/system_stm32l4xx.c **** 
 109:Core/Src/system_stm32l4xx.c **** #if !defined  (HSE_VALUE)
 110:Core/Src/system_stm32l4xx.c ****   #define HSE_VALUE    8000000U  /*!< Value of the External oscillator in Hz */
 111:Core/Src/system_stm32l4xx.c **** #endif /* HSE_VALUE */
 112:Core/Src/system_stm32l4xx.c **** 
 113:Core/Src/system_stm32l4xx.c **** #if !defined  (MSI_VALUE)
 114:Core/Src/system_stm32l4xx.c ****   #define MSI_VALUE    4000000U  /*!< Value of the Internal oscillator in Hz*/
 115:Core/Src/system_stm32l4xx.c **** #endif /* MSI_VALUE */
 116:Core/Src/system_stm32l4xx.c **** 
 117:Core/Src/system_stm32l4xx.c **** #if !defined  (HSI_VALUE)
 118:Core/Src/system_stm32l4xx.c ****   #define HSI_VALUE    16000000U /*!< Value of the Internal oscillator in Hz*/
 119:Core/Src/system_stm32l4xx.c **** #endif /* HSI_VALUE */
 120:Core/Src/system_stm32l4xx.c **** 
 121:Core/Src/system_stm32l4xx.c **** /* Note: Following vector table addresses must be defined in line with linker
 122:Core/Src/system_stm32l4xx.c ****          configuration. */
 123:Core/Src/system_stm32l4xx.c **** /*!< Uncomment the following line if you need to relocate the vector table
 124:Core/Src/system_stm32l4xx.c ****      anywhere in Flash or Sram, else the vector table is kept at the automatic
 125:Core/Src/system_stm32l4xx.c ****      remap of boot address selected */
 126:Core/Src/system_stm32l4xx.c **** /* #define USER_VECT_TAB_ADDRESS */
 127:Core/Src/system_stm32l4xx.c **** 
 128:Core/Src/system_stm32l4xx.c **** #if defined(USER_VECT_TAB_ADDRESS)
 129:Core/Src/system_stm32l4xx.c **** /*!< Uncomment the following line if you need to relocate your vector Table
 130:Core/Src/system_stm32l4xx.c ****      in Sram else user remap will be done in Flash. */
 131:Core/Src/system_stm32l4xx.c **** /* #define VECT_TAB_SRAM */
 132:Core/Src/system_stm32l4xx.c **** 
 133:Core/Src/system_stm32l4xx.c **** #if defined(VECT_TAB_SRAM)
 134:Core/Src/system_stm32l4xx.c **** #define VECT_TAB_BASE_ADDRESS   SRAM1_BASE      /*!< Vector Table base address field.
 135:Core/Src/system_stm32l4xx.c ****                                                      This value must be a multiple of 0x200. */
 136:Core/Src/system_stm32l4xx.c **** #else
 137:Core/Src/system_stm32l4xx.c **** #define VECT_TAB_BASE_ADDRESS   FLASH_BASE      /*!< Vector Table base address field.
 138:Core/Src/system_stm32l4xx.c ****                                                      This value must be a multiple of 0x200. */
 139:Core/Src/system_stm32l4xx.c **** #endif /* VECT_TAB_SRAM */
 140:Core/Src/system_stm32l4xx.c **** 
 141:Core/Src/system_stm32l4xx.c **** #if !defined(VECT_TAB_OFFSET)
 142:Core/Src/system_stm32l4xx.c **** #define VECT_TAB_OFFSET         0x00000000U     /*!< Vector Table offset field.
 143:Core/Src/system_stm32l4xx.c ****                                                      This value must be a multiple of 0x200. */
 144:Core/Src/system_stm32l4xx.c **** #endif /* VECT_TAB_OFFSET */
ARM GAS  /var/folders/gv/t2w3mcd17yl2fynvjl120d0m0000gn/T//cctOt6HF.s 			page 4


 145:Core/Src/system_stm32l4xx.c **** 
 146:Core/Src/system_stm32l4xx.c **** #endif /* USER_VECT_TAB_ADDRESS */
 147:Core/Src/system_stm32l4xx.c **** 
 148:Core/Src/system_stm32l4xx.c **** /******************************************************************************/
 149:Core/Src/system_stm32l4xx.c **** /**
 150:Core/Src/system_stm32l4xx.c ****   * @}
 151:Core/Src/system_stm32l4xx.c ****   */
 152:Core/Src/system_stm32l4xx.c **** 
 153:Core/Src/system_stm32l4xx.c **** /** @addtogroup STM32L4xx_System_Private_Macros
 154:Core/Src/system_stm32l4xx.c ****   * @{
 155:Core/Src/system_stm32l4xx.c ****   */
 156:Core/Src/system_stm32l4xx.c **** 
 157:Core/Src/system_stm32l4xx.c **** /**
 158:Core/Src/system_stm32l4xx.c ****   * @}
 159:Core/Src/system_stm32l4xx.c ****   */
 160:Core/Src/system_stm32l4xx.c **** 
 161:Core/Src/system_stm32l4xx.c **** /** @addtogroup STM32L4xx_System_Private_Variables
 162:Core/Src/system_stm32l4xx.c ****   * @{
 163:Core/Src/system_stm32l4xx.c ****   */
 164:Core/Src/system_stm32l4xx.c ****   /* The SystemCoreClock variable is updated in three ways:
 165:Core/Src/system_stm32l4xx.c ****       1) by calling CMSIS function SystemCoreClockUpdate()
 166:Core/Src/system_stm32l4xx.c ****       2) by calling HAL API function HAL_RCC_GetHCLKFreq()
 167:Core/Src/system_stm32l4xx.c ****       3) each time HAL_RCC_ClockConfig() is called to configure the system clock frequency
 168:Core/Src/system_stm32l4xx.c ****          Note: If you use this function to configure the system clock; then there
 169:Core/Src/system_stm32l4xx.c ****                is no need to call the 2 first functions listed above, since SystemCoreClock
 170:Core/Src/system_stm32l4xx.c ****                variable is updated automatically.
 171:Core/Src/system_stm32l4xx.c ****   */
 172:Core/Src/system_stm32l4xx.c ****   uint32_t SystemCoreClock = 4000000U;
 173:Core/Src/system_stm32l4xx.c **** 
 174:Core/Src/system_stm32l4xx.c ****   const uint8_t  AHBPrescTable[16] = {0U, 0U, 0U, 0U, 0U, 0U, 0U, 0U, 1U, 2U, 3U, 4U, 6U, 7U, 8U, 9
 175:Core/Src/system_stm32l4xx.c ****   const uint8_t  APBPrescTable[8] =  {0U, 0U, 0U, 0U, 1U, 2U, 3U, 4U};
 176:Core/Src/system_stm32l4xx.c ****   const uint32_t MSIRangeTable[12] = {100000U,   200000U,   400000U,   800000U,  1000000U,  2000000
 177:Core/Src/system_stm32l4xx.c ****                                       4000000U, 8000000U, 16000000U, 24000000U, 32000000U, 48000000
 178:Core/Src/system_stm32l4xx.c **** /**
 179:Core/Src/system_stm32l4xx.c ****   * @}
 180:Core/Src/system_stm32l4xx.c ****   */
 181:Core/Src/system_stm32l4xx.c **** 
 182:Core/Src/system_stm32l4xx.c **** /** @addtogroup STM32L4xx_System_Private_FunctionPrototypes
 183:Core/Src/system_stm32l4xx.c ****   * @{
 184:Core/Src/system_stm32l4xx.c ****   */
 185:Core/Src/system_stm32l4xx.c **** 
 186:Core/Src/system_stm32l4xx.c **** /**
 187:Core/Src/system_stm32l4xx.c ****   * @}
 188:Core/Src/system_stm32l4xx.c ****   */
 189:Core/Src/system_stm32l4xx.c **** 
 190:Core/Src/system_stm32l4xx.c **** /** @addtogroup STM32L4xx_System_Private_Functions
 191:Core/Src/system_stm32l4xx.c ****   * @{
 192:Core/Src/system_stm32l4xx.c ****   */
 193:Core/Src/system_stm32l4xx.c **** 
 194:Core/Src/system_stm32l4xx.c **** /**
 195:Core/Src/system_stm32l4xx.c ****   * @brief  Setup the microcontroller system.
 196:Core/Src/system_stm32l4xx.c ****   * @retval None
 197:Core/Src/system_stm32l4xx.c ****   */
 198:Core/Src/system_stm32l4xx.c **** 
 199:Core/Src/system_stm32l4xx.c **** void SystemInit(void)
 200:Core/Src/system_stm32l4xx.c **** {
  29              		.loc 1 200 1 view -0
ARM GAS  /var/folders/gv/t2w3mcd17yl2fynvjl120d0m0000gn/T//cctOt6HF.s 			page 5


  30              		.cfi_startproc
  31              		@ args = 0, pretend = 0, frame = 0
  32              		@ frame_needed = 0, uses_anonymous_args = 0
  33              		@ link register save eliminated.
 201:Core/Src/system_stm32l4xx.c **** #if defined(USER_VECT_TAB_ADDRESS)
 202:Core/Src/system_stm32l4xx.c ****   /* Configure the Vector Table location -------------------------------------*/
 203:Core/Src/system_stm32l4xx.c ****   SCB->VTOR = VECT_TAB_BASE_ADDRESS | VECT_TAB_OFFSET;
 204:Core/Src/system_stm32l4xx.c **** #endif
 205:Core/Src/system_stm32l4xx.c **** 
 206:Core/Src/system_stm32l4xx.c ****   /* FPU settings ------------------------------------------------------------*/
 207:Core/Src/system_stm32l4xx.c **** #if (__FPU_PRESENT == 1) && (__FPU_USED == 1)
 208:Core/Src/system_stm32l4xx.c ****   SCB->CPACR |= ((3UL << 20U)|(3UL << 22U));  /* set CP10 and CP11 Full Access */
  34              		.loc 1 208 3 view .LVU1
  35              		.loc 1 208 6 is_stmt 0 view .LVU2
  36 0000 034A     		ldr	r2, .L2
  37 0002 D2F88830 		ldr	r3, [r2, #136]
  38              		.loc 1 208 14 view .LVU3
  39 0006 43F47003 		orr	r3, r3, #15728640
  40 000a C2F88830 		str	r3, [r2, #136]
 209:Core/Src/system_stm32l4xx.c **** #endif
 210:Core/Src/system_stm32l4xx.c **** }
  41              		.loc 1 210 1 view .LVU4
  42 000e 7047     		bx	lr
  43              	.L3:
  44              		.align	2
  45              	.L2:
  46 0010 00ED00E0 		.word	-536810240
  47              		.cfi_endproc
  48              	.LFE228:
  50              		.section	.text.SystemCoreClockUpdate,"ax",%progbits
  51              		.align	1
  52              		.global	SystemCoreClockUpdate
  53              		.syntax unified
  54              		.thumb
  55              		.thumb_func
  57              	SystemCoreClockUpdate:
  58              	.LFB229:
 211:Core/Src/system_stm32l4xx.c **** 
 212:Core/Src/system_stm32l4xx.c **** /**
 213:Core/Src/system_stm32l4xx.c ****   * @brief  Update SystemCoreClock variable according to Clock Register Values.
 214:Core/Src/system_stm32l4xx.c ****   *         The SystemCoreClock variable contains the core clock (HCLK), it can
 215:Core/Src/system_stm32l4xx.c ****   *         be used by the user application to setup the SysTick timer or configure
 216:Core/Src/system_stm32l4xx.c ****   *         other parameters.
 217:Core/Src/system_stm32l4xx.c ****   *
 218:Core/Src/system_stm32l4xx.c ****   * @note   Each time the core clock (HCLK) changes, this function must be called
 219:Core/Src/system_stm32l4xx.c ****   *         to update SystemCoreClock variable value. Otherwise, any configuration
 220:Core/Src/system_stm32l4xx.c ****   *         based on this variable will be incorrect.
 221:Core/Src/system_stm32l4xx.c ****   *
 222:Core/Src/system_stm32l4xx.c ****   * @note   - The system frequency computed by this function is not the real
 223:Core/Src/system_stm32l4xx.c ****   *           frequency in the chip. It is calculated based on the predefined
 224:Core/Src/system_stm32l4xx.c ****   *           constant and the selected clock source:
 225:Core/Src/system_stm32l4xx.c ****   *
 226:Core/Src/system_stm32l4xx.c ****   *           - If SYSCLK source is MSI, SystemCoreClock will contain the MSI_VALUE(*)
 227:Core/Src/system_stm32l4xx.c ****   *
 228:Core/Src/system_stm32l4xx.c ****   *           - If SYSCLK source is HSI, SystemCoreClock will contain the HSI_VALUE(**)
 229:Core/Src/system_stm32l4xx.c ****   *
 230:Core/Src/system_stm32l4xx.c ****   *           - If SYSCLK source is HSE, SystemCoreClock will contain the HSE_VALUE(***)
ARM GAS  /var/folders/gv/t2w3mcd17yl2fynvjl120d0m0000gn/T//cctOt6HF.s 			page 6


 231:Core/Src/system_stm32l4xx.c ****   *
 232:Core/Src/system_stm32l4xx.c ****   *           - If SYSCLK source is PLL, SystemCoreClock will contain the HSE_VALUE(***)
 233:Core/Src/system_stm32l4xx.c ****   *             or HSI_VALUE(*) or MSI_VALUE(*) multiplied/divided by the PLL factors.
 234:Core/Src/system_stm32l4xx.c ****   *
 235:Core/Src/system_stm32l4xx.c ****   *         (*) MSI_VALUE is a constant defined in stm32l4xx_hal.h file (default value
 236:Core/Src/system_stm32l4xx.c ****   *             4 MHz) but the real value may vary depending on the variations
 237:Core/Src/system_stm32l4xx.c ****   *             in voltage and temperature.
 238:Core/Src/system_stm32l4xx.c ****   *
 239:Core/Src/system_stm32l4xx.c ****   *         (**) HSI_VALUE is a constant defined in stm32l4xx_hal.h file (default value
 240:Core/Src/system_stm32l4xx.c ****   *              16 MHz) but the real value may vary depending on the variations
 241:Core/Src/system_stm32l4xx.c ****   *              in voltage and temperature.
 242:Core/Src/system_stm32l4xx.c ****   *
 243:Core/Src/system_stm32l4xx.c ****   *         (***) HSE_VALUE is a constant defined in stm32l4xx_hal.h file (default value
 244:Core/Src/system_stm32l4xx.c ****   *              8 MHz), user has to ensure that HSE_VALUE is same as the real
 245:Core/Src/system_stm32l4xx.c ****   *              frequency of the crystal used. Otherwise, this function may
 246:Core/Src/system_stm32l4xx.c ****   *              have wrong result.
 247:Core/Src/system_stm32l4xx.c ****   *
 248:Core/Src/system_stm32l4xx.c ****   *         - The result of this function could be not correct when using fractional
 249:Core/Src/system_stm32l4xx.c ****   *           value for HSE crystal.
 250:Core/Src/system_stm32l4xx.c ****   *
 251:Core/Src/system_stm32l4xx.c ****   * @retval None
 252:Core/Src/system_stm32l4xx.c ****   */
 253:Core/Src/system_stm32l4xx.c **** void SystemCoreClockUpdate(void)
 254:Core/Src/system_stm32l4xx.c **** {
  59              		.loc 1 254 1 is_stmt 1 view -0
  60              		.cfi_startproc
  61              		@ args = 0, pretend = 0, frame = 0
  62              		@ frame_needed = 0, uses_anonymous_args = 0
  63              		@ link register save eliminated.
 255:Core/Src/system_stm32l4xx.c ****   uint32_t tmp, msirange, pllvco, pllsource, pllm, pllr;
  64              		.loc 1 255 3 view .LVU6
 256:Core/Src/system_stm32l4xx.c **** 
 257:Core/Src/system_stm32l4xx.c ****   /* Get MSI Range frequency--------------------------------------------------*/
 258:Core/Src/system_stm32l4xx.c ****   if ((RCC->CR & RCC_CR_MSIRGSEL) == 0U)
  65              		.loc 1 258 3 view .LVU7
  66              		.loc 1 258 11 is_stmt 0 view .LVU8
  67 0000 2D4B     		ldr	r3, .L19
  68 0002 1B68     		ldr	r3, [r3]
  69              		.loc 1 258 6 view .LVU9
  70 0004 13F0080F 		tst	r3, #8
  71 0008 15D1     		bne	.L5
 259:Core/Src/system_stm32l4xx.c ****   { /* MSISRANGE from RCC_CSR applies */
 260:Core/Src/system_stm32l4xx.c ****     msirange = (RCC->CSR & RCC_CSR_MSISRANGE) >> 8U;
  72              		.loc 1 260 5 is_stmt 1 view .LVU10
  73              		.loc 1 260 20 is_stmt 0 view .LVU11
  74 000a 2B4B     		ldr	r3, .L19
  75 000c D3F89430 		ldr	r3, [r3, #148]
  76              		.loc 1 260 14 view .LVU12
  77 0010 C3F30323 		ubfx	r3, r3, #8, #4
  78              	.LVL0:
  79              	.L6:
 261:Core/Src/system_stm32l4xx.c ****   }
 262:Core/Src/system_stm32l4xx.c ****   else
 263:Core/Src/system_stm32l4xx.c ****   { /* MSIRANGE from RCC_CR applies */
 264:Core/Src/system_stm32l4xx.c ****     msirange = (RCC->CR & RCC_CR_MSIRANGE) >> 4U;
 265:Core/Src/system_stm32l4xx.c ****   }
 266:Core/Src/system_stm32l4xx.c ****   /*MSI frequency range in HZ*/
ARM GAS  /var/folders/gv/t2w3mcd17yl2fynvjl120d0m0000gn/T//cctOt6HF.s 			page 7


 267:Core/Src/system_stm32l4xx.c ****   msirange = MSIRangeTable[msirange];
  80              		.loc 1 267 3 is_stmt 1 view .LVU13
  81              		.loc 1 267 12 is_stmt 0 view .LVU14
  82 0014 294A     		ldr	r2, .L19+4
  83 0016 52F82320 		ldr	r2, [r2, r3, lsl #2]
  84              	.LVL1:
 268:Core/Src/system_stm32l4xx.c **** 
 269:Core/Src/system_stm32l4xx.c ****   /* Get SYSCLK source -------------------------------------------------------*/
 270:Core/Src/system_stm32l4xx.c ****   switch (RCC->CFGR & RCC_CFGR_SWS)
  85              		.loc 1 270 3 is_stmt 1 view .LVU15
  86              		.loc 1 270 14 is_stmt 0 view .LVU16
  87 001a 274B     		ldr	r3, .L19
  88 001c 9B68     		ldr	r3, [r3, #8]
  89              		.loc 1 270 21 view .LVU17
  90 001e 03F00C03 		and	r3, r3, #12
  91              		.loc 1 270 3 view .LVU18
  92 0022 082B     		cmp	r3, #8
  93 0024 20D0     		beq	.L7
  94 0026 0BD8     		bhi	.L8
  95 0028 DBB1     		cbz	r3, .L9
  96 002a 042B     		cmp	r3, #4
  97 002c 41D1     		bne	.L11
 271:Core/Src/system_stm32l4xx.c ****   {
 272:Core/Src/system_stm32l4xx.c ****     case 0x00:  /* MSI used as system clock source */
 273:Core/Src/system_stm32l4xx.c ****       SystemCoreClock = msirange;
 274:Core/Src/system_stm32l4xx.c ****       break;
 275:Core/Src/system_stm32l4xx.c **** 
 276:Core/Src/system_stm32l4xx.c ****     case 0x04:  /* HSI used as system clock source */
 277:Core/Src/system_stm32l4xx.c ****       SystemCoreClock = HSI_VALUE;
  98              		.loc 1 277 7 is_stmt 1 view .LVU19
  99              		.loc 1 277 23 is_stmt 0 view .LVU20
 100 002e 244B     		ldr	r3, .L19+8
 101 0030 244A     		ldr	r2, .L19+12
 102              	.LVL2:
 103              		.loc 1 277 23 view .LVU21
 104 0032 1A60     		str	r2, [r3]
 278:Core/Src/system_stm32l4xx.c ****       break;
 105              		.loc 1 278 7 is_stmt 1 view .LVU22
 106 0034 2EE0     		b	.L13
 107              	.LVL3:
 108              	.L5:
 264:Core/Src/system_stm32l4xx.c ****   }
 109              		.loc 1 264 5 view .LVU23
 264:Core/Src/system_stm32l4xx.c ****   }
 110              		.loc 1 264 20 is_stmt 0 view .LVU24
 111 0036 204B     		ldr	r3, .L19
 112 0038 1B68     		ldr	r3, [r3]
 264:Core/Src/system_stm32l4xx.c ****   }
 113              		.loc 1 264 14 view .LVU25
 114 003a C3F30313 		ubfx	r3, r3, #4, #4
 115 003e E9E7     		b	.L6
 116              	.LVL4:
 117              	.L8:
 270:Core/Src/system_stm32l4xx.c ****   {
 118              		.loc 1 270 3 view .LVU26
 119 0040 0C2B     		cmp	r3, #12
 120 0042 36D1     		bne	.L11
ARM GAS  /var/folders/gv/t2w3mcd17yl2fynvjl120d0m0000gn/T//cctOt6HF.s 			page 8


 279:Core/Src/system_stm32l4xx.c **** 
 280:Core/Src/system_stm32l4xx.c ****     case 0x08:  /* HSE used as system clock source */
 281:Core/Src/system_stm32l4xx.c ****       SystemCoreClock = HSE_VALUE;
 282:Core/Src/system_stm32l4xx.c ****       break;
 283:Core/Src/system_stm32l4xx.c **** 
 284:Core/Src/system_stm32l4xx.c ****     case 0x0C:  /* PLL used as system clock  source */
 285:Core/Src/system_stm32l4xx.c ****       /* PLL_VCO = (HSE_VALUE or HSI_VALUE or MSI_VALUE/ PLLM) * PLLN
 286:Core/Src/system_stm32l4xx.c ****          SYSCLK = PLL_VCO / PLLR
 287:Core/Src/system_stm32l4xx.c ****          */
 288:Core/Src/system_stm32l4xx.c ****       pllsource = (RCC->PLLCFGR & RCC_PLLCFGR_PLLSRC);
 121              		.loc 1 288 7 is_stmt 1 view .LVU27
 122              		.loc 1 288 23 is_stmt 0 view .LVU28
 123 0044 1C4B     		ldr	r3, .L19
 124 0046 D968     		ldr	r1, [r3, #12]
 125              		.loc 1 288 17 view .LVU29
 126 0048 01F00301 		and	r1, r1, #3
 127              	.LVL5:
 289:Core/Src/system_stm32l4xx.c ****       pllm = ((RCC->PLLCFGR & RCC_PLLCFGR_PLLM) >> 4U) + 1U ;
 128              		.loc 1 289 7 is_stmt 1 view .LVU30
 129              		.loc 1 289 19 is_stmt 0 view .LVU31
 130 004c DB68     		ldr	r3, [r3, #12]
 131              		.loc 1 289 49 view .LVU32
 132 004e C3F30213 		ubfx	r3, r3, #4, #3
 133              		.loc 1 289 12 view .LVU33
 134 0052 0133     		adds	r3, r3, #1
 135              	.LVL6:
 290:Core/Src/system_stm32l4xx.c **** 
 291:Core/Src/system_stm32l4xx.c ****       switch (pllsource)
 136              		.loc 1 291 7 is_stmt 1 view .LVU34
 137 0054 0229     		cmp	r1, #2
 138 0056 0BD0     		beq	.L14
 139 0058 0329     		cmp	r1, #3
 140 005a 26D0     		beq	.L15
 292:Core/Src/system_stm32l4xx.c ****       {
 293:Core/Src/system_stm32l4xx.c ****         case 0x02:  /* HSI used as PLL clock source */
 294:Core/Src/system_stm32l4xx.c ****           pllvco = (HSI_VALUE / pllm);
 295:Core/Src/system_stm32l4xx.c ****           break;
 296:Core/Src/system_stm32l4xx.c **** 
 297:Core/Src/system_stm32l4xx.c ****         case 0x03:  /* HSE used as PLL clock source */
 298:Core/Src/system_stm32l4xx.c ****           pllvco = (HSE_VALUE / pllm);
 299:Core/Src/system_stm32l4xx.c ****           break;
 300:Core/Src/system_stm32l4xx.c **** 
 301:Core/Src/system_stm32l4xx.c ****         default:    /* MSI used as PLL clock source */
 302:Core/Src/system_stm32l4xx.c ****           pllvco = (msirange / pllm);
 141              		.loc 1 302 11 view .LVU35
 142              		.loc 1 302 18 is_stmt 0 view .LVU36
 143 005c B2FBF3F2 		udiv	r2, r2, r3
 144              	.LVL7:
 303:Core/Src/system_stm32l4xx.c ****           break;
 145              		.loc 1 303 11 is_stmt 1 view .LVU37
 146 0060 09E0     		b	.L17
 147              	.LVL8:
 148              	.L9:
 273:Core/Src/system_stm32l4xx.c ****       break;
 149              		.loc 1 273 7 view .LVU38
 273:Core/Src/system_stm32l4xx.c ****       break;
 150              		.loc 1 273 23 is_stmt 0 view .LVU39
ARM GAS  /var/folders/gv/t2w3mcd17yl2fynvjl120d0m0000gn/T//cctOt6HF.s 			page 9


 151 0062 174B     		ldr	r3, .L19+8
 152 0064 1A60     		str	r2, [r3]
 274:Core/Src/system_stm32l4xx.c **** 
 153              		.loc 1 274 7 is_stmt 1 view .LVU40
 154 0066 15E0     		b	.L13
 155              	.L7:
 281:Core/Src/system_stm32l4xx.c ****       break;
 156              		.loc 1 281 7 view .LVU41
 281:Core/Src/system_stm32l4xx.c ****       break;
 157              		.loc 1 281 23 is_stmt 0 view .LVU42
 158 0068 154B     		ldr	r3, .L19+8
 159 006a 174A     		ldr	r2, .L19+16
 160              	.LVL9:
 281:Core/Src/system_stm32l4xx.c ****       break;
 161              		.loc 1 281 23 view .LVU43
 162 006c 1A60     		str	r2, [r3]
 282:Core/Src/system_stm32l4xx.c **** 
 163              		.loc 1 282 7 is_stmt 1 view .LVU44
 164 006e 11E0     		b	.L13
 165              	.LVL10:
 166              	.L14:
 294:Core/Src/system_stm32l4xx.c ****           break;
 167              		.loc 1 294 11 view .LVU45
 294:Core/Src/system_stm32l4xx.c ****           break;
 168              		.loc 1 294 18 is_stmt 0 view .LVU46
 169 0070 144A     		ldr	r2, .L19+12
 170              	.LVL11:
 294:Core/Src/system_stm32l4xx.c ****           break;
 171              		.loc 1 294 18 view .LVU47
 172 0072 B2FBF3F2 		udiv	r2, r2, r3
 173              	.LVL12:
 295:Core/Src/system_stm32l4xx.c **** 
 174              		.loc 1 295 11 is_stmt 1 view .LVU48
 175              	.L17:
 304:Core/Src/system_stm32l4xx.c ****       }
 305:Core/Src/system_stm32l4xx.c ****       pllvco = pllvco * ((RCC->PLLCFGR & RCC_PLLCFGR_PLLN) >> 8U);
 176              		.loc 1 305 7 view .LVU49
 177              		.loc 1 305 30 is_stmt 0 view .LVU50
 178 0076 1049     		ldr	r1, .L19
 179              	.LVL13:
 180              		.loc 1 305 30 view .LVU51
 181 0078 CB68     		ldr	r3, [r1, #12]
 182              	.LVL14:
 183              		.loc 1 305 60 view .LVU52
 184 007a C3F30623 		ubfx	r3, r3, #8, #7
 185              		.loc 1 305 14 view .LVU53
 186 007e 02FB03F3 		mul	r3, r2, r3
 187              	.LVL15:
 306:Core/Src/system_stm32l4xx.c ****       pllr = (((RCC->PLLCFGR & RCC_PLLCFGR_PLLR) >> 25U) + 1U) * 2U;
 188              		.loc 1 306 7 is_stmt 1 view .LVU54
 189              		.loc 1 306 20 is_stmt 0 view .LVU55
 190 0082 CA68     		ldr	r2, [r1, #12]
 191              		.loc 1 306 50 view .LVU56
 192 0084 C2F34162 		ubfx	r2, r2, #25, #2
 193              		.loc 1 306 58 view .LVU57
 194 0088 0132     		adds	r2, r2, #1
 195              		.loc 1 306 12 view .LVU58
ARM GAS  /var/folders/gv/t2w3mcd17yl2fynvjl120d0m0000gn/T//cctOt6HF.s 			page 10


 196 008a 5200     		lsls	r2, r2, #1
 197              	.LVL16:
 307:Core/Src/system_stm32l4xx.c ****       SystemCoreClock = pllvco/pllr;
 198              		.loc 1 307 7 is_stmt 1 view .LVU59
 199              		.loc 1 307 31 is_stmt 0 view .LVU60
 200 008c B3FBF2F3 		udiv	r3, r3, r2
 201              	.LVL17:
 202              		.loc 1 307 23 view .LVU61
 203 0090 0B4A     		ldr	r2, .L19+8
 204              	.LVL18:
 205              		.loc 1 307 23 view .LVU62
 206 0092 1360     		str	r3, [r2]
 308:Core/Src/system_stm32l4xx.c ****       break;
 207              		.loc 1 308 7 is_stmt 1 view .LVU63
 208              	.LVL19:
 209              	.L13:
 309:Core/Src/system_stm32l4xx.c **** 
 310:Core/Src/system_stm32l4xx.c ****     default:
 311:Core/Src/system_stm32l4xx.c ****       SystemCoreClock = msirange;
 312:Core/Src/system_stm32l4xx.c ****       break;
 313:Core/Src/system_stm32l4xx.c ****   }
 314:Core/Src/system_stm32l4xx.c ****   /* Compute HCLK clock frequency --------------------------------------------*/
 315:Core/Src/system_stm32l4xx.c ****   /* Get HCLK prescaler */
 316:Core/Src/system_stm32l4xx.c ****   tmp = AHBPrescTable[((RCC->CFGR & RCC_CFGR_HPRE) >> 4U)];
 210              		.loc 1 316 3 view .LVU64
 211              		.loc 1 316 28 is_stmt 0 view .LVU65
 212 0094 084B     		ldr	r3, .L19
 213 0096 9B68     		ldr	r3, [r3, #8]
 214              		.loc 1 316 52 view .LVU66
 215 0098 C3F30313 		ubfx	r3, r3, #4, #4
 216              		.loc 1 316 22 view .LVU67
 217 009c 0B4A     		ldr	r2, .L19+20
 218 009e D15C     		ldrb	r1, [r2, r3]	@ zero_extendqisi2
 219              	.LVL20:
 317:Core/Src/system_stm32l4xx.c ****   /* HCLK clock frequency */
 318:Core/Src/system_stm32l4xx.c ****   SystemCoreClock >>= tmp;
 220              		.loc 1 318 3 is_stmt 1 view .LVU68
 221              		.loc 1 318 19 is_stmt 0 view .LVU69
 222 00a0 074A     		ldr	r2, .L19+8
 223 00a2 1368     		ldr	r3, [r2]
 224 00a4 CB40     		lsrs	r3, r3, r1
 225 00a6 1360     		str	r3, [r2]
 319:Core/Src/system_stm32l4xx.c **** }
 226              		.loc 1 319 1 view .LVU70
 227 00a8 7047     		bx	lr
 228              	.LVL21:
 229              	.L15:
 298:Core/Src/system_stm32l4xx.c ****           break;
 230              		.loc 1 298 11 is_stmt 1 view .LVU71
 298:Core/Src/system_stm32l4xx.c ****           break;
 231              		.loc 1 298 18 is_stmt 0 view .LVU72
 232 00aa 074A     		ldr	r2, .L19+16
 233              	.LVL22:
 298:Core/Src/system_stm32l4xx.c ****           break;
 234              		.loc 1 298 18 view .LVU73
 235 00ac B2FBF3F2 		udiv	r2, r2, r3
 236              	.LVL23:
ARM GAS  /var/folders/gv/t2w3mcd17yl2fynvjl120d0m0000gn/T//cctOt6HF.s 			page 11


 299:Core/Src/system_stm32l4xx.c **** 
 237              		.loc 1 299 11 is_stmt 1 view .LVU74
 238 00b0 E1E7     		b	.L17
 239              	.LVL24:
 240              	.L11:
 311:Core/Src/system_stm32l4xx.c ****       break;
 241              		.loc 1 311 7 view .LVU75
 311:Core/Src/system_stm32l4xx.c ****       break;
 242              		.loc 1 311 23 is_stmt 0 view .LVU76
 243 00b2 034B     		ldr	r3, .L19+8
 244 00b4 1A60     		str	r2, [r3]
 312:Core/Src/system_stm32l4xx.c ****   }
 245              		.loc 1 312 7 is_stmt 1 view .LVU77
 246 00b6 EDE7     		b	.L13
 247              	.L20:
 248              		.align	2
 249              	.L19:
 250 00b8 00100240 		.word	1073876992
 251 00bc 00000000 		.word	MSIRangeTable
 252 00c0 00000000 		.word	SystemCoreClock
 253 00c4 0024F400 		.word	16000000
 254 00c8 00127A00 		.word	8000000
 255 00cc 00000000 		.word	AHBPrescTable
 256              		.cfi_endproc
 257              	.LFE229:
 259              		.global	MSIRangeTable
 260              		.section	.rodata.MSIRangeTable,"a"
 261              		.align	2
 264              	MSIRangeTable:
 265 0000 A0860100 		.word	100000
 266 0004 400D0300 		.word	200000
 267 0008 801A0600 		.word	400000
 268 000c 00350C00 		.word	800000
 269 0010 40420F00 		.word	1000000
 270 0014 80841E00 		.word	2000000
 271 0018 00093D00 		.word	4000000
 272 001c 00127A00 		.word	8000000
 273 0020 0024F400 		.word	16000000
 274 0024 00366E01 		.word	24000000
 275 0028 0048E801 		.word	32000000
 276 002c 006CDC02 		.word	48000000
 277              		.global	APBPrescTable
 278              		.section	.rodata.APBPrescTable,"a"
 279              		.align	2
 282              	APBPrescTable:
 283 0000 00000000 		.ascii	"\000\000\000\000\001\002\003\004"
 283      01020304 
 284              		.global	AHBPrescTable
 285              		.section	.rodata.AHBPrescTable,"a"
 286              		.align	2
 289              	AHBPrescTable:
 290 0000 00000000 		.ascii	"\000\000\000\000\000\000\000\000\001\002\003\004\006"
 290      00000000 
 290      01020304 
 290      06
 291 000d 070809   		.ascii	"\007\010\011"
 292              		.global	SystemCoreClock
ARM GAS  /var/folders/gv/t2w3mcd17yl2fynvjl120d0m0000gn/T//cctOt6HF.s 			page 12


 293              		.section	.data.SystemCoreClock,"aw"
 294              		.align	2
 297              	SystemCoreClock:
 298 0000 00093D00 		.word	4000000
 299              		.text
 300              	.Letext0:
 301              		.file 2 "/Applications/ArmGNUToolchain/15.2.rel1/arm-none-eabi/arm-none-eabi/include/machine/_defa
 302              		.file 3 "/Applications/ArmGNUToolchain/15.2.rel1/arm-none-eabi/arm-none-eabi/include/sys/_stdint.h
 303              		.file 4 "Drivers/CMSIS/Include/core_cm4.h"
 304              		.file 5 "Drivers/CMSIS/Device/ST/STM32L4xx/Include/system_stm32l4xx.h"
 305              		.file 6 "Drivers/CMSIS/Device/ST/STM32L4xx/Include/stm32l476xx.h"
 306              		.file 7 "Drivers/STM32L4xx_HAL_Driver/Inc/stm32l4xx_ll_dma.h"
ARM GAS  /var/folders/gv/t2w3mcd17yl2fynvjl120d0m0000gn/T//cctOt6HF.s 			page 13


DEFINED SYMBOLS
                            *ABS*:00000000 system_stm32l4xx.c
/var/folders/gv/t2w3mcd17yl2fynvjl120d0m0000gn/T//cctOt6HF.s:21     .text.SystemInit:00000000 $t
/var/folders/gv/t2w3mcd17yl2fynvjl120d0m0000gn/T//cctOt6HF.s:27     .text.SystemInit:00000000 SystemInit
/var/folders/gv/t2w3mcd17yl2fynvjl120d0m0000gn/T//cctOt6HF.s:46     .text.SystemInit:00000010 $d
/var/folders/gv/t2w3mcd17yl2fynvjl120d0m0000gn/T//cctOt6HF.s:51     .text.SystemCoreClockUpdate:00000000 $t
/var/folders/gv/t2w3mcd17yl2fynvjl120d0m0000gn/T//cctOt6HF.s:57     .text.SystemCoreClockUpdate:00000000 SystemCoreClockUpdate
/var/folders/gv/t2w3mcd17yl2fynvjl120d0m0000gn/T//cctOt6HF.s:250    .text.SystemCoreClockUpdate:000000b8 $d
/var/folders/gv/t2w3mcd17yl2fynvjl120d0m0000gn/T//cctOt6HF.s:264    .rodata.MSIRangeTable:00000000 MSIRangeTable
/var/folders/gv/t2w3mcd17yl2fynvjl120d0m0000gn/T//cctOt6HF.s:297    .data.SystemCoreClock:00000000 SystemCoreClock
/var/folders/gv/t2w3mcd17yl2fynvjl120d0m0000gn/T//cctOt6HF.s:289    .rodata.AHBPrescTable:00000000 AHBPrescTable
/var/folders/gv/t2w3mcd17yl2fynvjl120d0m0000gn/T//cctOt6HF.s:261    .rodata.MSIRangeTable:00000000 $d
/var/folders/gv/t2w3mcd17yl2fynvjl120d0m0000gn/T//cctOt6HF.s:282    .rodata.APBPrescTable:00000000 APBPrescTable
/var/folders/gv/t2w3mcd17yl2fynvjl120d0m0000gn/T//cctOt6HF.s:279    .rodata.APBPrescTable:00000000 $d
/var/folders/gv/t2w3mcd17yl2fynvjl120d0m0000gn/T//cctOt6HF.s:286    .rodata.AHBPrescTable:00000000 $d
/var/folders/gv/t2w3mcd17yl2fynvjl120d0m0000gn/T//cctOt6HF.s:294    .data.SystemCoreClock:00000000 $d

NO UNDEFINED SYMBOLS
