ARM GAS  /var/folders/gv/t2w3mcd17yl2fynvjl120d0m0000gn/T//cc9wOF6s.s 			page 1


   1              		.cpu cortex-m4
   2              		.arch armv7e-m
   3              		.fpu fpv4-sp-d16
   4              		.eabi_attribute 27, 1
   5              		.eabi_attribute 28, 1
   6              		.eabi_attribute 20, 1
   7              		.eabi_attribute 21, 1
   8              		.eabi_attribute 23, 3
   9              		.eabi_attribute 24, 1
  10              		.eabi_attribute 25, 1
  11              		.eabi_attribute 26, 1
  12              		.eabi_attribute 30, 1
  13              		.eabi_attribute 34, 1
  14              		.eabi_attribute 18, 4
  15              		.file	"usart.c"
  16              		.text
  17              	.Ltext0:
  18              		.cfi_sections	.debug_frame
  19              		.file 1 "Core/Src/usart.c"
  20              		.section	.text.MX_USART1_UART_Init,"ax",%progbits
  21              		.align	1
  22              		.global	MX_USART1_UART_Init
  23              		.syntax unified
  24              		.thumb
  25              		.thumb_func
  27              	MX_USART1_UART_Init:
  28              	.LFB228:
   1:Core/Src/usart.c **** /* USER CODE BEGIN Header */
   2:Core/Src/usart.c **** /**
   3:Core/Src/usart.c ****   ******************************************************************************
   4:Core/Src/usart.c ****   * @file    usart.c
   5:Core/Src/usart.c ****   * @brief   This file provides code for the configuration
   6:Core/Src/usart.c ****   *          of the USART instances.
   7:Core/Src/usart.c ****   ******************************************************************************
   8:Core/Src/usart.c ****   * @attention
   9:Core/Src/usart.c ****   *
  10:Core/Src/usart.c ****   * Copyright (c) 2026 STMicroelectronics.
  11:Core/Src/usart.c ****   * All rights reserved.
  12:Core/Src/usart.c ****   *
  13:Core/Src/usart.c ****   * This software is licensed under terms that can be found in the LICENSE file
  14:Core/Src/usart.c ****   * in the root directory of this software component.
  15:Core/Src/usart.c ****   * If no LICENSE file comes with this software, it is provided AS-IS.
  16:Core/Src/usart.c ****   *
  17:Core/Src/usart.c ****   ******************************************************************************
  18:Core/Src/usart.c ****   */
  19:Core/Src/usart.c **** /* USER CODE END Header */
  20:Core/Src/usart.c **** /* Includes ------------------------------------------------------------------*/
  21:Core/Src/usart.c **** #include "usart.h"
  22:Core/Src/usart.c **** 
  23:Core/Src/usart.c **** /* USER CODE BEGIN 0 */
  24:Core/Src/usart.c **** 
  25:Core/Src/usart.c **** /* USER CODE END 0 */
  26:Core/Src/usart.c **** 
  27:Core/Src/usart.c **** UART_HandleTypeDef huart1;
  28:Core/Src/usart.c **** 
  29:Core/Src/usart.c **** /* USART1 init function */
  30:Core/Src/usart.c **** 
ARM GAS  /var/folders/gv/t2w3mcd17yl2fynvjl120d0m0000gn/T//cc9wOF6s.s 			page 2


  31:Core/Src/usart.c **** void MX_USART1_UART_Init(void)
  32:Core/Src/usart.c **** {
  29              		.loc 1 32 1 view -0
  30              		.cfi_startproc
  31              		@ args = 0, pretend = 0, frame = 0
  32              		@ frame_needed = 0, uses_anonymous_args = 0
  33 0000 08B5     		push	{r3, lr}
  34              	.LCFI0:
  35              		.cfi_def_cfa_offset 8
  36              		.cfi_offset 3, -8
  37              		.cfi_offset 14, -4
  33:Core/Src/usart.c **** 
  34:Core/Src/usart.c ****   /* USER CODE BEGIN USART1_Init 0 */
  35:Core/Src/usart.c **** 
  36:Core/Src/usart.c ****   /* USER CODE END USART1_Init 0 */
  37:Core/Src/usart.c **** 
  38:Core/Src/usart.c ****   /* USER CODE BEGIN USART1_Init 1 */
  39:Core/Src/usart.c **** 
  40:Core/Src/usart.c ****   /* USER CODE END USART1_Init 1 */
  41:Core/Src/usart.c ****   huart1.Instance = USART1;
  38              		.loc 1 41 3 view .LVU1
  39              		.loc 1 41 19 is_stmt 0 view .LVU2
  40 0002 0B48     		ldr	r0, .L5
  41 0004 0B4B     		ldr	r3, .L5+4
  42 0006 0360     		str	r3, [r0]
  42:Core/Src/usart.c ****   huart1.Init.BaudRate = 9600;
  43              		.loc 1 42 3 is_stmt 1 view .LVU3
  44              		.loc 1 42 24 is_stmt 0 view .LVU4
  45 0008 4FF41653 		mov	r3, #9600
  46 000c 4360     		str	r3, [r0, #4]
  43:Core/Src/usart.c ****   huart1.Init.WordLength = UART_WORDLENGTH_8B;
  47              		.loc 1 43 3 is_stmt 1 view .LVU5
  48              		.loc 1 43 26 is_stmt 0 view .LVU6
  49 000e 0023     		movs	r3, #0
  50 0010 8360     		str	r3, [r0, #8]
  44:Core/Src/usart.c ****   huart1.Init.StopBits = UART_STOPBITS_1;
  51              		.loc 1 44 3 is_stmt 1 view .LVU7
  52              		.loc 1 44 24 is_stmt 0 view .LVU8
  53 0012 C360     		str	r3, [r0, #12]
  45:Core/Src/usart.c ****   huart1.Init.Parity = UART_PARITY_NONE;
  54              		.loc 1 45 3 is_stmt 1 view .LVU9
  55              		.loc 1 45 22 is_stmt 0 view .LVU10
  56 0014 0361     		str	r3, [r0, #16]
  46:Core/Src/usart.c ****   huart1.Init.Mode = UART_MODE_TX_RX;
  57              		.loc 1 46 3 is_stmt 1 view .LVU11
  58              		.loc 1 46 20 is_stmt 0 view .LVU12
  59 0016 0C22     		movs	r2, #12
  60 0018 4261     		str	r2, [r0, #20]
  47:Core/Src/usart.c ****   huart1.Init.HwFlowCtl = UART_HWCONTROL_NONE;
  61              		.loc 1 47 3 is_stmt 1 view .LVU13
  62              		.loc 1 47 25 is_stmt 0 view .LVU14
  63 001a 8361     		str	r3, [r0, #24]
  48:Core/Src/usart.c ****   huart1.Init.OverSampling = UART_OVERSAMPLING_16;
  64              		.loc 1 48 3 is_stmt 1 view .LVU15
  65              		.loc 1 48 28 is_stmt 0 view .LVU16
  66 001c C361     		str	r3, [r0, #28]
  49:Core/Src/usart.c ****   huart1.Init.OneBitSampling = UART_ONE_BIT_SAMPLE_DISABLE;
ARM GAS  /var/folders/gv/t2w3mcd17yl2fynvjl120d0m0000gn/T//cc9wOF6s.s 			page 3


  67              		.loc 1 49 3 is_stmt 1 view .LVU17
  68              		.loc 1 49 30 is_stmt 0 view .LVU18
  69 001e 0362     		str	r3, [r0, #32]
  50:Core/Src/usart.c ****   huart1.AdvancedInit.AdvFeatureInit = UART_ADVFEATURE_NO_INIT;
  70              		.loc 1 50 3 is_stmt 1 view .LVU19
  71              		.loc 1 50 38 is_stmt 0 view .LVU20
  72 0020 4362     		str	r3, [r0, #36]
  51:Core/Src/usart.c ****   if (HAL_UART_Init(&huart1) != HAL_OK)
  73              		.loc 1 51 3 is_stmt 1 view .LVU21
  74              		.loc 1 51 7 is_stmt 0 view .LVU22
  75 0022 FFF7FEFF 		bl	HAL_UART_Init
  76              	.LVL0:
  77              		.loc 1 51 6 discriminator 1 view .LVU23
  78 0026 00B9     		cbnz	r0, .L4
  79              	.L1:
  52:Core/Src/usart.c ****   {
  53:Core/Src/usart.c ****     Error_Handler();
  54:Core/Src/usart.c ****   }
  55:Core/Src/usart.c ****   /* USER CODE BEGIN USART1_Init 2 */
  56:Core/Src/usart.c **** 
  57:Core/Src/usart.c ****   /* USER CODE END USART1_Init 2 */
  58:Core/Src/usart.c **** 
  59:Core/Src/usart.c **** }
  80              		.loc 1 59 1 view .LVU24
  81 0028 08BD     		pop	{r3, pc}
  82              	.L4:
  53:Core/Src/usart.c ****   }
  83              		.loc 1 53 5 is_stmt 1 view .LVU25
  84 002a FFF7FEFF 		bl	Error_Handler
  85              	.LVL1:
  86              		.loc 1 59 1 is_stmt 0 view .LVU26
  87 002e FBE7     		b	.L1
  88              	.L6:
  89              		.align	2
  90              	.L5:
  91 0030 00000000 		.word	huart1
  92 0034 00380140 		.word	1073821696
  93              		.cfi_endproc
  94              	.LFE228:
  96              		.section	.text.HAL_UART_MspInit,"ax",%progbits
  97              		.align	1
  98              		.global	HAL_UART_MspInit
  99              		.syntax unified
 100              		.thumb
 101              		.thumb_func
 103              	HAL_UART_MspInit:
 104              	.LVL2:
 105              	.LFB229:
  60:Core/Src/usart.c **** 
  61:Core/Src/usart.c **** void HAL_UART_MspInit(UART_HandleTypeDef* uartHandle)
  62:Core/Src/usart.c **** {
 106              		.loc 1 62 1 is_stmt 1 view -0
 107              		.cfi_startproc
 108              		@ args = 0, pretend = 0, frame = 168
 109              		@ frame_needed = 0, uses_anonymous_args = 0
 110              		.loc 1 62 1 is_stmt 0 view .LVU28
 111 0000 70B5     		push	{r4, r5, r6, lr}
ARM GAS  /var/folders/gv/t2w3mcd17yl2fynvjl120d0m0000gn/T//cc9wOF6s.s 			page 4


 112              	.LCFI1:
 113              		.cfi_def_cfa_offset 16
 114              		.cfi_offset 4, -16
 115              		.cfi_offset 5, -12
 116              		.cfi_offset 6, -8
 117              		.cfi_offset 14, -4
 118 0002 AAB0     		sub	sp, sp, #168
 119              	.LCFI2:
 120              		.cfi_def_cfa_offset 184
 121 0004 0446     		mov	r4, r0
  63:Core/Src/usart.c **** 
  64:Core/Src/usart.c ****   GPIO_InitTypeDef GPIO_InitStruct = {0};
 122              		.loc 1 64 3 is_stmt 1 view .LVU29
 123              		.loc 1 64 20 is_stmt 0 view .LVU30
 124 0006 0021     		movs	r1, #0
 125 0008 2591     		str	r1, [sp, #148]
 126 000a 2691     		str	r1, [sp, #152]
 127 000c 2791     		str	r1, [sp, #156]
 128 000e 2891     		str	r1, [sp, #160]
 129 0010 2991     		str	r1, [sp, #164]
  65:Core/Src/usart.c ****   RCC_PeriphCLKInitTypeDef PeriphClkInit = {0};
 130              		.loc 1 65 3 is_stmt 1 view .LVU31
 131              		.loc 1 65 28 is_stmt 0 view .LVU32
 132 0012 8822     		movs	r2, #136
 133 0014 03A8     		add	r0, sp, #12
 134              	.LVL3:
 135              		.loc 1 65 28 view .LVU33
 136 0016 FFF7FEFF 		bl	memset
 137              	.LVL4:
  66:Core/Src/usart.c ****   if(uartHandle->Instance==USART1)
 138              		.loc 1 66 3 is_stmt 1 view .LVU34
 139              		.loc 1 66 16 is_stmt 0 view .LVU35
 140 001a 2268     		ldr	r2, [r4]
 141              		.loc 1 66 5 view .LVU36
 142 001c 274B     		ldr	r3, .L13
 143 001e 9A42     		cmp	r2, r3
 144 0020 01D0     		beq	.L11
 145              	.LVL5:
 146              	.L7:
  67:Core/Src/usart.c ****   {
  68:Core/Src/usart.c ****   /* USER CODE BEGIN USART1_MspInit 0 */
  69:Core/Src/usart.c **** 
  70:Core/Src/usart.c ****   /* USER CODE END USART1_MspInit 0 */
  71:Core/Src/usart.c **** 
  72:Core/Src/usart.c ****   /** Initializes the peripherals clock
  73:Core/Src/usart.c ****   */
  74:Core/Src/usart.c ****     PeriphClkInit.PeriphClockSelection = RCC_PERIPHCLK_USART1;
  75:Core/Src/usart.c ****     PeriphClkInit.Usart1ClockSelection = RCC_USART1CLKSOURCE_PCLK2;
  76:Core/Src/usart.c ****     if (HAL_RCCEx_PeriphCLKConfig(&PeriphClkInit) != HAL_OK)
  77:Core/Src/usart.c ****     {
  78:Core/Src/usart.c ****       Error_Handler();
  79:Core/Src/usart.c ****     }
  80:Core/Src/usart.c **** 
  81:Core/Src/usart.c ****     /* USART1 clock enable */
  82:Core/Src/usart.c ****     __HAL_RCC_USART1_CLK_ENABLE();
  83:Core/Src/usart.c **** 
  84:Core/Src/usart.c ****     __HAL_RCC_GPIOA_CLK_ENABLE();
ARM GAS  /var/folders/gv/t2w3mcd17yl2fynvjl120d0m0000gn/T//cc9wOF6s.s 			page 5


  85:Core/Src/usart.c ****     __HAL_RCC_GPIOB_CLK_ENABLE();
  86:Core/Src/usart.c ****     /**USART1 GPIO Configuration
  87:Core/Src/usart.c ****     PA9     ------> USART1_TX
  88:Core/Src/usart.c ****     PB7     ------> USART1_RX
  89:Core/Src/usart.c ****     */
  90:Core/Src/usart.c ****     GPIO_InitStruct.Pin = GPIO_PIN_9;
  91:Core/Src/usart.c ****     GPIO_InitStruct.Mode = GPIO_MODE_AF_PP;
  92:Core/Src/usart.c ****     GPIO_InitStruct.Pull = GPIO_NOPULL;
  93:Core/Src/usart.c ****     GPIO_InitStruct.Speed = GPIO_SPEED_FREQ_VERY_HIGH;
  94:Core/Src/usart.c ****     GPIO_InitStruct.Alternate = GPIO_AF7_USART1;
  95:Core/Src/usart.c ****     HAL_GPIO_Init(GPIOA, &GPIO_InitStruct);
  96:Core/Src/usart.c **** 
  97:Core/Src/usart.c ****     GPIO_InitStruct.Pin = GPIO_PIN_7;
  98:Core/Src/usart.c ****     GPIO_InitStruct.Mode = GPIO_MODE_AF_PP;
  99:Core/Src/usart.c ****     GPIO_InitStruct.Pull = GPIO_PULLUP;
 100:Core/Src/usart.c ****     GPIO_InitStruct.Speed = GPIO_SPEED_FREQ_VERY_HIGH;
 101:Core/Src/usart.c ****     GPIO_InitStruct.Alternate = GPIO_AF7_USART1;
 102:Core/Src/usart.c ****     HAL_GPIO_Init(GPIOB, &GPIO_InitStruct);
 103:Core/Src/usart.c **** 
 104:Core/Src/usart.c ****     /* USART1 interrupt Init */
 105:Core/Src/usart.c ****     HAL_NVIC_SetPriority(USART1_IRQn, 0, 0);
 106:Core/Src/usart.c ****     HAL_NVIC_EnableIRQ(USART1_IRQn);
 107:Core/Src/usart.c ****   /* USER CODE BEGIN USART1_MspInit 1 */
 108:Core/Src/usart.c **** 
 109:Core/Src/usart.c ****   /* USER CODE END USART1_MspInit 1 */
 110:Core/Src/usart.c ****   }
 111:Core/Src/usart.c **** }
 147              		.loc 1 111 1 view .LVU37
 148 0022 2AB0     		add	sp, sp, #168
 149              	.LCFI3:
 150              		.cfi_remember_state
 151              		.cfi_def_cfa_offset 16
 152              		@ sp needed
 153 0024 70BD     		pop	{r4, r5, r6, pc}
 154              	.LVL6:
 155              	.L11:
 156              	.LCFI4:
 157              		.cfi_restore_state
  74:Core/Src/usart.c ****     PeriphClkInit.Usart1ClockSelection = RCC_USART1CLKSOURCE_PCLK2;
 158              		.loc 1 74 5 is_stmt 1 view .LVU38
  74:Core/Src/usart.c ****     PeriphClkInit.Usart1ClockSelection = RCC_USART1CLKSOURCE_PCLK2;
 159              		.loc 1 74 40 is_stmt 0 view .LVU39
 160 0026 0123     		movs	r3, #1
 161 0028 0393     		str	r3, [sp, #12]
  75:Core/Src/usart.c ****     if (HAL_RCCEx_PeriphCLKConfig(&PeriphClkInit) != HAL_OK)
 162              		.loc 1 75 5 is_stmt 1 view .LVU40
  76:Core/Src/usart.c ****     {
 163              		.loc 1 76 5 view .LVU41
  76:Core/Src/usart.c ****     {
 164              		.loc 1 76 9 is_stmt 0 view .LVU42
 165 002a 03A8     		add	r0, sp, #12
 166 002c FFF7FEFF 		bl	HAL_RCCEx_PeriphCLKConfig
 167              	.LVL7:
  76:Core/Src/usart.c ****     {
 168              		.loc 1 76 8 discriminator 1 view .LVU43
 169 0030 0028     		cmp	r0, #0
 170 0032 3FD1     		bne	.L12
ARM GAS  /var/folders/gv/t2w3mcd17yl2fynvjl120d0m0000gn/T//cc9wOF6s.s 			page 6


 171              	.L9:
  82:Core/Src/usart.c **** 
 172              		.loc 1 82 5 is_stmt 1 view .LVU44
 173              	.LBB2:
  82:Core/Src/usart.c **** 
 174              		.loc 1 82 5 view .LVU45
  82:Core/Src/usart.c **** 
 175              		.loc 1 82 5 view .LVU46
 176 0034 224B     		ldr	r3, .L13+4
 177 0036 1A6E     		ldr	r2, [r3, #96]
 178 0038 42F48042 		orr	r2, r2, #16384
 179 003c 1A66     		str	r2, [r3, #96]
  82:Core/Src/usart.c **** 
 180              		.loc 1 82 5 view .LVU47
 181 003e 1A6E     		ldr	r2, [r3, #96]
 182 0040 02F48042 		and	r2, r2, #16384
 183 0044 0092     		str	r2, [sp]
  82:Core/Src/usart.c **** 
 184              		.loc 1 82 5 view .LVU48
 185 0046 009A     		ldr	r2, [sp]
 186              	.LBE2:
  82:Core/Src/usart.c **** 
 187              		.loc 1 82 5 view .LVU49
  84:Core/Src/usart.c ****     __HAL_RCC_GPIOB_CLK_ENABLE();
 188              		.loc 1 84 5 view .LVU50
 189              	.LBB3:
  84:Core/Src/usart.c ****     __HAL_RCC_GPIOB_CLK_ENABLE();
 190              		.loc 1 84 5 view .LVU51
  84:Core/Src/usart.c ****     __HAL_RCC_GPIOB_CLK_ENABLE();
 191              		.loc 1 84 5 view .LVU52
 192 0048 DA6C     		ldr	r2, [r3, #76]
 193 004a 42F00102 		orr	r2, r2, #1
 194 004e DA64     		str	r2, [r3, #76]
  84:Core/Src/usart.c ****     __HAL_RCC_GPIOB_CLK_ENABLE();
 195              		.loc 1 84 5 view .LVU53
 196 0050 DA6C     		ldr	r2, [r3, #76]
 197 0052 02F00102 		and	r2, r2, #1
 198 0056 0192     		str	r2, [sp, #4]
  84:Core/Src/usart.c ****     __HAL_RCC_GPIOB_CLK_ENABLE();
 199              		.loc 1 84 5 view .LVU54
 200 0058 019A     		ldr	r2, [sp, #4]
 201              	.LBE3:
  84:Core/Src/usart.c ****     __HAL_RCC_GPIOB_CLK_ENABLE();
 202              		.loc 1 84 5 view .LVU55
  85:Core/Src/usart.c ****     /**USART1 GPIO Configuration
 203              		.loc 1 85 5 view .LVU56
 204              	.LBB4:
  85:Core/Src/usart.c ****     /**USART1 GPIO Configuration
 205              		.loc 1 85 5 view .LVU57
  85:Core/Src/usart.c ****     /**USART1 GPIO Configuration
 206              		.loc 1 85 5 view .LVU58
 207 005a DA6C     		ldr	r2, [r3, #76]
 208 005c 42F00202 		orr	r2, r2, #2
 209 0060 DA64     		str	r2, [r3, #76]
  85:Core/Src/usart.c ****     /**USART1 GPIO Configuration
 210              		.loc 1 85 5 view .LVU59
 211 0062 DB6C     		ldr	r3, [r3, #76]
ARM GAS  /var/folders/gv/t2w3mcd17yl2fynvjl120d0m0000gn/T//cc9wOF6s.s 			page 7


 212 0064 03F00203 		and	r3, r3, #2
 213 0068 0293     		str	r3, [sp, #8]
  85:Core/Src/usart.c ****     /**USART1 GPIO Configuration
 214              		.loc 1 85 5 view .LVU60
 215 006a 029B     		ldr	r3, [sp, #8]
 216              	.LBE4:
  85:Core/Src/usart.c ****     /**USART1 GPIO Configuration
 217              		.loc 1 85 5 view .LVU61
  90:Core/Src/usart.c ****     GPIO_InitStruct.Mode = GPIO_MODE_AF_PP;
 218              		.loc 1 90 5 view .LVU62
  90:Core/Src/usart.c ****     GPIO_InitStruct.Mode = GPIO_MODE_AF_PP;
 219              		.loc 1 90 25 is_stmt 0 view .LVU63
 220 006c 4FF40073 		mov	r3, #512
 221 0070 2593     		str	r3, [sp, #148]
  91:Core/Src/usart.c ****     GPIO_InitStruct.Pull = GPIO_NOPULL;
 222              		.loc 1 91 5 is_stmt 1 view .LVU64
  91:Core/Src/usart.c ****     GPIO_InitStruct.Pull = GPIO_NOPULL;
 223              		.loc 1 91 26 is_stmt 0 view .LVU65
 224 0072 0224     		movs	r4, #2
 225              	.LVL8:
  91:Core/Src/usart.c ****     GPIO_InitStruct.Pull = GPIO_NOPULL;
 226              		.loc 1 91 26 view .LVU66
 227 0074 2694     		str	r4, [sp, #152]
  92:Core/Src/usart.c ****     GPIO_InitStruct.Speed = GPIO_SPEED_FREQ_VERY_HIGH;
 228              		.loc 1 92 5 is_stmt 1 view .LVU67
  92:Core/Src/usart.c ****     GPIO_InitStruct.Speed = GPIO_SPEED_FREQ_VERY_HIGH;
 229              		.loc 1 92 26 is_stmt 0 view .LVU68
 230 0076 0023     		movs	r3, #0
 231 0078 2793     		str	r3, [sp, #156]
  93:Core/Src/usart.c ****     GPIO_InitStruct.Alternate = GPIO_AF7_USART1;
 232              		.loc 1 93 5 is_stmt 1 view .LVU69
  93:Core/Src/usart.c ****     GPIO_InitStruct.Alternate = GPIO_AF7_USART1;
 233              		.loc 1 93 27 is_stmt 0 view .LVU70
 234 007a 0325     		movs	r5, #3
 235 007c 2895     		str	r5, [sp, #160]
  94:Core/Src/usart.c ****     HAL_GPIO_Init(GPIOA, &GPIO_InitStruct);
 236              		.loc 1 94 5 is_stmt 1 view .LVU71
  94:Core/Src/usart.c ****     HAL_GPIO_Init(GPIOA, &GPIO_InitStruct);
 237              		.loc 1 94 31 is_stmt 0 view .LVU72
 238 007e 0726     		movs	r6, #7
 239 0080 2996     		str	r6, [sp, #164]
  95:Core/Src/usart.c **** 
 240              		.loc 1 95 5 is_stmt 1 view .LVU73
 241 0082 25A9     		add	r1, sp, #148
 242 0084 4FF09040 		mov	r0, #1207959552
 243 0088 FFF7FEFF 		bl	HAL_GPIO_Init
 244              	.LVL9:
  97:Core/Src/usart.c ****     GPIO_InitStruct.Mode = GPIO_MODE_AF_PP;
 245              		.loc 1 97 5 view .LVU74
  97:Core/Src/usart.c ****     GPIO_InitStruct.Mode = GPIO_MODE_AF_PP;
 246              		.loc 1 97 25 is_stmt 0 view .LVU75
 247 008c 8023     		movs	r3, #128
 248 008e 2593     		str	r3, [sp, #148]
  98:Core/Src/usart.c ****     GPIO_InitStruct.Pull = GPIO_PULLUP;
 249              		.loc 1 98 5 is_stmt 1 view .LVU76
  98:Core/Src/usart.c ****     GPIO_InitStruct.Pull = GPIO_PULLUP;
 250              		.loc 1 98 26 is_stmt 0 view .LVU77
ARM GAS  /var/folders/gv/t2w3mcd17yl2fynvjl120d0m0000gn/T//cc9wOF6s.s 			page 8


 251 0090 2694     		str	r4, [sp, #152]
  99:Core/Src/usart.c ****     GPIO_InitStruct.Speed = GPIO_SPEED_FREQ_VERY_HIGH;
 252              		.loc 1 99 5 is_stmt 1 view .LVU78
  99:Core/Src/usart.c ****     GPIO_InitStruct.Speed = GPIO_SPEED_FREQ_VERY_HIGH;
 253              		.loc 1 99 26 is_stmt 0 view .LVU79
 254 0092 0123     		movs	r3, #1
 255 0094 2793     		str	r3, [sp, #156]
 100:Core/Src/usart.c ****     GPIO_InitStruct.Alternate = GPIO_AF7_USART1;
 256              		.loc 1 100 5 is_stmt 1 view .LVU80
 100:Core/Src/usart.c ****     GPIO_InitStruct.Alternate = GPIO_AF7_USART1;
 257              		.loc 1 100 27 is_stmt 0 view .LVU81
 258 0096 2895     		str	r5, [sp, #160]
 101:Core/Src/usart.c ****     HAL_GPIO_Init(GPIOB, &GPIO_InitStruct);
 259              		.loc 1 101 5 is_stmt 1 view .LVU82
 101:Core/Src/usart.c ****     HAL_GPIO_Init(GPIOB, &GPIO_InitStruct);
 260              		.loc 1 101 31 is_stmt 0 view .LVU83
 261 0098 2996     		str	r6, [sp, #164]
 102:Core/Src/usart.c **** 
 262              		.loc 1 102 5 is_stmt 1 view .LVU84
 263 009a 25A9     		add	r1, sp, #148
 264 009c 0948     		ldr	r0, .L13+8
 265 009e FFF7FEFF 		bl	HAL_GPIO_Init
 266              	.LVL10:
 105:Core/Src/usart.c ****     HAL_NVIC_EnableIRQ(USART1_IRQn);
 267              		.loc 1 105 5 view .LVU85
 268 00a2 0022     		movs	r2, #0
 269 00a4 1146     		mov	r1, r2
 270 00a6 2520     		movs	r0, #37
 271 00a8 FFF7FEFF 		bl	HAL_NVIC_SetPriority
 272              	.LVL11:
 106:Core/Src/usart.c ****   /* USER CODE BEGIN USART1_MspInit 1 */
 273              		.loc 1 106 5 view .LVU86
 274 00ac 2520     		movs	r0, #37
 275 00ae FFF7FEFF 		bl	HAL_NVIC_EnableIRQ
 276              	.LVL12:
 277              		.loc 1 111 1 is_stmt 0 view .LVU87
 278 00b2 B6E7     		b	.L7
 279              	.LVL13:
 280              	.L12:
  78:Core/Src/usart.c ****     }
 281              		.loc 1 78 7 is_stmt 1 view .LVU88
 282 00b4 FFF7FEFF 		bl	Error_Handler
 283              	.LVL14:
 284 00b8 BCE7     		b	.L9
 285              	.L14:
 286 00ba 00BF     		.align	2
 287              	.L13:
 288 00bc 00380140 		.word	1073821696
 289 00c0 00100240 		.word	1073876992
 290 00c4 00040048 		.word	1207960576
 291              		.cfi_endproc
 292              	.LFE229:
 294              		.section	.text.HAL_UART_MspDeInit,"ax",%progbits
 295              		.align	1
 296              		.global	HAL_UART_MspDeInit
 297              		.syntax unified
 298              		.thumb
ARM GAS  /var/folders/gv/t2w3mcd17yl2fynvjl120d0m0000gn/T//cc9wOF6s.s 			page 9


 299              		.thumb_func
 301              	HAL_UART_MspDeInit:
 302              	.LVL15:
 303              	.LFB230:
 112:Core/Src/usart.c **** 
 113:Core/Src/usart.c **** void HAL_UART_MspDeInit(UART_HandleTypeDef* uartHandle)
 114:Core/Src/usart.c **** {
 304              		.loc 1 114 1 view -0
 305              		.cfi_startproc
 306              		@ args = 0, pretend = 0, frame = 0
 307              		@ frame_needed = 0, uses_anonymous_args = 0
 308              		.loc 1 114 1 is_stmt 0 view .LVU90
 309 0000 08B5     		push	{r3, lr}
 310              	.LCFI5:
 311              		.cfi_def_cfa_offset 8
 312              		.cfi_offset 3, -8
 313              		.cfi_offset 14, -4
 115:Core/Src/usart.c **** 
 116:Core/Src/usart.c ****   if(uartHandle->Instance==USART1)
 314              		.loc 1 116 3 is_stmt 1 view .LVU91
 315              		.loc 1 116 16 is_stmt 0 view .LVU92
 316 0002 0268     		ldr	r2, [r0]
 317              		.loc 1 116 5 view .LVU93
 318 0004 0B4B     		ldr	r3, .L19
 319 0006 9A42     		cmp	r2, r3
 320 0008 00D0     		beq	.L18
 321              	.LVL16:
 322              	.L15:
 117:Core/Src/usart.c ****   {
 118:Core/Src/usart.c ****   /* USER CODE BEGIN USART1_MspDeInit 0 */
 119:Core/Src/usart.c **** 
 120:Core/Src/usart.c ****   /* USER CODE END USART1_MspDeInit 0 */
 121:Core/Src/usart.c ****     /* Peripheral clock disable */
 122:Core/Src/usart.c ****     __HAL_RCC_USART1_CLK_DISABLE();
 123:Core/Src/usart.c **** 
 124:Core/Src/usart.c ****     /**USART1 GPIO Configuration
 125:Core/Src/usart.c ****     PA9     ------> USART1_TX
 126:Core/Src/usart.c ****     PB7     ------> USART1_RX
 127:Core/Src/usart.c ****     */
 128:Core/Src/usart.c ****     HAL_GPIO_DeInit(GPIOA, GPIO_PIN_9);
 129:Core/Src/usart.c **** 
 130:Core/Src/usart.c ****     HAL_GPIO_DeInit(GPIOB, GPIO_PIN_7);
 131:Core/Src/usart.c **** 
 132:Core/Src/usart.c ****     /* USART1 interrupt Deinit */
 133:Core/Src/usart.c ****     HAL_NVIC_DisableIRQ(USART1_IRQn);
 134:Core/Src/usart.c ****   /* USER CODE BEGIN USART1_MspDeInit 1 */
 135:Core/Src/usart.c **** 
 136:Core/Src/usart.c ****   /* USER CODE END USART1_MspDeInit 1 */
 137:Core/Src/usart.c ****   }
 138:Core/Src/usart.c **** }
 323              		.loc 1 138 1 view .LVU94
 324 000a 08BD     		pop	{r3, pc}
 325              	.LVL17:
 326              	.L18:
 122:Core/Src/usart.c **** 
 327              		.loc 1 122 5 is_stmt 1 view .LVU95
 328 000c 0A4A     		ldr	r2, .L19+4
ARM GAS  /var/folders/gv/t2w3mcd17yl2fynvjl120d0m0000gn/T//cc9wOF6s.s 			page 10


 329 000e 136E     		ldr	r3, [r2, #96]
 330 0010 23F48043 		bic	r3, r3, #16384
 331 0014 1366     		str	r3, [r2, #96]
 128:Core/Src/usart.c **** 
 332              		.loc 1 128 5 view .LVU96
 333 0016 4FF40071 		mov	r1, #512
 334 001a 4FF09040 		mov	r0, #1207959552
 335              	.LVL18:
 128:Core/Src/usart.c **** 
 336              		.loc 1 128 5 is_stmt 0 view .LVU97
 337 001e FFF7FEFF 		bl	HAL_GPIO_DeInit
 338              	.LVL19:
 130:Core/Src/usart.c **** 
 339              		.loc 1 130 5 is_stmt 1 view .LVU98
 340 0022 8021     		movs	r1, #128
 341 0024 0548     		ldr	r0, .L19+8
 342 0026 FFF7FEFF 		bl	HAL_GPIO_DeInit
 343              	.LVL20:
 133:Core/Src/usart.c ****   /* USER CODE BEGIN USART1_MspDeInit 1 */
 344              		.loc 1 133 5 view .LVU99
 345 002a 2520     		movs	r0, #37
 346 002c FFF7FEFF 		bl	HAL_NVIC_DisableIRQ
 347              	.LVL21:
 348              		.loc 1 138 1 is_stmt 0 view .LVU100
 349 0030 EBE7     		b	.L15
 350              	.L20:
 351 0032 00BF     		.align	2
 352              	.L19:
 353 0034 00380140 		.word	1073821696
 354 0038 00100240 		.word	1073876992
 355 003c 00040048 		.word	1207960576
 356              		.cfi_endproc
 357              	.LFE230:
 359              		.global	huart1
 360              		.section	.bss.huart1,"aw",%nobits
 361              		.align	2
 364              	huart1:
 365 0000 00000000 		.space	136
 365      00000000 
 365      00000000 
 365      00000000 
 365      00000000 
 366              		.text
 367              	.Letext0:
 368              		.file 2 "Drivers/CMSIS/Device/ST/STM32L4xx/Include/stm32l476xx.h"
 369              		.file 3 "/Applications/ArmGNUToolchain/15.2.rel1/arm-none-eabi/arm-none-eabi/include/machine/_defa
 370              		.file 4 "/Applications/ArmGNUToolchain/15.2.rel1/arm-none-eabi/arm-none-eabi/include/sys/_stdint.h
 371              		.file 5 "Drivers/STM32L4xx_HAL_Driver/Inc/stm32l4xx_hal_def.h"
 372              		.file 6 "Drivers/STM32L4xx_HAL_Driver/Inc/stm32l4xx_hal_rcc_ex.h"
 373              		.file 7 "Drivers/STM32L4xx_HAL_Driver/Inc/stm32l4xx_hal_gpio.h"
 374              		.file 8 "Drivers/STM32L4xx_HAL_Driver/Inc/stm32l4xx_hal_dma.h"
 375              		.file 9 "Drivers/STM32L4xx_HAL_Driver/Inc/stm32l4xx_hal_uart.h"
 376              		.file 10 "Drivers/STM32L4xx_HAL_Driver/Inc/stm32l4xx_hal_cortex.h"
 377              		.file 11 "Drivers/STM32L4xx_HAL_Driver/Inc/stm32l4xx_ll_dma.h"
 378              		.file 12 "Core/Inc/usart.h"
 379              		.file 13 "Core/Inc/main.h"
 380              		.file 14 "<built-in>"
ARM GAS  /var/folders/gv/t2w3mcd17yl2fynvjl120d0m0000gn/T//cc9wOF6s.s 			page 11


ARM GAS  /var/folders/gv/t2w3mcd17yl2fynvjl120d0m0000gn/T//cc9wOF6s.s 			page 12


DEFINED SYMBOLS
                            *ABS*:00000000 usart.c
/var/folders/gv/t2w3mcd17yl2fynvjl120d0m0000gn/T//cc9wOF6s.s:21     .text.MX_USART1_UART_Init:00000000 $t
/var/folders/gv/t2w3mcd17yl2fynvjl120d0m0000gn/T//cc9wOF6s.s:27     .text.MX_USART1_UART_Init:00000000 MX_USART1_UART_Init
/var/folders/gv/t2w3mcd17yl2fynvjl120d0m0000gn/T//cc9wOF6s.s:91     .text.MX_USART1_UART_Init:00000030 $d
/var/folders/gv/t2w3mcd17yl2fynvjl120d0m0000gn/T//cc9wOF6s.s:364    .bss.huart1:00000000 huart1
/var/folders/gv/t2w3mcd17yl2fynvjl120d0m0000gn/T//cc9wOF6s.s:97     .text.HAL_UART_MspInit:00000000 $t
/var/folders/gv/t2w3mcd17yl2fynvjl120d0m0000gn/T//cc9wOF6s.s:103    .text.HAL_UART_MspInit:00000000 HAL_UART_MspInit
/var/folders/gv/t2w3mcd17yl2fynvjl120d0m0000gn/T//cc9wOF6s.s:288    .text.HAL_UART_MspInit:000000bc $d
/var/folders/gv/t2w3mcd17yl2fynvjl120d0m0000gn/T//cc9wOF6s.s:295    .text.HAL_UART_MspDeInit:00000000 $t
/var/folders/gv/t2w3mcd17yl2fynvjl120d0m0000gn/T//cc9wOF6s.s:301    .text.HAL_UART_MspDeInit:00000000 HAL_UART_MspDeInit
/var/folders/gv/t2w3mcd17yl2fynvjl120d0m0000gn/T//cc9wOF6s.s:353    .text.HAL_UART_MspDeInit:00000034 $d
/var/folders/gv/t2w3mcd17yl2fynvjl120d0m0000gn/T//cc9wOF6s.s:361    .bss.huart1:00000000 $d

UNDEFINED SYMBOLS
HAL_UART_Init
Error_Handler
memset
HAL_RCCEx_PeriphCLKConfig
HAL_GPIO_Init
HAL_NVIC_SetPriority
HAL_NVIC_EnableIRQ
HAL_GPIO_DeInit
HAL_NVIC_DisableIRQ
